#
# A fatal error has been detected by the Java Runtime Environment:
#
#  EXCEPTION_ACCESS_VIOLATION (0xc0000005) at pc=0x59255738, pid=4064, tid=0x00000870
#
# JRE version: Java(TM) SE Runtime Environment (8.0_102-b14) (build 1.8.0_102-b14)
# Java VM: Java HotSpot(TM) Client VM (25.102-b14 mixed mode windows-x86 )
# Problematic frame:
# C  [ig4icd32.dll+0x415738]
#
# Failed to write core dump. Minidumps are not enabled by default on client versions of Windows
#
# If you would like to submit a bug report, please visit:
#   http://bugreport.java.com/bugreport/crash.jsp
# The crash happened outside the Java Virtual Machine in native code.
# See problematic frame for where to report the bug.
#

---------------  T H R E A D  ---------------

Current thread (0x006de800):  JavaThread "Client thread" [_thread_in_native, id=2160, stack(0x00570000,0x005c0000)]

siginfo: ExceptionCode=0xc0000005, reading address 0x67756c50

Registers:
EAX=0x67756c50, EBX=0x4a390080, ECX=0x4a390080, EDX=0x00000100
ESP=0x005beba4, EBP=0x4a390080, ESI=0x0039f588, EDI=0x00000001
EIP=0x59255738, EFLAGS=0x00010206

Top of Stack: (sp=0x005beba4)
0x005beba4:   00000001 4a390080 00000000 59257aac
0x005bebb4:   00000001 4a390080 00000003 592579fd
0x005bebc4:   00000100 00000001 7bb77c40 4a390080
0x005bebd4:   592556cf 00000001 00000001 7bb77c40
0x005bebe4:   4a390080 4a392b70 00000001 59280196
0x005bebf4:   00000001 00000001 4a4187c0 00000080
0x005bec04:   00000001 00000000 7bb77d48 4a393b14
0x005bec14:   00000001 7bb77d48 58ece7ec 006de800 

Instructions: (pc=0x59255738)
0x59255718:   30 02 00 00 00 75 0c 8b 36 85 f6 75 eb 5f 5e 32
0x59255728:   c0 5b c3 8b 86 30 02 00 00 85 c0 74 0e 8b 40 40
0x59255738:   83 38 00 75 e8 80 78 0c 00 74 e2 8b d6 e8 16 02
0x59255748:   00 00 6a 01 53 8d 8e 60 02 00 00 e8 b8 54 bf ff 


Register to memory mapping:

EAX=0x67756c50 is an unknown value
EBX=0x4a390080 is an unknown value
ECX=0x4a390080 is an unknown value
EDX=0x00000100 is an unknown value
ESP=0x005beba4 is pointing into the stack for thread: 0x006de800
EBP=0x4a390080 is an unknown value
ESI=0x0039f588 is an unknown value
EDI=0x00000001 is an unknown value


Stack: [0x00570000,0x005c0000],  sp=0x005beba4,  free space=314k
Native frames: (J=compiled Java code, j=interpreted, Vv=VM code, C=native code)
C  [ig4icd32.dll+0x415738]

Java frames: (J=compiled Java code, j=interpreted, Vv=VM code)
J 1861  org.lwjgl.opengl.GL11.nglBegin(IJ)V (0 bytes) @ 0x01f91a6b [0x01f91a20+0x4b]
J 4218 C1 net.minecraft.client.gui.FontRenderer.func_78277_a(CZ)F (278 bytes) @ 0x01c9f2dc [0x01c9f0c0+0x21c]
J 1867 C1 net.minecraft.client.gui.FontRenderer.func_78278_a(ICZ)F (67 bytes) @ 0x01f95a28 [0x01f95990+0x98]
J 1865 C1 net.minecraft.client.gui.FontRenderer.func_78255_a(Ljava/lang/String;Z)V (614 bytes) @ 0x01f92cf8 [0x01f92b00+0x1f8]
J 2026 C1 net.minecraft.client.gui.FontRenderer.func_78258_a(Ljava/lang/String;IIIZ)I (172 bytes) @ 0x01fd7cb4 [0x01fd7a90+0x224]
J 2023 C1 net.minecraft.client.gui.FontRenderer.func_85187_a(Ljava/lang/String;IIIZ)I (64 bytes) @ 0x01fd69e8 [0x01fd68c0+0x128]
J 4258 C1 net.minecraft.client.gui.FontRenderer.func_78261_a(Ljava/lang/String;III)I (11 bytes) @ 0x0205c180 [0x0205c140+0x40]
J 4267 C1 net.minecraft.client.gui.GuiButton.func_146112_a(Lnet/minecraft/client/Minecraft;II)V (285 bytes) @ 0x02034f04 [0x02034a30+0x4d4]
J 4260 C1 net.minecraft.client.gui.GuiScreen.func_73863_a(IIF)V (93 bytes) @ 0x020312f0 [0x02031260+0x90]
j  net.minecraft.client.gui.GuiControls.func_73863_a(IIF)V+116
J 7034 C1 net.minecraft.client.renderer.EntityRenderer.func_78480_b(F)V (1446 bytes) @ 0x02528b84 [0x025268e0+0x22a4]
J 6123 C1 net.minecraft.client.Minecraft.func_71411_J()V (773 bytes) @ 0x02386224 [0x023859b0+0x874]
j  net.minecraft.client.Minecraft.func_99999_d()V+61
j  net.minecraft.client.main.Main.main([Ljava/lang/String;)V+1012
v  ~StubRoutines::call_stub
j  sun.reflect.NativeMethodAccessorImpl.invoke0(Ljava/lang/reflect/Method;Ljava/lang/Object;[Ljava/lang/Object;)Ljava/lang/Object;+0
j  sun.reflect.NativeMethodAccessorImpl.invoke(Ljava/lang/Object;[Ljava/lang/Object;)Ljava/lang/Object;+100
j  sun.reflect.DelegatingMethodAccessorImpl.invoke(Ljava/lang/Object;[Ljava/lang/Object;)Ljava/lang/Object;+6
j  java.lang.reflect.Method.invoke(Ljava/lang/Object;[Ljava/lang/Object;)Ljava/lang/Object;+56
j  net.minecraft.launchwrapper.Launch.launch([Ljava/lang/String;)V+661
j  net.minecraft.launchwrapper.Launch.main([Ljava/lang/String;)V+8
v  ~StubRoutines::call_stub

---------------  P R O C E S S  ---------------

Java Threads: ( => current thread )
  0x534cdc00 JavaThread "File IO Thread" [_thread_blocked, id=2900, stack(0x4fb00000,0x4fb50000)]
  0x5dd99400 JavaThread "Netty IO #1" daemon [_thread_in_native, id=1056, stack(0x514a0000,0x514f0000)]
  0x5dd98c00 JavaThread "Netty Client IO #0" daemon [_thread_in_native, id=4868, stack(0x4f630000,0x4f680000)]
  0x534cd400 JavaThread "Netty IO #0" daemon [_thread_in_native, id=7980, stack(0x51250000,0x512a0000)]
  0x534cd000 JavaThread "Armourer's Workshop Server Skin Thread" [_thread_blocked, id=3772, stack(0x4f690000,0x4f6e0000)]
  0x534cc800 JavaThread "Thread-18" daemon [_thread_blocked, id=5364, stack(0x4b9a0000,0x4b9f0000)]
  0x534cc000 JavaThread "Timer-0" [_thread_blocked, id=6188, stack(0x4e410000,0x4e460000)]
  0x534cbc00 JavaThread "Server thread" [_thread_blocked, id=6268, stack(0x4f490000,0x4f4e0000)]
  0x534ca400 JavaThread "Snooper Timer" daemon [_thread_blocked, id=6108, stack(0x4d940000,0x4d990000)]
  0x534cb400 JavaThread "Thread-15" [_thread_blocked, id=7152, stack(0x588e0000,0x58930000)]
  0x534cb000 JavaThread "Thread-14" [_thread_blocked, id=7816, stack(0x4f8e0000,0x4f930000)]
  0x534ca800 JavaThread "Thread-13" daemon [_thread_blocked, id=2932, stack(0x4d4d0000,0x4d520000)]
  0x4bfa4400 JavaThread "LWJGL Timer" daemon [_thread_blocked, id=3480, stack(0x4f940000,0x4f990000)]
  0x47b6f800 JavaThread "Java2D Disposer" daemon [_thread_blocked, id=7436, stack(0x48420000,0x48470000)]
  0x47199000 JavaThread "Timer hack thread" daemon [_thread_blocked, id=4192, stack(0x482f0000,0x48340000)]
  0x47f58c00 JavaThread "Snooper Timer" daemon [_thread_blocked, id=7388, stack(0x47050000,0x470a0000)]
  0x469f9000 JavaThread "Service Thread" daemon [_thread_blocked, id=3420, stack(0x470c0000,0x47110000)]
  0x469cac00 JavaThread "C1 CompilerThread0" daemon [_thread_blocked, id=7536, stack(0x46e70000,0x46ec0000)]
  0x469c7800 JavaThread "Attach Listener" daemon [_thread_blocked, id=5464, stack(0x46f60000,0x46fb0000)]
  0x469c4c00 JavaThread "Signal Dispatcher" daemon [_thread_blocked, id=5568, stack(0x46fe0000,0x47030000)]
  0x469c4000 JavaThread "Surrogate Locker Thread (Concurrent GC)" daemon [_thread_blocked, id=3116, stack(0x46ec0000,0x46f10000)]
  0x469ab400 JavaThread "Finalizer" daemon [_thread_blocked, id=7076, stack(0x03db0000,0x03e00000)]
  0x469a5000 JavaThread "Reference Handler" daemon [_thread_blocked, id=3208, stack(0x03e80000,0x03ed0000)]
=>0x006de800 JavaThread "Client thread" [_thread_in_native, id=2160, stack(0x00570000,0x005c0000)]

Other Threads:
  0x469a1c00 VMThread [stack: 0x03f50000,0x03fa0000] [id=7120]
  0x47160c00 WatcherThread [stack: 0x47560000,0x475b0000] [id=6716]

VM state:not at safepoint (normal execution)

VM Mutex/Monitor currently owned by a thread: None

Heap:
 garbage-first heap   total 565248K, used 370097K [0x04000000, 0x041008a0, 0x44000000)
  region size 1024K, 189 young (193536K), 10 survivors (10240K)
 Metaspace       used 37418K, capacity 38436K, committed 38528K, reserved 39296K

Heap Regions: (Y=young(eden), SU=young(survivor), HS=humongous(starts), HC=humongous(continues), CS=collection set, F=free, TS=gc time stamp, PTAMS=previous top-at-mark-start, NTAMS=next top-at-mark-start)
AC   0  O    TS     0 PTAMS 0x040fffb0 NTAMS 0x040fffb0 space 1024K,  99% used [0x04000000, 0x04100000)
AC   0  O    TS     0 PTAMS 0x041ffff0 NTAMS 0x041ffff0 space 1024K,  99% used [0x04100000, 0x04200000)
AC   0  O    TS     0 PTAMS 0x042ff428 NTAMS 0x042ff428 space 1024K,  99% used [0x04200000, 0x04300000)
AC   0  O    TS     0 PTAMS 0x043fffe8 NTAMS 0x043fffe8 space 1024K,  99% used [0x04300000, 0x04400000)
AC   0  O    TS     0 PTAMS 0x044ffff0 NTAMS 0x044ffff0 space 1024K,  99% used [0x04400000, 0x04500000)
AC   0  O    TS     0 PTAMS 0x045fffe8 NTAMS 0x045fffe8 space 1024K,  99% used [0x04500000, 0x04600000)
AC   0  O    TS     0 PTAMS 0x046ffff0 NTAMS 0x046ffff0 space 1024K,  99% used [0x04600000, 0x04700000)
AC   0  O    TS     0 PTAMS 0x047fffa8 NTAMS 0x047fffa8 space 1024K,  99% used [0x04700000, 0x04800000)
AC   0  O    TS     0 PTAMS 0x048ffff8 NTAMS 0x048ffff8 space 1024K,  99% used [0x04800000, 0x04900000)
AC   0  O    TS     0 PTAMS 0x049fee08 NTAMS 0x049fee08 space 1024K,  99% used [0x04900000, 0x04a00000)
AC   0  O    TS     0 PTAMS 0x04afff70 NTAMS 0x04afff70 space 1024K,  99% used [0x04a00000, 0x04b00000)
AC   0  O    TS     0 PTAMS 0x04bfd708 NTAMS 0x04bfd708 space 1024K,  98% used [0x04b00000, 0x04c00000)
AC   0  O    TS     0 PTAMS 0x04cfdb80 NTAMS 0x04cfdb80 space 1024K,  99% used [0x04c00000, 0x04d00000)
AC   0  O    TS     0 PTAMS 0x04dffff8 NTAMS 0x04dffff8 space 1024K,  99% used [0x04d00000, 0x04e00000)
AC   0  O    TS     0 PTAMS 0x04ee5760 NTAMS 0x04ee5760 space 1024K,  89% used [0x04e00000, 0x04f00000)
AC   0  O    TS     0 PTAMS 0x04fffbc8 NTAMS 0x04fffbc8 space 1024K,  99% used [0x04f00000, 0x05000000)
AC   0  O    TS     0 PTAMS 0x050fff10 NTAMS 0x050fff10 space 1024K,  99% used [0x05000000, 0x05100000)
AC   0  O    TS     0 PTAMS 0x051ff940 NTAMS 0x051ff940 space 1024K,  99% used [0x05100000, 0x05200000)
AC   0  O    TS     0 PTAMS 0x05300000 NTAMS 0x05300000 space 1024K, 100% used [0x05200000, 0x05300000)
AC   0  O    TS     0 PTAMS 0x053ffd50 NTAMS 0x053ffd50 space 1024K,  99% used [0x05300000, 0x05400000)
AC   0  O    TS     0 PTAMS 0x054ff900 NTAMS 0x054ff900 space 1024K,  99% used [0x05400000, 0x05500000)
AC   0  O    TS     0 PTAMS 0x055ffff8 NTAMS 0x055ffff8 space 1024K,  99% used [0x05500000, 0x05600000)
AC   0  O    TS     0 PTAMS 0x056fffd8 NTAMS 0x056fffd8 space 1024K,  99% used [0x05600000, 0x05700000)
AC   0  O    TS     0 PTAMS 0x057ffc30 NTAMS 0x057ffc30 space 1024K,  99% used [0x05700000, 0x05800000)
AC   0  O    TS     0 PTAMS 0x05900000 NTAMS 0x05900000 space 1024K, 100% used [0x05800000, 0x05900000)
AC   0  O    TS     0 PTAMS 0x059fffe8 NTAMS 0x059fffe8 space 1024K,  99% used [0x05900000, 0x05a00000)
AC   0  O    TS     0 PTAMS 0x05afb3f8 NTAMS 0x05afb3f8 space 1024K,  98% used [0x05a00000, 0x05b00000)
AC   0  O    TS     0 PTAMS 0x05bff268 NTAMS 0x05bff268 space 1024K,  99% used [0x05b00000, 0x05c00000)
AC   0  O    TS     0 PTAMS 0x05cffeb0 NTAMS 0x05cffeb0 space 1024K,  99% used [0x05c00000, 0x05d00000)
AC   0  O    TS     0 PTAMS 0x05dffff8 NTAMS 0x05dffff8 space 1024K,  99% used [0x05d00000, 0x05e00000)
AC   0  O    TS     0 PTAMS 0x05eff890 NTAMS 0x05eff890 space 1024K,  99% used [0x05e00000, 0x05f00000)
AC   0  O    TS     0 PTAMS 0x05fe1938 NTAMS 0x05fe1938 space 1024K,  88% used [0x05f00000, 0x06000000)
AC   0  O    TS     0 PTAMS 0x060fffe8 NTAMS 0x060fffe8 space 1024K,  99% used [0x06000000, 0x06100000)
AC   0  O    TS     0 PTAMS 0x061fef68 NTAMS 0x061fef68 space 1024K,  99% used [0x06100000, 0x06200000)
AC   0  O    TS     0 PTAMS 0x06300000 NTAMS 0x06300000 space 1024K, 100% used [0x06200000, 0x06300000)
AC   0  O    TS     0 PTAMS 0x063f5c30 NTAMS 0x063f5c30 space 1024K,  96% used [0x06300000, 0x06400000)
AC   0  O    TS     0 PTAMS 0x064ffff8 NTAMS 0x064ffff8 space 1024K,  99% used [0x06400000, 0x06500000)
AC   0  O    TS     0 PTAMS 0x06600000 NTAMS 0x06600000 space 1024K, 100% used [0x06500000, 0x06600000)
AC   0  O    TS     0 PTAMS 0x066fff30 NTAMS 0x066fff30 space 1024K,  99% used [0x06600000, 0x06700000)
AC   0  O    TS     0 PTAMS 0x067ffd28 NTAMS 0x067ffd28 space 1024K,  99% used [0x06700000, 0x06800000)
AC   0  O    TS     0 PTAMS 0x068fffe0 NTAMS 0x068fffe0 space 1024K,  99% used [0x06800000, 0x06900000)
AC   0  O    TS     0 PTAMS 0x069fe880 NTAMS 0x069fe880 space 1024K,  99% used [0x06900000, 0x06a00000)
AC   0  O    TS     0 PTAMS 0x06afac98 NTAMS 0x06afac98 space 1024K,  97% used [0x06a00000, 0x06b00000)
AC   0  O    TS     0 PTAMS 0x06bfff18 NTAMS 0x06bfff18 space 1024K,  99% used [0x06b00000, 0x06c00000)
AC   0  O    TS     0 PTAMS 0x06cfff80 NTAMS 0x06cfff80 space 1024K,  99% used [0x06c00000, 0x06d00000)
AC   0  O    TS     0 PTAMS 0x06dffce8 NTAMS 0x06dffce8 space 1024K,  99% used [0x06d00000, 0x06e00000)
AC   0  O    TS     0 PTAMS 0x06f00000 NTAMS 0x06f00000 space 1024K, 100% used [0x06e00000, 0x06f00000)
AC   0  O    TS     0 PTAMS 0x07000000 NTAMS 0x07000000 space 1024K, 100% used [0x06f00000, 0x07000000)
AC   0  O    TS     0 PTAMS 0x070fffc0 NTAMS 0x070fffc0 space 1024K,  99% used [0x07000000, 0x07100000)
AC   0  O    TS     0 PTAMS 0x071ffff8 NTAMS 0x071ffff8 space 1024K,  99% used [0x07100000, 0x07200000)
AC   0  O    TS     0 PTAMS 0x072ff748 NTAMS 0x072ff748 space 1024K,  99% used [0x07200000, 0x07300000)
AC   0  O    TS     0 PTAMS 0x073fe400 NTAMS 0x073fe400 space 1024K,  99% used [0x07300000, 0x07400000)
AC   0  O    TS     0 PTAMS 0x074fffc8 NTAMS 0x074fffc8 space 1024K,  99% used [0x07400000, 0x07500000)
AC   0  O    TS     0 PTAMS 0x075fdff0 NTAMS 0x075fdff0 space 1024K,  99% used [0x07500000, 0x07600000)
AC   0 HS    TS     0 PTAMS 0x08000010 NTAMS 0x08000010 space 11264K,  90% used [0x07600000, 0x08100000)
AC   0 HC    TS     0 PTAMS 0x07700000 NTAMS 0x07700000 space 1024K, 100% used [0x07700000, 0x07800000)
AC   0 HC    TS     0 PTAMS 0x07800000 NTAMS 0x07800000 space 1024K, 100% used [0x07800000, 0x07900000)
AC   0 HC    TS     0 PTAMS 0x07900000 NTAMS 0x07900000 space 1024K, 100% used [0x07900000, 0x07a00000)
AC   0 HC    TS     0 PTAMS 0x07a00000 NTAMS 0x07a00000 space 1024K, 100% used [0x07a00000, 0x07b00000)
AC   0 HC    TS     0 PTAMS 0x07b00000 NTAMS 0x07b00000 space 1024K, 100% used [0x07b00000, 0x07c00000)
AC   0 HC    TS     0 PTAMS 0x07c00000 NTAMS 0x07c00000 space 1024K, 100% used [0x07c00000, 0x07d00000)
AC   0 HC    TS     0 PTAMS 0x07d00000 NTAMS 0x07d00000 space 1024K, 100% used [0x07d00000, 0x07e00000)
AC   0 HC    TS     0 PTAMS 0x07e00000 NTAMS 0x07e00000 space 1024K, 100% used [0x07e00000, 0x07f00000)
AC   0 HC    TS     0 PTAMS 0x07f00000 NTAMS 0x07f00000 space 1024K, 100% used [0x07f00000, 0x08000000)
AC   0 HC    TS     0 PTAMS 0x08000000 NTAMS 0x08000000 space 1024K,   0% used [0x08000000, 0x08100000)
AC   0  O    TS     0 PTAMS 0x081feef0 NTAMS 0x081feef0 space 1024K,  99% used [0x08100000, 0x08200000)
AC   0  O    TS     0 PTAMS 0x082ffff8 NTAMS 0x082ffff8 space 1024K,  99% used [0x08200000, 0x08300000)
AC   0  O    TS     0 PTAMS 0x08400000 NTAMS 0x08400000 space 1024K, 100% used [0x08300000, 0x08400000)
AC   0  O    TS     0 PTAMS 0x084ffff8 NTAMS 0x084ffff8 space 1024K,  99% used [0x08400000, 0x08500000)
AC   0  O    TS     0 PTAMS 0x085fffe8 NTAMS 0x085fffe8 space 1024K,  99% used [0x08500000, 0x08600000)
AC   0  O    TS     0 PTAMS 0x086fc9b0 NTAMS 0x086fc9b0 space 1024K,  98% used [0x08600000, 0x08700000)
AC   0  O    TS     0 PTAMS 0x08800000 NTAMS 0x08800000 space 1024K, 100% used [0x08700000, 0x08800000)
AC   0  O    TS     0 PTAMS 0x088fd378 NTAMS 0x088fd378 space 1024K,  98% used [0x08800000, 0x08900000)
AC   0  O    TS     0 PTAMS 0x089ffae8 NTAMS 0x089ffae8 space 1024K,  99% used [0x08900000, 0x08a00000)
AC   0  O    TS     0 PTAMS 0x08afc2d8 NTAMS 0x08afc2d8 space 1024K,  98% used [0x08a00000, 0x08b00000)
AC   0  O    TS     0 PTAMS 0x08bfd6a8 NTAMS 0x08bfd6a8 space 1024K,  98% used [0x08b00000, 0x08c00000)
AC   0  O    TS     0 PTAMS 0x08cff918 NTAMS 0x08cff918 space 1024K,  99% used [0x08c00000, 0x08d00000)
AC   0  O    TS     0 PTAMS 0x08dfffd0 NTAMS 0x08dfffd0 space 1024K,  99% used [0x08d00000, 0x08e00000)
AC   0  O    TS     0 PTAMS 0x08effff8 NTAMS 0x08effff8 space 1024K,  99% used [0x08e00000, 0x08f00000)
AC   0  O    TS     0 PTAMS 0x08ffffe8 NTAMS 0x08ffffe8 space 1024K,  99% used [0x08f00000, 0x09000000)
AC   0  O    TS     0 PTAMS 0x090ff5d8 NTAMS 0x090ff5d8 space 1024K,  99% used [0x09000000, 0x09100000)
AC   0  O    TS     0 PTAMS 0x091ffc28 NTAMS 0x091ffc28 space 1024K,  99% used [0x09100000, 0x09200000)
AC   0  O    TS     0 PTAMS 0x092ffff8 NTAMS 0x092ffff8 space 1024K,  99% used [0x09200000, 0x09300000)
AC   0  O    TS     0 PTAMS 0x093fe4e0 NTAMS 0x093fe4e0 space 1024K,  99% used [0x09300000, 0x09400000)
AC   0  O    TS     0 PTAMS 0x094fe270 NTAMS 0x094fe270 space 1024K,  99% used [0x09400000, 0x09500000)
AC   0  O    TS     0 PTAMS 0x095feda0 NTAMS 0x095feda0 space 1024K,  99% used [0x09500000, 0x09600000)
AC   0  O    TS     0 PTAMS 0x096ffff8 NTAMS 0x096ffff8 space 1024K,  99% used [0x09600000, 0x09700000)
AC   0  O    TS     0 PTAMS 0x097ffbc8 NTAMS 0x097ffbc8 space 1024K,  99% used [0x09700000, 0x09800000)
AC   0  O    TS     0 PTAMS 0x098fec68 NTAMS 0x098fec68 space 1024K,  99% used [0x09800000, 0x09900000)
AC   0  O    TS     0 PTAMS 0x09a00000 NTAMS 0x09a00000 space 1024K, 100% used [0x09900000, 0x09a00000)
AC   0  O    TS     0 PTAMS 0x09affe08 NTAMS 0x09affe08 space 1024K,  99% used [0x09a00000, 0x09b00000)
AC   0  O    TS     0 PTAMS 0x09bffc18 NTAMS 0x09bffc18 space 1024K,  99% used [0x09b00000, 0x09c00000)
AC   0  O    TS     0 PTAMS 0x09cfffc0 NTAMS 0x09cfffc0 space 1024K,  99% used [0x09c00000, 0x09d00000)
AC   0  O    TS     0 PTAMS 0x09dff678 NTAMS 0x09dff678 space 1024K,  99% used [0x09d00000, 0x09e00000)
AC   0  O    TS     0 PTAMS 0x09eff9c8 NTAMS 0x09eff9c8 space 1024K,  99% used [0x09e00000, 0x09f00000)
AC   0  O    TS     0 PTAMS 0x09fffce8 NTAMS 0x09fffce8 space 1024K,  99% used [0x09f00000, 0x0a000000)
AC   0  O    TS     0 PTAMS 0x0a0ff540 NTAMS 0x0a0ff540 space 1024K,  99% used [0x0a000000, 0x0a100000)
AC   0  O    TS     0 PTAMS 0x0a1f3260 NTAMS 0x0a1f3260 space 1024K,  94% used [0x0a100000, 0x0a200000)
AC   0  O    TS     0 PTAMS 0x0a2ffe18 NTAMS 0x0a2ffe18 space 1024K,  99% used [0x0a200000, 0x0a300000)
AC   0  O    TS     0 PTAMS 0x0a3fedc8 NTAMS 0x0a3fedc8 space 1024K,  99% used [0x0a300000, 0x0a400000)
AC   0  O    TS     0 PTAMS 0x0a4fc4c8 NTAMS 0x0a4fc4c8 space 1024K,  98% used [0x0a400000, 0x0a500000)
AC   0  O    TS     0 PTAMS 0x0a5fe3d0 NTAMS 0x0a5fe3d0 space 1024K,  99% used [0x0a500000, 0x0a600000)
AC   0  O    TS     0 PTAMS 0x0a6fb040 NTAMS 0x0a6fb040 space 1024K,  98% used [0x0a600000, 0x0a700000)
AC   0  O    TS     0 PTAMS 0x0a7f6db8 NTAMS 0x0a7f6db8 space 1024K,  96% used [0x0a700000, 0x0a800000)
AC   0  O    TS     0 PTAMS 0x0a8e4478 NTAMS 0x0a8e4478 space 1024K,  89% used [0x0a800000, 0x0a900000)
AC   0  O    TS     0 PTAMS 0x0a9fd9f0 NTAMS 0x0a9fd9f0 space 1024K,  99% used [0x0a900000, 0x0aa00000)
AC   0  O    TS     0 PTAMS 0x0ab00000 NTAMS 0x0ab00000 space 1024K, 100% used [0x0aa00000, 0x0ab00000)
AC   0  O    TS     0 PTAMS 0x0abfee48 NTAMS 0x0abfee48 space 1024K,  99% used [0x0ab00000, 0x0ac00000)
AC   0  O    TS     0 PTAMS 0x0acffcf8 NTAMS 0x0acffcf8 space 1024K,  99% used [0x0ac00000, 0x0ad00000)
AC   0  O    TS     0 PTAMS 0x0adfec60 NTAMS 0x0adfec60 space 1024K,  99% used [0x0ad00000, 0x0ae00000)
AC   0  O    TS     0 PTAMS 0x0aefb818 NTAMS 0x0aefb818 space 1024K,  98% used [0x0ae00000, 0x0af00000)
AC   0  O    TS     0 PTAMS 0x0affffd0 NTAMS 0x0affffd0 space 1024K,  99% used [0x0af00000, 0x0b000000)
AC   0 HS    TS     0 PTAMS 0x0b0c0010 NTAMS 0x0b0c0010 space 1024K,  75% used [0x0b000000, 0x0b100000)
AC   0  O    TS     0 PTAMS 0x0b1ffde0 NTAMS 0x0b1ffde0 space 1024K,  99% used [0x0b100000, 0x0b200000)
AC   0  O    TS     0 PTAMS 0x0b2f8bd8 NTAMS 0x0b2f8bd8 space 1024K,  97% used [0x0b200000, 0x0b300000)
AC   0  O    TS     0 PTAMS 0x0b3ffff8 NTAMS 0x0b3ffff8 space 1024K,  99% used [0x0b300000, 0x0b400000)
AC   0  O    TS     0 PTAMS 0x0b4fb920 NTAMS 0x0b4fb920 space 1024K,  98% used [0x0b400000, 0x0b500000)
AC   0  O    TS     0 PTAMS 0x0b5fb670 NTAMS 0x0b5fb670 space 1024K,  98% used [0x0b500000, 0x0b600000)
AC   0  O    TS     0 PTAMS 0x0b6ffff8 NTAMS 0x0b6ffff8 space 1024K,  99% used [0x0b600000, 0x0b700000)
AC   0  O    TS     0 PTAMS 0x0b7ffa10 NTAMS 0x0b7ffa10 space 1024K,  99% used [0x0b700000, 0x0b800000)
AC   0  O    TS     0 PTAMS 0x0b900000 NTAMS 0x0b900000 space 1024K, 100% used [0x0b800000, 0x0b900000)
AC   0  O    TS     0 PTAMS 0x0b9ffca8 NTAMS 0x0b9ffca8 space 1024K,  99% used [0x0b900000, 0x0ba00000)
AC   0  O    TS     0 PTAMS 0x0baffff0 NTAMS 0x0baffff0 space 1024K,  99% used [0x0ba00000, 0x0bb00000)
AC   0  O    TS     0 PTAMS 0x0bbffff0 NTAMS 0x0bbffff0 space 1024K,  99% used [0x0bb00000, 0x0bc00000)
AC   0  O    TS     0 PTAMS 0x0bcffff8 NTAMS 0x0bcffff8 space 1024K,  99% used [0x0bc00000, 0x0bd00000)
AC   0  O    TS     0 PTAMS 0x0be00000 NTAMS 0x0be00000 space 1024K, 100% used [0x0bd00000, 0x0be00000)
AC   0  O    TS     0 PTAMS 0x0befffd8 NTAMS 0x0befffd8 space 1024K,  99% used [0x0be00000, 0x0bf00000)
AC   0  O    TS     0 PTAMS 0x0bfffd10 NTAMS 0x0bfffd10 space 1024K,  99% used [0x0bf00000, 0x0c000000)
AC   0  O    TS     0 PTAMS 0x0c0ffff8 NTAMS 0x0c0ffff8 space 1024K,  99% used [0x0c000000, 0x0c100000)
AC   0  O    TS     0 PTAMS 0x0c1ffed0 NTAMS 0x0c1ffed0 space 1024K,  99% used [0x0c100000, 0x0c200000)
AC   0  O    TS     0 PTAMS 0x0c2402f0 NTAMS 0x0c2402f0 space 1024K,  25% used [0x0c200000, 0x0c300000)
AC   0 HS    TS     0 PTAMS 0x0c3c0010 NTAMS 0x0c3c0010 space 1024K,  75% used [0x0c300000, 0x0c400000)
AC   0  O    TS     0 PTAMS 0x0c500000 NTAMS 0x0c500000 space 1024K, 100% used [0x0c400000, 0x0c500000)
AC   0 HS    TS     0 PTAMS 0x0c5c0010 NTAMS 0x0c5c0010 space 1024K,  75% used [0x0c500000, 0x0c600000)
AC   0  O    TS     0 PTAMS 0x0c700000 NTAMS 0x0c700000 space 1024K, 100% used [0x0c600000, 0x0c700000)
AC   0 HS    TS     0 PTAMS 0x0c7c0010 NTAMS 0x0c7c0010 space 1024K,  75% used [0x0c700000, 0x0c800000)
AC   0  O    TS     0 PTAMS 0x0c900000 NTAMS 0x0c900000 space 1024K, 100% used [0x0c800000, 0x0c900000)
AC   0 HS    TS     0 PTAMS 0x0cd00010 NTAMS 0x0cd00010 space 5120K,  80% used [0x0c900000, 0x0ce00000)
AC   0 HC    TS     0 PTAMS 0x0ca00000 NTAMS 0x0ca00000 space 1024K, 100% used [0x0ca00000, 0x0cb00000)
AC   0 HC    TS     0 PTAMS 0x0cb00000 NTAMS 0x0cb00000 space 1024K, 100% used [0x0cb00000, 0x0cc00000)
AC   0 HC    TS     0 PTAMS 0x0cc00000 NTAMS 0x0cc00000 space 1024K, 100% used [0x0cc00000, 0x0cd00000)
AC   0 HC    TS     0 PTAMS 0x0cd00000 NTAMS 0x0cd00000 space 1024K,   0% used [0x0cd00000, 0x0ce00000)
AC   0  O    TS     0 PTAMS 0x0cf00000 NTAMS 0x0cf00000 space 1024K, 100% used [0x0ce00000, 0x0cf00000)
AC   0 HS    TS     0 PTAMS 0x0d100010 NTAMS 0x0d100010 space 3072K,  66% used [0x0cf00000, 0x0d200000)
AC   0 HC    TS     0 PTAMS 0x0d000000 NTAMS 0x0d000000 space 1024K, 100% used [0x0d000000, 0x0d100000)
AC   0 HC    TS     0 PTAMS 0x0d100000 NTAMS 0x0d100000 space 1024K,   0% used [0x0d100000, 0x0d200000)
AC   0  O    TS     0 PTAMS 0x0d300000 NTAMS 0x0d300000 space 1024K, 100% used [0x0d200000, 0x0d300000)
AC   0  O    TS     0 PTAMS 0x0d400000 NTAMS 0x0d400000 space 1024K, 100% used [0x0d300000, 0x0d400000)
AC   0  O    TS     0 PTAMS 0x0d500000 NTAMS 0x0d500000 space 1024K, 100% used [0x0d400000, 0x0d500000)
AC   0  O    TS     0 PTAMS 0x0d600000 NTAMS 0x0d600000 space 1024K, 100% used [0x0d500000, 0x0d600000)
AC   0  O    TS     0 PTAMS 0x0d700000 NTAMS 0x0d700000 space 1024K, 100% used [0x0d600000, 0x0d700000)
AC   0  O    TS     0 PTAMS 0x0d800000 NTAMS 0x0d800000 space 1024K, 100% used [0x0d700000, 0x0d800000)
AC   0  O    TS     0 PTAMS 0x0d900000 NTAMS 0x0d900000 space 1024K, 100% used [0x0d800000, 0x0d900000)
AC   0  O    TS     0 PTAMS 0x0da00000 NTAMS 0x0da00000 space 1024K, 100% used [0x0d900000, 0x0da00000)
AC   0  O    TS     0 PTAMS 0x0db00000 NTAMS 0x0db00000 space 1024K, 100% used [0x0da00000, 0x0db00000)
AC   0 HS    TS     0 PTAMS 0x0dbc0010 NTAMS 0x0dbc0010 space 1024K,  75% used [0x0db00000, 0x0dc00000)
AC   0 HS    TS     0 PTAMS 0x0dc00000 NTAMS 0x0dc00000 space 17408K,  94% used [0x0dc00000, 0x0ed00000)
AC   0 HC    TS     0 PTAMS 0x0dd00000 NTAMS 0x0dd00000 space 1024K, 100% used [0x0dd00000, 0x0de00000)
AC   0 HC    TS     0 PTAMS 0x0de00000 NTAMS 0x0de00000 space 1024K, 100% used [0x0de00000, 0x0df00000)
AC   0 HC    TS     0 PTAMS 0x0df00000 NTAMS 0x0df00000 space 1024K, 100% used [0x0df00000, 0x0e000000)
AC   0 HC    TS     0 PTAMS 0x0e000000 NTAMS 0x0e000000 space 1024K, 100% used [0x0e000000, 0x0e100000)
AC   0 HC    TS     0 PTAMS 0x0e100000 NTAMS 0x0e100000 space 1024K, 100% used [0x0e100000, 0x0e200000)
AC   0 HC    TS     0 PTAMS 0x0e200000 NTAMS 0x0e200000 space 1024K, 100% used [0x0e200000, 0x0e300000)
AC   0 HC    TS     0 PTAMS 0x0e300000 NTAMS 0x0e300000 space 1024K, 100% used [0x0e300000, 0x0e400000)
AC   0 HC    TS     0 PTAMS 0x0e400000 NTAMS 0x0e400000 space 1024K, 100% used [0x0e400000, 0x0e500000)
AC   0 HC    TS     0 PTAMS 0x0e500000 NTAMS 0x0e500000 space 1024K, 100% used [0x0e500000, 0x0e600000)
AC   0 HC    TS     0 PTAMS 0x0e600000 NTAMS 0x0e600000 space 1024K, 100% used [0x0e600000, 0x0e700000)
AC   0 HC    TS     0 PTAMS 0x0e700000 NTAMS 0x0e700000 space 1024K, 100% used [0x0e700000, 0x0e800000)
AC   0 HC    TS     0 PTAMS 0x0e800000 NTAMS 0x0e800000 space 1024K, 100% used [0x0e800000, 0x0e900000)
AC   0 HC    TS     0 PTAMS 0x0e900000 NTAMS 0x0e900000 space 1024K, 100% used [0x0e900000, 0x0ea00000)
AC   0 HC    TS     0 PTAMS 0x0ea00000 NTAMS 0x0ea00000 space 1024K, 100% used [0x0ea00000, 0x0eb00000)
AC   0 HC    TS     0 PTAMS 0x0eb00000 NTAMS 0x0eb00000 space 1024K, 100% used [0x0eb00000, 0x0ec00000)
AC   0 HC    TS     0 PTAMS 0x0ec00000 NTAMS 0x0ec00000 space 1024K,   0% used [0x0ec00000, 0x0ed00000)
AC   0  F    TS     0 PTAMS 0x0ed00000 NTAMS 0x0ed00000 space 1024K,   0% used [0x0ed00000, 0x0ee00000)
AC   0  F    TS     0 PTAMS 0x0ee00000 NTAMS 0x0ee00000 space 1024K,   0% used [0x0ee00000, 0x0ef00000)
AC   0  F    TS     0 PTAMS 0x0ef00000 NTAMS 0x0ef00000 space 1024K,   0% used [0x0ef00000, 0x0f000000)
AC   0  F    TS     0 PTAMS 0x0f000000 NTAMS 0x0f000000 space 1024K,   0% used [0x0f000000, 0x0f100000)
AC   0  F    TS     0 PTAMS 0x0f100000 NTAMS 0x0f100000 space 1024K,   0% used [0x0f100000, 0x0f200000)
AC   0  F    TS     0 PTAMS 0x0f200000 NTAMS 0x0f200000 space 1024K,   0% used [0x0f200000, 0x0f300000)
AC   0  F    TS     0 PTAMS 0x0f300000 NTAMS 0x0f300000 space 1024K,   0% used [0x0f300000, 0x0f400000)
AC   0  F    TS     0 PTAMS 0x0f400000 NTAMS 0x0f400000 space 1024K,   0% used [0x0f400000, 0x0f500000)
AC   0  F    TS     0 PTAMS 0x0f500000 NTAMS 0x0f500000 space 1024K,   0% used [0x0f500000, 0x0f600000)
AC   0  F    TS     0 PTAMS 0x0f600000 NTAMS 0x0f600000 space 1024K,   0% used [0x0f600000, 0x0f700000)
AC   0  F    TS     0 PTAMS 0x0f700000 NTAMS 0x0f700000 space 1024K,   0% used [0x0f700000, 0x0f800000)
AC   0  F    TS     0 PTAMS 0x0f800000 NTAMS 0x0f800000 space 1024K,   0% used [0x0f800000, 0x0f900000)
AC   0  F    TS     0 PTAMS 0x0f900000 NTAMS 0x0f900000 space 1024K,   0% used [0x0f900000, 0x0fa00000)
AC   0  F    TS     0 PTAMS 0x0fa00000 NTAMS 0x0fa00000 space 1024K,   0% used [0x0fa00000, 0x0fb00000)
AC   0  F    TS     0 PTAMS 0x0fb00000 NTAMS 0x0fb00000 space 1024K,   0% used [0x0fb00000, 0x0fc00000)
AC   0  F    TS     0 PTAMS 0x0fc00000 NTAMS 0x0fc00000 space 1024K,   0% used [0x0fc00000, 0x0fd00000)
AC   0  F    TS     0 PTAMS 0x0fd00000 NTAMS 0x0fd00000 space 1024K,   0% used [0x0fd00000, 0x0fe00000)
AC   0  F    TS     0 PTAMS 0x0fe00000 NTAMS 0x0fe00000 space 1024K,   0% used [0x0fe00000, 0x0ff00000)
AC   0  F    TS     0 PTAMS 0x0ff00000 NTAMS 0x0ff00000 space 1024K,   0% used [0x0ff00000, 0x10000000)
AC   0  F    TS     0 PTAMS 0x10000000 NTAMS 0x10000000 space 1024K,   0% used [0x10000000, 0x10100000)
AC   0  F    TS     0 PTAMS 0x10100000 NTAMS 0x10100000 space 1024K,   0% used [0x10100000, 0x10200000)
AC   0  F    TS     0 PTAMS 0x10200000 NTAMS 0x10200000 space 1024K,   0% used [0x10200000, 0x10300000)
AC   0  F    TS     0 PTAMS 0x10300000 NTAMS 0x10300000 space 1024K,   0% used [0x10300000, 0x10400000)
AC   0  F    TS     0 PTAMS 0x10400000 NTAMS 0x10400000 space 1024K,   0% used [0x10400000, 0x10500000)
AC   0  F    TS     0 PTAMS 0x10500000 NTAMS 0x10500000 space 1024K,   0% used [0x10500000, 0x10600000)
AC   0  F    TS     0 PTAMS 0x10600000 NTAMS 0x10600000 space 1024K,   0% used [0x10600000, 0x10700000)
AC   0  F    TS     0 PTAMS 0x10700000 NTAMS 0x10700000 space 1024K,   0% used [0x10700000, 0x10800000)
AC   0  F    TS     0 PTAMS 0x10800000 NTAMS 0x10800000 space 1024K,   0% used [0x10800000, 0x10900000)
AC   0  F    TS     0 PTAMS 0x10900000 NTAMS 0x10900000 space 1024K,   0% used [0x10900000, 0x10a00000)
AC   0  F    TS     0 PTAMS 0x10a00000 NTAMS 0x10a00000 space 1024K,   0% used [0x10a00000, 0x10b00000)
AC   0  F    TS     0 PTAMS 0x10b00000 NTAMS 0x10b00000 space 1024K,   0% used [0x10b00000, 0x10c00000)
AC   0  F    TS     0 PTAMS 0x10c00000 NTAMS 0x10c00000 space 1024K,   0% used [0x10c00000, 0x10d00000)
AC   0  F    TS     0 PTAMS 0x10d00000 NTAMS 0x10d00000 space 1024K,   0% used [0x10d00000, 0x10e00000)
AC   0  F    TS     0 PTAMS 0x10e00000 NTAMS 0x10e00000 space 1024K,   0% used [0x10e00000, 0x10f00000)
AC   0  O    TS     0 PTAMS 0x11000000 NTAMS 0x11000000 space 1024K, 100% used [0x10f00000, 0x11000000)
AC   0  O    TS     0 PTAMS 0x11100000 NTAMS 0x11100000 space 1024K, 100% used [0x11000000, 0x11100000)
AC   0  O    TS     0 PTAMS 0x11200000 NTAMS 0x11200000 space 1024K, 100% used [0x11100000, 0x11200000)
AC   0  O    TS     0 PTAMS 0x11300000 NTAMS 0x11300000 space 1024K, 100% used [0x11200000, 0x11300000)
AC   0  O    TS     0 PTAMS 0x11400000 NTAMS 0x11400000 space 1024K, 100% used [0x11300000, 0x11400000)
AC   0  O    TS     0 PTAMS 0x11500000 NTAMS 0x11500000 space 1024K, 100% used [0x11400000, 0x11500000)
AC   0  O    TS     0 PTAMS 0x11600000 NTAMS 0x11600000 space 1024K, 100% used [0x11500000, 0x11600000)
AC   0  O    TS     1 PTAMS 0x1163a400 NTAMS 0x1163a400 space 1024K,  22% used [0x11600000, 0x11700000)
AC   0  F    TS     0 PTAMS 0x11700000 NTAMS 0x11700000 space 1024K,   0% used [0x11700000, 0x11800000)
AC   0  F    TS     0 PTAMS 0x11800000 NTAMS 0x11800000 space 1024K,   0% used [0x11800000, 0x11900000)
AC   0  F    TS     0 PTAMS 0x11900000 NTAMS 0x11900000 space 1024K,   0% used [0x11900000, 0x11a00000)
AC   0  F    TS     0 PTAMS 0x11a00000 NTAMS 0x11a00000 space 1024K,   0% used [0x11a00000, 0x11b00000)
AC   0  F    TS     0 PTAMS 0x11b00000 NTAMS 0x11b00000 space 1024K,   0% used [0x11b00000, 0x11c00000)
AC   0  F    TS     0 PTAMS 0x11c00000 NTAMS 0x11c00000 space 1024K,   0% used [0x11c00000, 0x11d00000)
AC   0  F    TS     0 PTAMS 0x11d00000 NTAMS 0x11d00000 space 1024K,   0% used [0x11d00000, 0x11e00000)
AC   0  F    TS     0 PTAMS 0x11e00000 NTAMS 0x11e00000 space 1024K,   0% used [0x11e00000, 0x11f00000)
AC   0  F    TS     0 PTAMS 0x11f00000 NTAMS 0x11f00000 space 1024K,   0% used [0x11f00000, 0x12000000)
AC   0  F    TS     0 PTAMS 0x12000000 NTAMS 0x12000000 space 1024K,   0% used [0x12000000, 0x12100000)
AC   0  F    TS     0 PTAMS 0x12100000 NTAMS 0x12100000 space 1024K,   0% used [0x12100000, 0x12200000)
AC   0  F    TS     0 PTAMS 0x12200000 NTAMS 0x12200000 space 1024K,   0% used [0x12200000, 0x12300000)
AC   0  F    TS     0 PTAMS 0x12300000 NTAMS 0x12300000 space 1024K,   0% used [0x12300000, 0x12400000)
AC   0  F    TS     0 PTAMS 0x12400000 NTAMS 0x12400000 space 1024K,   0% used [0x12400000, 0x12500000)
AC   0  F    TS     0 PTAMS 0x12500000 NTAMS 0x12500000 space 1024K,   0% used [0x12500000, 0x12600000)
AC   0  F    TS     0 PTAMS 0x12600000 NTAMS 0x12600000 space 1024K,   0% used [0x12600000, 0x12700000)
AC   0  F    TS     0 PTAMS 0x12700000 NTAMS 0x12700000 space 1024K,   0% used [0x12700000, 0x12800000)
AC   0  F    TS     0 PTAMS 0x12800000 NTAMS 0x12800000 space 1024K,   0% used [0x12800000, 0x12900000)
AC   0  F    TS     0 PTAMS 0x12900000 NTAMS 0x12900000 space 1024K,   0% used [0x12900000, 0x12a00000)
AC   0  F    TS     0 PTAMS 0x12a00000 NTAMS 0x12a00000 space 1024K,   0% used [0x12a00000, 0x12b00000)
AC   0  F    TS     0 PTAMS 0x12b00000 NTAMS 0x12b00000 space 1024K,   0% used [0x12b00000, 0x12c00000)
AC   0  F    TS     0 PTAMS 0x12c00000 NTAMS 0x12c00000 space 1024K,   0% used [0x12c00000, 0x12d00000)
AC   0  F    TS     0 PTAMS 0x12d00000 NTAMS 0x12d00000 space 1024K,   0% used [0x12d00000, 0x12e00000)
AC   0  F    TS     0 PTAMS 0x12e00000 NTAMS 0x12e00000 space 1024K,   0% used [0x12e00000, 0x12f00000)
AC   0  F    TS     0 PTAMS 0x12f00000 NTAMS 0x12f00000 space 1024K,   0% used [0x12f00000, 0x13000000)
AC   0  F    TS     0 PTAMS 0x13000000 NTAMS 0x13000000 space 1024K,   0% used [0x13000000, 0x13100000)
AC   0  F    TS     0 PTAMS 0x13100000 NTAMS 0x13100000 space 1024K,   0% used [0x13100000, 0x13200000)
AC   0  F    TS     0 PTAMS 0x13200000 NTAMS 0x13200000 space 1024K,   0% used [0x13200000, 0x13300000)
AC   0  F    TS     0 PTAMS 0x13300000 NTAMS 0x13300000 space 1024K,   0% used [0x13300000, 0x13400000)
AC   0  F    TS     0 PTAMS 0x13400000 NTAMS 0x13400000 space 1024K,   0% used [0x13400000, 0x13500000)
AC   0  F    TS     0 PTAMS 0x13500000 NTAMS 0x13500000 space 1024K,   0% used [0x13500000, 0x13600000)
AC   0  F    TS     0 PTAMS 0x13600000 NTAMS 0x13600000 space 1024K,   0% used [0x13600000, 0x13700000)
AC   0  F    TS     0 PTAMS 0x13700000 NTAMS 0x13700000 space 1024K,   0% used [0x13700000, 0x13800000)
AC   0  F    TS     0 PTAMS 0x13800000 NTAMS 0x13800000 space 1024K,   0% used [0x13800000, 0x13900000)
AC   0  F    TS     0 PTAMS 0x13900000 NTAMS 0x13900000 space 1024K,   0% used [0x13900000, 0x13a00000)
AC   0  F    TS     0 PTAMS 0x13a00000 NTAMS 0x13a00000 space 1024K,   0% used [0x13a00000, 0x13b00000)
AC   0  F    TS     0 PTAMS 0x13b00000 NTAMS 0x13b00000 space 1024K,   0% used [0x13b00000, 0x13c00000)
AC   0  F    TS     0 PTAMS 0x13c00000 NTAMS 0x13c00000 space 1024K,   0% used [0x13c00000, 0x13d00000)
AC   0  F    TS     0 PTAMS 0x13d00000 NTAMS 0x13d00000 space 1024K,   0% used [0x13d00000, 0x13e00000)
AC   0  F    TS     0 PTAMS 0x13e00000 NTAMS 0x13e00000 space 1024K,   0% used [0x13e00000, 0x13f00000)
AC   0  F    TS     0 PTAMS 0x13f00000 NTAMS 0x13f00000 space 1024K,   0% used [0x13f00000, 0x14000000)
AC   0  F    TS     0 PTAMS 0x14000000 NTAMS 0x14000000 space 1024K,   0% used [0x14000000, 0x14100000)
AC   0  F    TS     0 PTAMS 0x14100000 NTAMS 0x14100000 space 1024K,   0% used [0x14100000, 0x14200000)
AC   0  F    TS     0 PTAMS 0x14200000 NTAMS 0x14200000 space 1024K,   0% used [0x14200000, 0x14300000)
AC   0  F    TS     0 PTAMS 0x14300000 NTAMS 0x14300000 space 1024K,   0% used [0x14300000, 0x14400000)
AC   0  F    TS     0 PTAMS 0x14400000 NTAMS 0x14400000 space 1024K,   0% used [0x14400000, 0x14500000)
AC   0  F    TS     0 PTAMS 0x14500000 NTAMS 0x14500000 space 1024K,   0% used [0x14500000, 0x14600000)
AC   0  F    TS     0 PTAMS 0x14600000 NTAMS 0x14600000 space 1024K,   0% used [0x14600000, 0x14700000)
AC   0  F    TS     0 PTAMS 0x14700000 NTAMS 0x14700000 space 1024K,   0% used [0x14700000, 0x14800000)
AC   0  F    TS     0 PTAMS 0x14800000 NTAMS 0x14800000 space 1024K,   0% used [0x14800000, 0x14900000)
AC   0  F    TS     0 PTAMS 0x14900000 NTAMS 0x14900000 space 1024K,   0% used [0x14900000, 0x14a00000)
AC   0  F    TS     0 PTAMS 0x14a00000 NTAMS 0x14a00000 space 1024K,   0% used [0x14a00000, 0x14b00000)
AC   0  F    TS     0 PTAMS 0x14b00000 NTAMS 0x14b00000 space 1024K,   0% used [0x14b00000, 0x14c00000)
AC   0  F    TS     0 PTAMS 0x14c00000 NTAMS 0x14c00000 space 1024K,   0% used [0x14c00000, 0x14d00000)
AC   0  F    TS     0 PTAMS 0x14d00000 NTAMS 0x14d00000 space 1024K,   0% used [0x14d00000, 0x14e00000)
AC   0  F    TS     0 PTAMS 0x14e00000 NTAMS 0x14e00000 space 1024K,   0% used [0x14e00000, 0x14f00000)
AC   0  F    TS     0 PTAMS 0x14f00000 NTAMS 0x14f00000 space 1024K,   0% used [0x14f00000, 0x15000000)
AC   0  F    TS     0 PTAMS 0x15000000 NTAMS 0x15000000 space 1024K,   0% used [0x15000000, 0x15100000)
AC   0  F    TS     0 PTAMS 0x15100000 NTAMS 0x15100000 space 1024K,   0% used [0x15100000, 0x15200000)
AC   0  F    TS     0 PTAMS 0x15200000 NTAMS 0x15200000 space 1024K,   0% used [0x15200000, 0x15300000)
AC   0  F    TS     0 PTAMS 0x15300000 NTAMS 0x15300000 space 1024K,   0% used [0x15300000, 0x15400000)
AC   0  F    TS     0 PTAMS 0x15400000 NTAMS 0x15400000 space 1024K,   0% used [0x15400000, 0x15500000)
AC   0  F    TS     0 PTAMS 0x15500000 NTAMS 0x15500000 space 1024K,   0% used [0x15500000, 0x15600000)
AC   0  F    TS     0 PTAMS 0x15600000 NTAMS 0x15600000 space 1024K,   0% used [0x15600000, 0x15700000)
AC   0  F    TS     0 PTAMS 0x15700000 NTAMS 0x15700000 space 1024K,   0% used [0x15700000, 0x15800000)
AC   0  F    TS     0 PTAMS 0x15800000 NTAMS 0x15800000 space 1024K,   0% used [0x15800000, 0x15900000)
AC   0  F    TS     0 PTAMS 0x15900000 NTAMS 0x15900000 space 1024K,   0% used [0x15900000, 0x15a00000)
AC   0  F    TS     0 PTAMS 0x15a00000 NTAMS 0x15a00000 space 1024K,   0% used [0x15a00000, 0x15b00000)
AC   0  F    TS     0 PTAMS 0x15b00000 NTAMS 0x15b00000 space 1024K,   0% used [0x15b00000, 0x15c00000)
AC   0  F    TS     0 PTAMS 0x15c00000 NTAMS 0x15c00000 space 1024K,   0% used [0x15c00000, 0x15d00000)
AC   0  F    TS     0 PTAMS 0x15d00000 NTAMS 0x15d00000 space 1024K,   0% used [0x15d00000, 0x15e00000)
AC   0  F    TS     0 PTAMS 0x15e00000 NTAMS 0x15e00000 space 1024K,   0% used [0x15e00000, 0x15f00000)
AC   0  F    TS     0 PTAMS 0x15f00000 NTAMS 0x15f00000 space 1024K,   0% used [0x15f00000, 0x16000000)
AC   0  F    TS     0 PTAMS 0x16000000 NTAMS 0x16000000 space 1024K,   0% used [0x16000000, 0x16100000)
AC   0  F    TS     0 PTAMS 0x16100000 NTAMS 0x16100000 space 1024K,   0% used [0x16100000, 0x16200000)
AC   0  F    TS     0 PTAMS 0x16200000 NTAMS 0x16200000 space 1024K,   0% used [0x16200000, 0x16300000)
AC   0  F    TS     0 PTAMS 0x16300000 NTAMS 0x16300000 space 1024K,   0% used [0x16300000, 0x16400000)
AC   0  F    TS     0 PTAMS 0x16400000 NTAMS 0x16400000 space 1024K,   0% used [0x16400000, 0x16500000)
AC   0  F    TS     0 PTAMS 0x16500000 NTAMS 0x16500000 space 1024K,   0% used [0x16500000, 0x16600000)
AC   0  F    TS     0 PTAMS 0x16600000 NTAMS 0x16600000 space 1024K,   0% used [0x16600000, 0x16700000)
AC   0  F    TS     0 PTAMS 0x16700000 NTAMS 0x16700000 space 1024K,   0% used [0x16700000, 0x16800000)
AC   0  F    TS     0 PTAMS 0x16800000 NTAMS 0x16800000 space 1024K,   0% used [0x16800000, 0x16900000)
AC   0  F    TS     0 PTAMS 0x16900000 NTAMS 0x16900000 space 1024K,   0% used [0x16900000, 0x16a00000)
AC   0  F    TS     0 PTAMS 0x16a00000 NTAMS 0x16a00000 space 1024K,   0% used [0x16a00000, 0x16b00000)
AC   0  F    TS     0 PTAMS 0x16b00000 NTAMS 0x16b00000 space 1024K,   0% used [0x16b00000, 0x16c00000)
AC   0  F    TS     0 PTAMS 0x16c00000 NTAMS 0x16c00000 space 1024K,   0% used [0x16c00000, 0x16d00000)
AC   0  F    TS     0 PTAMS 0x16d00000 NTAMS 0x16d00000 space 1024K,   0% used [0x16d00000, 0x16e00000)
AC   0  F    TS     0 PTAMS 0x16e00000 NTAMS 0x16e00000 space 1024K,   0% used [0x16e00000, 0x16f00000)
AC   0  F    TS     0 PTAMS 0x16f00000 NTAMS 0x16f00000 space 1024K,   0% used [0x16f00000, 0x17000000)
AC   0  F    TS     0 PTAMS 0x17000000 NTAMS 0x17000000 space 1024K,   0% used [0x17000000, 0x17100000)
AC   0  F    TS     0 PTAMS 0x17100000 NTAMS 0x17100000 space 1024K,   0% used [0x17100000, 0x17200000)
AC   0  F    TS     0 PTAMS 0x17200000 NTAMS 0x17200000 space 1024K,   0% used [0x17200000, 0x17300000)
AC   0  F    TS     0 PTAMS 0x17300000 NTAMS 0x17300000 space 1024K,   0% used [0x17300000, 0x17400000)
AC   0  F    TS     0 PTAMS 0x17400000 NTAMS 0x17400000 space 1024K,   0% used [0x17400000, 0x17500000)
AC   0  F    TS     0 PTAMS 0x17500000 NTAMS 0x17500000 space 1024K,   0% used [0x17500000, 0x17600000)
AC   0  F    TS     0 PTAMS 0x17600000 NTAMS 0x17600000 space 1024K,   0% used [0x17600000, 0x17700000)
AC   0  F    TS     0 PTAMS 0x17700000 NTAMS 0x17700000 space 1024K,   0% used [0x17700000, 0x17800000)
AC   0  F    TS     0 PTAMS 0x17800000 NTAMS 0x17800000 space 1024K,   0% used [0x17800000, 0x17900000)
AC   0  F    TS     0 PTAMS 0x17900000 NTAMS 0x17900000 space 1024K,   0% used [0x17900000, 0x17a00000)
AC   0  F    TS     0 PTAMS 0x17a00000 NTAMS 0x17a00000 space 1024K,   0% used [0x17a00000, 0x17b00000)
AC   0  F    TS     0 PTAMS 0x17b00000 NTAMS 0x17b00000 space 1024K,   0% used [0x17b00000, 0x17c00000)
AC   0  F    TS     0 PTAMS 0x17c00000 NTAMS 0x17c00000 space 1024K,   0% used [0x17c00000, 0x17d00000)
AC   0  F    TS     0 PTAMS 0x17d00000 NTAMS 0x17d00000 space 1024K,   0% used [0x17d00000, 0x17e00000)
AC   0  F    TS     0 PTAMS 0x17e00000 NTAMS 0x17e00000 space 1024K,   0% used [0x17e00000, 0x17f00000)
AC   0  F    TS     0 PTAMS 0x17f00000 NTAMS 0x17f00000 space 1024K,   0% used [0x17f00000, 0x18000000)
AC   0  F    TS     0 PTAMS 0x18000000 NTAMS 0x18000000 space 1024K,   0% used [0x18000000, 0x18100000)
AC   0  F    TS     0 PTAMS 0x18100000 NTAMS 0x18100000 space 1024K,   0% used [0x18100000, 0x18200000)
AC   0  F    TS     0 PTAMS 0x18200000 NTAMS 0x18200000 space 1024K,   0% used [0x18200000, 0x18300000)
AC   0  F    TS     0 PTAMS 0x18300000 NTAMS 0x18300000 space 1024K,   0% used [0x18300000, 0x18400000)
AC   0  F    TS     0 PTAMS 0x18400000 NTAMS 0x18400000 space 1024K,   0% used [0x18400000, 0x18500000)
AC   0  F    TS     0 PTAMS 0x18500000 NTAMS 0x18500000 space 1024K,   0% used [0x18500000, 0x18600000)
AC   0  F    TS     0 PTAMS 0x18600000 NTAMS 0x18600000 space 1024K,   0% used [0x18600000, 0x18700000)
AC   0  F    TS     0 PTAMS 0x18700000 NTAMS 0x18700000 space 1024K,   0% used [0x18700000, 0x18800000)
AC   0  F    TS     0 PTAMS 0x18800000 NTAMS 0x18800000 space 1024K,   0% used [0x18800000, 0x18900000)
AC   0  F    TS     0 PTAMS 0x18900000 NTAMS 0x18900000 space 1024K,   0% used [0x18900000, 0x18a00000)
AC   0  F    TS     0 PTAMS 0x18a00000 NTAMS 0x18a00000 space 1024K,   0% used [0x18a00000, 0x18b00000)
AC   0  F    TS     0 PTAMS 0x18b00000 NTAMS 0x18b00000 space 1024K,   0% used [0x18b00000, 0x18c00000)
AC   0  F    TS     0 PTAMS 0x18c00000 NTAMS 0x18c00000 space 1024K,   0% used [0x18c00000, 0x18d00000)
AC   0  F    TS     0 PTAMS 0x18d00000 NTAMS 0x18d00000 space 1024K,   0% used [0x18d00000, 0x18e00000)
AC   0  F    TS     0 PTAMS 0x18e00000 NTAMS 0x18e00000 space 1024K,   0% used [0x18e00000, 0x18f00000)
AC   0  F    TS     0 PTAMS 0x18f00000 NTAMS 0x18f00000 space 1024K,   0% used [0x18f00000, 0x19000000)
AC   0  F    TS     0 PTAMS 0x19000000 NTAMS 0x19000000 space 1024K,   0% used [0x19000000, 0x19100000)
AC   0  F    TS     0 PTAMS 0x19100000 NTAMS 0x19100000 space 1024K,   0% used [0x19100000, 0x19200000)
AC   0  F    TS     0 PTAMS 0x19200000 NTAMS 0x19200000 space 1024K,   0% used [0x19200000, 0x19300000)
AC   0  F    TS     0 PTAMS 0x19300000 NTAMS 0x19300000 space 1024K,   0% used [0x19300000, 0x19400000)
AC   0  F    TS     0 PTAMS 0x19400000 NTAMS 0x19400000 space 1024K,   0% used [0x19400000, 0x19500000)
AC   0  F    TS     0 PTAMS 0x19500000 NTAMS 0x19500000 space 1024K,   0% used [0x19500000, 0x19600000)
AC   0  F    TS     0 PTAMS 0x19600000 NTAMS 0x19600000 space 1024K,   0% used [0x19600000, 0x19700000)
AC   0  F    TS     0 PTAMS 0x19700000 NTAMS 0x19700000 space 1024K,   0% used [0x19700000, 0x19800000)
AC   0  F    TS     0 PTAMS 0x19800000 NTAMS 0x19800000 space 1024K,   0% used [0x19800000, 0x19900000)
AC   0  F    TS     0 PTAMS 0x19900000 NTAMS 0x19900000 space 1024K,   0% used [0x19900000, 0x19a00000)
AC   0  F    TS     0 PTAMS 0x19a00000 NTAMS 0x19a00000 space 1024K,   0% used [0x19a00000, 0x19b00000)
AC   0  F    TS     0 PTAMS 0x19b00000 NTAMS 0x19b00000 space 1024K,   0% used [0x19b00000, 0x19c00000)
AC   0  F    TS     0 PTAMS 0x19c00000 NTAMS 0x19c00000 space 1024K,   0% used [0x19c00000, 0x19d00000)
AC   0  F    TS     0 PTAMS 0x19d00000 NTAMS 0x19d00000 space 1024K,   0% used [0x19d00000, 0x19e00000)
AC   0  F    TS     0 PTAMS 0x19e00000 NTAMS 0x19e00000 space 1024K,   0% used [0x19e00000, 0x19f00000)
AC   0  F    TS     0 PTAMS 0x19f00000 NTAMS 0x19f00000 space 1024K,   0% used [0x19f00000, 0x1a000000)
AC   0  F    TS     0 PTAMS 0x1a000000 NTAMS 0x1a000000 space 1024K,   0% used [0x1a000000, 0x1a100000)
AC   0  F    TS     0 PTAMS 0x1a100000 NTAMS 0x1a100000 space 1024K,   0% used [0x1a100000, 0x1a200000)
AC   0  F    TS     0 PTAMS 0x1a200000 NTAMS 0x1a200000 space 1024K,   0% used [0x1a200000, 0x1a300000)
AC   0  F    TS     0 PTAMS 0x1a300000 NTAMS 0x1a300000 space 1024K,   0% used [0x1a300000, 0x1a400000)
AC   0  F    TS     0 PTAMS 0x1a400000 NTAMS 0x1a400000 space 1024K,   0% used [0x1a400000, 0x1a500000)
AC   0  F    TS     0 PTAMS 0x1a500000 NTAMS 0x1a500000 space 1024K,   0% used [0x1a500000, 0x1a600000)
AC   0  F    TS     0 PTAMS 0x1a600000 NTAMS 0x1a600000 space 1024K,   0% used [0x1a600000, 0x1a700000)
AC   0  F    TS     0 PTAMS 0x1a700000 NTAMS 0x1a700000 space 1024K,   0% used [0x1a700000, 0x1a800000)
AC   0  F    TS     0 PTAMS 0x1a800000 NTAMS 0x1a800000 space 1024K,   0% used [0x1a800000, 0x1a900000)
AC   0  F    TS     0 PTAMS 0x1a900000 NTAMS 0x1a900000 space 1024K,   0% used [0x1a900000, 0x1aa00000)
AC   0  F    TS     0 PTAMS 0x1aa00000 NTAMS 0x1aa00000 space 1024K,   0% used [0x1aa00000, 0x1ab00000)
AC   0  E    TS     0 PTAMS 0x1ab00000 NTAMS 0x1ab00000 space 1024K, 100% used [0x1ab00000, 0x1ac00000)
AC   0  E CS TS     0 PTAMS 0x1ac00000 NTAMS 0x1ac00000 space 1024K, 100% used [0x1ac00000, 0x1ad00000)
AC   0  E CS TS     0 PTAMS 0x1ad00000 NTAMS 0x1ad00000 space 1024K, 100% used [0x1ad00000, 0x1ae00000)
AC   0  E CS TS     0 PTAMS 0x1ae00000 NTAMS 0x1ae00000 space 1024K, 100% used [0x1ae00000, 0x1af00000)
AC   0  E CS TS     0 PTAMS 0x1af00000 NTAMS 0x1af00000 space 1024K, 100% used [0x1af00000, 0x1b000000)
AC   0  E CS TS     0 PTAMS 0x1b000000 NTAMS 0x1b000000 space 1024K, 100% used [0x1b000000, 0x1b100000)
AC   0  E CS TS     0 PTAMS 0x1b100000 NTAMS 0x1b100000 space 1024K, 100% used [0x1b100000, 0x1b200000)
AC   0  E CS TS     0 PTAMS 0x1b200000 NTAMS 0x1b200000 space 1024K, 100% used [0x1b200000, 0x1b300000)
AC   0  E CS TS     0 PTAMS 0x1b300000 NTAMS 0x1b300000 space 1024K, 100% used [0x1b300000, 0x1b400000)
AC   0  E CS TS     0 PTAMS 0x1b400000 NTAMS 0x1b400000 space 1024K, 100% used [0x1b400000, 0x1b500000)
AC   0  E CS TS     0 PTAMS 0x1b500000 NTAMS 0x1b500000 space 1024K, 100% used [0x1b500000, 0x1b600000)
AC   0  E CS TS     0 PTAMS 0x1b600000 NTAMS 0x1b600000 space 1024K, 100% used [0x1b600000, 0x1b700000)
AC   0  E CS TS     0 PTAMS 0x1b700000 NTAMS 0x1b700000 space 1024K, 100% used [0x1b700000, 0x1b800000)
AC   0  E CS TS     0 PTAMS 0x1b800000 NTAMS 0x1b800000 space 1024K, 100% used [0x1b800000, 0x1b900000)
AC   0  E CS TS     0 PTAMS 0x1b900000 NTAMS 0x1b900000 space 1024K, 100% used [0x1b900000, 0x1ba00000)
AC   0  E CS TS     0 PTAMS 0x1ba00000 NTAMS 0x1ba00000 space 1024K, 100% used [0x1ba00000, 0x1bb00000)
AC   0  E CS TS     0 PTAMS 0x1bb00000 NTAMS 0x1bb00000 space 1024K, 100% used [0x1bb00000, 0x1bc00000)
AC   0  E CS TS     0 PTAMS 0x1bc00000 NTAMS 0x1bc00000 space 1024K, 100% used [0x1bc00000, 0x1bd00000)
AC   0  E CS TS     0 PTAMS 0x1bd00000 NTAMS 0x1bd00000 space 1024K, 100% used [0x1bd00000, 0x1be00000)
AC   0  E CS TS     0 PTAMS 0x1be00000 NTAMS 0x1be00000 space 1024K, 100% used [0x1be00000, 0x1bf00000)
AC   0  E CS TS     0 PTAMS 0x1bf00000 NTAMS 0x1bf00000 space 1024K, 100% used [0x1bf00000, 0x1c000000)
AC   0  E CS TS     0 PTAMS 0x1c000000 NTAMS 0x1c000000 space 1024K, 100% used [0x1c000000, 0x1c100000)
AC   0  E CS TS     0 PTAMS 0x1c100000 NTAMS 0x1c100000 space 1024K, 100% used [0x1c100000, 0x1c200000)
AC   0  E CS TS     0 PTAMS 0x1c200000 NTAMS 0x1c200000 space 1024K, 100% used [0x1c200000, 0x1c300000)
AC   0  E CS TS     0 PTAMS 0x1c300000 NTAMS 0x1c300000 space 1024K, 100% used [0x1c300000, 0x1c400000)
AC   0  E CS TS     0 PTAMS 0x1c400000 NTAMS 0x1c400000 space 1024K, 100% used [0x1c400000, 0x1c500000)
AC   0  E CS TS     0 PTAMS 0x1c500000 NTAMS 0x1c500000 space 1024K, 100% used [0x1c500000, 0x1c600000)
AC   0  E CS TS     0 PTAMS 0x1c600000 NTAMS 0x1c600000 space 1024K, 100% used [0x1c600000, 0x1c700000)
AC   0  E CS TS     0 PTAMS 0x1c700000 NTAMS 0x1c700000 space 1024K, 100% used [0x1c700000, 0x1c800000)
AC   0  E CS TS     0 PTAMS 0x1c800000 NTAMS 0x1c800000 space 1024K, 100% used [0x1c800000, 0x1c900000)
AC   0  E CS TS     0 PTAMS 0x1c900000 NTAMS 0x1c900000 space 1024K, 100% used [0x1c900000, 0x1ca00000)
AC   0  E CS TS     0 PTAMS 0x1ca00000 NTAMS 0x1ca00000 space 1024K, 100% used [0x1ca00000, 0x1cb00000)
AC   0  E CS TS     0 PTAMS 0x1cb00000 NTAMS 0x1cb00000 space 1024K, 100% used [0x1cb00000, 0x1cc00000)
AC   0  E CS TS     0 PTAMS 0x1cc00000 NTAMS 0x1cc00000 space 1024K, 100% used [0x1cc00000, 0x1cd00000)
AC   0  E CS TS     0 PTAMS 0x1cd00000 NTAMS 0x1cd00000 space 1024K, 100% used [0x1cd00000, 0x1ce00000)
AC   0  E CS TS     0 PTAMS 0x1ce00000 NTAMS 0x1ce00000 space 1024K, 100% used [0x1ce00000, 0x1cf00000)
AC   0  E CS TS     0 PTAMS 0x1cf00000 NTAMS 0x1cf00000 space 1024K, 100% used [0x1cf00000, 0x1d000000)
AC   0  E CS TS     0 PTAMS 0x1d000000 NTAMS 0x1d000000 space 1024K, 100% used [0x1d000000, 0x1d100000)
AC   0  E CS TS     0 PTAMS 0x1d100000 NTAMS 0x1d100000 space 1024K, 100% used [0x1d100000, 0x1d200000)
AC   0  E CS TS     0 PTAMS 0x1d200000 NTAMS 0x1d200000 space 1024K, 100% used [0x1d200000, 0x1d300000)
AC   0  E CS TS     0 PTAMS 0x1d300000 NTAMS 0x1d300000 space 1024K, 100% used [0x1d300000, 0x1d400000)
AC   0  E CS TS     0 PTAMS 0x1d400000 NTAMS 0x1d400000 space 1024K, 100% used [0x1d400000, 0x1d500000)
AC   0  E CS TS     0 PTAMS 0x1d500000 NTAMS 0x1d500000 space 1024K, 100% used [0x1d500000, 0x1d600000)
AC   0  E CS TS     0 PTAMS 0x1d600000 NTAMS 0x1d600000 space 1024K, 100% used [0x1d600000, 0x1d700000)
AC   0  E CS TS     0 PTAMS 0x1d700000 NTAMS 0x1d700000 space 1024K, 100% used [0x1d700000, 0x1d800000)
AC   0  E CS TS     0 PTAMS 0x1d800000 NTAMS 0x1d800000 space 1024K, 100% used [0x1d800000, 0x1d900000)
AC   0  E CS TS     0 PTAMS 0x1d900000 NTAMS 0x1d900000 space 1024K, 100% used [0x1d900000, 0x1da00000)
AC   0  E CS TS     0 PTAMS 0x1da00000 NTAMS 0x1da00000 space 1024K, 100% used [0x1da00000, 0x1db00000)
AC   0  E CS TS     0 PTAMS 0x1db00000 NTAMS 0x1db00000 space 1024K, 100% used [0x1db00000, 0x1dc00000)
AC   0  E CS TS     0 PTAMS 0x1dc00000 NTAMS 0x1dc00000 space 1024K, 100% used [0x1dc00000, 0x1dd00000)
AC   0  E CS TS     0 PTAMS 0x1dd00000 NTAMS 0x1dd00000 space 1024K, 100% used [0x1dd00000, 0x1de00000)
AC   0  E CS TS     0 PTAMS 0x1de00000 NTAMS 0x1de00000 space 1024K, 100% used [0x1de00000, 0x1df00000)
AC   0  E CS TS     0 PTAMS 0x1df00000 NTAMS 0x1df00000 space 1024K, 100% used [0x1df00000, 0x1e000000)
AC   0  E CS TS     0 PTAMS 0x1e000000 NTAMS 0x1e000000 space 1024K, 100% used [0x1e000000, 0x1e100000)
AC   0  E CS TS     0 PTAMS 0x1e100000 NTAMS 0x1e100000 space 1024K, 100% used [0x1e100000, 0x1e200000)
AC   0  E CS TS     0 PTAMS 0x1e200000 NTAMS 0x1e200000 space 1024K, 100% used [0x1e200000, 0x1e300000)
AC   0  E CS TS     0 PTAMS 0x1e300000 NTAMS 0x1e300000 space 1024K, 100% used [0x1e300000, 0x1e400000)
AC   0  E CS TS     0 PTAMS 0x1e400000 NTAMS 0x1e400000 space 1024K, 100% used [0x1e400000, 0x1e500000)
AC   0  E CS TS     0 PTAMS 0x1e500000 NTAMS 0x1e500000 space 1024K, 100% used [0x1e500000, 0x1e600000)
AC   0  E CS TS     0 PTAMS 0x1e600000 NTAMS 0x1e600000 space 1024K, 100% used [0x1e600000, 0x1e700000)
AC   0  E CS TS     0 PTAMS 0x1e700000 NTAMS 0x1e700000 space 1024K, 100% used [0x1e700000, 0x1e800000)
AC   0  E CS TS     0 PTAMS 0x1e800000 NTAMS 0x1e800000 space 1024K, 100% used [0x1e800000, 0x1e900000)
AC   0  E CS TS     0 PTAMS 0x1e900000 NTAMS 0x1e900000 space 1024K, 100% used [0x1e900000, 0x1ea00000)
AC   0  E CS TS     0 PTAMS 0x1ea00000 NTAMS 0x1ea00000 space 1024K, 100% used [0x1ea00000, 0x1eb00000)
AC   0  E CS TS     0 PTAMS 0x1eb00000 NTAMS 0x1eb00000 space 1024K, 100% used [0x1eb00000, 0x1ec00000)
AC   0  E CS TS     0 PTAMS 0x1ec00000 NTAMS 0x1ec00000 space 1024K, 100% used [0x1ec00000, 0x1ed00000)
AC   0  E CS TS     0 PTAMS 0x1ed00000 NTAMS 0x1ed00000 space 1024K, 100% used [0x1ed00000, 0x1ee00000)
AC   0  E CS TS     0 PTAMS 0x1ee00000 NTAMS 0x1ee00000 space 1024K, 100% used [0x1ee00000, 0x1ef00000)
AC   0  E CS TS     0 PTAMS 0x1ef00000 NTAMS 0x1ef00000 space 1024K, 100% used [0x1ef00000, 0x1f000000)
AC   0  E CS TS     0 PTAMS 0x1f000000 NTAMS 0x1f000000 space 1024K, 100% used [0x1f000000, 0x1f100000)
AC   0  E CS TS     0 PTAMS 0x1f100000 NTAMS 0x1f100000 space 1024K, 100% used [0x1f100000, 0x1f200000)
AC   0  E CS TS     0 PTAMS 0x1f200000 NTAMS 0x1f200000 space 1024K, 100% used [0x1f200000, 0x1f300000)
AC   0  E CS TS     0 PTAMS 0x1f300000 NTAMS 0x1f300000 space 1024K, 100% used [0x1f300000, 0x1f400000)
AC   0  E CS TS     0 PTAMS 0x1f400000 NTAMS 0x1f400000 space 1024K, 100% used [0x1f400000, 0x1f500000)
AC   0  E CS TS     0 PTAMS 0x1f500000 NTAMS 0x1f500000 space 1024K, 100% used [0x1f500000, 0x1f600000)
AC   0  E CS TS     0 PTAMS 0x1f600000 NTAMS 0x1f600000 space 1024K, 100% used [0x1f600000, 0x1f700000)
AC   0  E CS TS     0 PTAMS 0x1f700000 NTAMS 0x1f700000 space 1024K, 100% used [0x1f700000, 0x1f800000)
AC   0  E CS TS     0 PTAMS 0x1f800000 NTAMS 0x1f800000 space 1024K, 100% used [0x1f800000, 0x1f900000)
AC   0  E CS TS     0 PTAMS 0x1f900000 NTAMS 0x1f900000 space 1024K, 100% used [0x1f900000, 0x1fa00000)
AC   0  E CS TS     0 PTAMS 0x1fa00000 NTAMS 0x1fa00000 space 1024K, 100% used [0x1fa00000, 0x1fb00000)
AC   0  E CS TS     0 PTAMS 0x1fb00000 NTAMS 0x1fb00000 space 1024K, 100% used [0x1fb00000, 0x1fc00000)
AC   0  E CS TS     0 PTAMS 0x1fc00000 NTAMS 0x1fc00000 space 1024K, 100% used [0x1fc00000, 0x1fd00000)
AC   0  E CS TS     0 PTAMS 0x1fd00000 NTAMS 0x1fd00000 space 1024K, 100% used [0x1fd00000, 0x1fe00000)
AC   0  E CS TS     0 PTAMS 0x1fe00000 NTAMS 0x1fe00000 space 1024K, 100% used [0x1fe00000, 0x1ff00000)
AC   0  E CS TS     0 PTAMS 0x1ff00000 NTAMS 0x1ff00000 space 1024K, 100% used [0x1ff00000, 0x20000000)
AC   0  E CS TS     0 PTAMS 0x20000000 NTAMS 0x20000000 space 1024K, 100% used [0x20000000, 0x20100000)
AC   0  E CS TS     0 PTAMS 0x20100000 NTAMS 0x20100000 space 1024K, 100% used [0x20100000, 0x20200000)
AC   0  E CS TS     0 PTAMS 0x20200000 NTAMS 0x20200000 space 1024K, 100% used [0x20200000, 0x20300000)
AC   0  E CS TS     0 PTAMS 0x20300000 NTAMS 0x20300000 space 1024K, 100% used [0x20300000, 0x20400000)
AC   0  E CS TS     0 PTAMS 0x20400000 NTAMS 0x20400000 space 1024K, 100% used [0x20400000, 0x20500000)
AC   0  E CS TS     0 PTAMS 0x20500000 NTAMS 0x20500000 space 1024K, 100% used [0x20500000, 0x20600000)
AC   0  E CS TS     0 PTAMS 0x20600000 NTAMS 0x20600000 space 1024K, 100% used [0x20600000, 0x20700000)
AC   0  E CS TS     0 PTAMS 0x20700000 NTAMS 0x20700000 space 1024K, 100% used [0x20700000, 0x20800000)
AC   0  E CS TS     0 PTAMS 0x20800000 NTAMS 0x20800000 space 1024K, 100% used [0x20800000, 0x20900000)
AC   0  E CS TS     0 PTAMS 0x20900000 NTAMS 0x20900000 space 1024K, 100% used [0x20900000, 0x20a00000)
AC   0  E CS TS     0 PTAMS 0x20a00000 NTAMS 0x20a00000 space 1024K, 100% used [0x20a00000, 0x20b00000)
AC   0  E CS TS     0 PTAMS 0x20b00000 NTAMS 0x20b00000 space 1024K, 100% used [0x20b00000, 0x20c00000)
AC   0  E CS TS     0 PTAMS 0x20c00000 NTAMS 0x20c00000 space 1024K, 100% used [0x20c00000, 0x20d00000)
AC   0  E CS TS     0 PTAMS 0x20d00000 NTAMS 0x20d00000 space 1024K, 100% used [0x20d00000, 0x20e00000)
AC   0  E CS TS     0 PTAMS 0x20e00000 NTAMS 0x20e00000 space 1024K, 100% used [0x20e00000, 0x20f00000)
AC   0  E CS TS     0 PTAMS 0x20f00000 NTAMS 0x20f00000 space 1024K, 100% used [0x20f00000, 0x21000000)
AC   0  E CS TS     0 PTAMS 0x21000000 NTAMS 0x21000000 space 1024K, 100% used [0x21000000, 0x21100000)
AC   0  E CS TS     0 PTAMS 0x21100000 NTAMS 0x21100000 space 1024K, 100% used [0x21100000, 0x21200000)
AC   0  E CS TS     0 PTAMS 0x21200000 NTAMS 0x21200000 space 1024K, 100% used [0x21200000, 0x21300000)
AC   0  E CS TS     0 PTAMS 0x21300000 NTAMS 0x21300000 space 1024K, 100% used [0x21300000, 0x21400000)
AC   0  E CS TS     0 PTAMS 0x21400000 NTAMS 0x21400000 space 1024K, 100% used [0x21400000, 0x21500000)
AC   0  E CS TS     0 PTAMS 0x21500000 NTAMS 0x21500000 space 1024K, 100% used [0x21500000, 0x21600000)
AC   0  E CS TS     0 PTAMS 0x21600000 NTAMS 0x21600000 space 1024K, 100% used [0x21600000, 0x21700000)
AC   0  E CS TS     0 PTAMS 0x21700000 NTAMS 0x21700000 space 1024K, 100% used [0x21700000, 0x21800000)
AC   0  E CS TS     0 PTAMS 0x21800000 NTAMS 0x21800000 space 1024K, 100% used [0x21800000, 0x21900000)
AC   0  E CS TS     0 PTAMS 0x21900000 NTAMS 0x21900000 space 1024K, 100% used [0x21900000, 0x21a00000)
AC   0  E CS TS     0 PTAMS 0x21a00000 NTAMS 0x21a00000 space 1024K, 100% used [0x21a00000, 0x21b00000)
AC   0  E CS TS     0 PTAMS 0x21b00000 NTAMS 0x21b00000 space 1024K, 100% used [0x21b00000, 0x21c00000)
AC   0  E CS TS     0 PTAMS 0x21c00000 NTAMS 0x21c00000 space 1024K, 100% used [0x21c00000, 0x21d00000)
AC   0  E CS TS     0 PTAMS 0x21d00000 NTAMS 0x21d00000 space 1024K, 100% used [0x21d00000, 0x21e00000)
AC   0  E CS TS     0 PTAMS 0x21e00000 NTAMS 0x21e00000 space 1024K, 100% used [0x21e00000, 0x21f00000)
AC   0  E CS TS     0 PTAMS 0x21f00000 NTAMS 0x21f00000 space 1024K, 100% used [0x21f00000, 0x22000000)
AC   0  E CS TS     0 PTAMS 0x22000000 NTAMS 0x22000000 space 1024K, 100% used [0x22000000, 0x22100000)
AC   0  E CS TS     0 PTAMS 0x22100000 NTAMS 0x22100000 space 1024K, 100% used [0x22100000, 0x22200000)
AC   0  E CS TS     0 PTAMS 0x22200000 NTAMS 0x22200000 space 1024K, 100% used [0x22200000, 0x22300000)
AC   0  E CS TS     0 PTAMS 0x22300000 NTAMS 0x22300000 space 1024K, 100% used [0x22300000, 0x22400000)
AC   0  E CS TS     0 PTAMS 0x22400000 NTAMS 0x22400000 space 1024K, 100% used [0x22400000, 0x22500000)
AC   0  E CS TS     0 PTAMS 0x22500000 NTAMS 0x22500000 space 1024K, 100% used [0x22500000, 0x22600000)
AC   0  E CS TS     0 PTAMS 0x22600000 NTAMS 0x22600000 space 1024K, 100% used [0x22600000, 0x22700000)
AC   0  E CS TS     0 PTAMS 0x22700000 NTAMS 0x22700000 space 1024K, 100% used [0x22700000, 0x22800000)
AC   0  E CS TS     0 PTAMS 0x22800000 NTAMS 0x22800000 space 1024K, 100% used [0x22800000, 0x22900000)
AC   0  E CS TS     0 PTAMS 0x22900000 NTAMS 0x22900000 space 1024K, 100% used [0x22900000, 0x22a00000)
AC   0  E CS TS     0 PTAMS 0x22a00000 NTAMS 0x22a00000 space 1024K, 100% used [0x22a00000, 0x22b00000)
AC   0  E CS TS     0 PTAMS 0x22b00000 NTAMS 0x22b00000 space 1024K, 100% used [0x22b00000, 0x22c00000)
AC   0  E CS TS     0 PTAMS 0x22c00000 NTAMS 0x22c00000 space 1024K, 100% used [0x22c00000, 0x22d00000)
AC   0  E CS TS     0 PTAMS 0x22d00000 NTAMS 0x22d00000 space 1024K, 100% used [0x22d00000, 0x22e00000)
AC   0  E CS TS     0 PTAMS 0x22e00000 NTAMS 0x22e00000 space 1024K, 100% used [0x22e00000, 0x22f00000)
AC   0  E CS TS     0 PTAMS 0x22f00000 NTAMS 0x22f00000 space 1024K, 100% used [0x22f00000, 0x23000000)
AC   0  E CS TS     0 PTAMS 0x23000000 NTAMS 0x23000000 space 1024K, 100% used [0x23000000, 0x23100000)
AC   0  E CS TS     0 PTAMS 0x23100000 NTAMS 0x23100000 space 1024K, 100% used [0x23100000, 0x23200000)
AC   0  E CS TS     0 PTAMS 0x23200000 NTAMS 0x23200000 space 1024K, 100% used [0x23200000, 0x23300000)
AC   0  E CS TS     0 PTAMS 0x23300000 NTAMS 0x23300000 space 1024K, 100% used [0x23300000, 0x23400000)
AC   0  E CS TS     0 PTAMS 0x23400000 NTAMS 0x23400000 space 1024K, 100% used [0x23400000, 0x23500000)
AC   0  E CS TS     0 PTAMS 0x23500000 NTAMS 0x23500000 space 1024K, 100% used [0x23500000, 0x23600000)
AC   0  E CS TS     0 PTAMS 0x23600000 NTAMS 0x23600000 space 1024K, 100% used [0x23600000, 0x23700000)
AC   0  E CS TS     0 PTAMS 0x23700000 NTAMS 0x23700000 space 1024K, 100% used [0x23700000, 0x23800000)
AC   0  E CS TS     0 PTAMS 0x23800000 NTAMS 0x23800000 space 1024K, 100% used [0x23800000, 0x23900000)
AC   0  E CS TS     0 PTAMS 0x23900000 NTAMS 0x23900000 space 1024K, 100% used [0x23900000, 0x23a00000)
AC   0  E CS TS     0 PTAMS 0x23a00000 NTAMS 0x23a00000 space 1024K, 100% used [0x23a00000, 0x23b00000)
AC   0  E CS TS     0 PTAMS 0x23b00000 NTAMS 0x23b00000 space 1024K, 100% used [0x23b00000, 0x23c00000)
AC   0  E CS TS     0 PTAMS 0x23c00000 NTAMS 0x23c00000 space 1024K, 100% used [0x23c00000, 0x23d00000)
AC   0  E CS TS     0 PTAMS 0x23d00000 NTAMS 0x23d00000 space 1024K, 100% used [0x23d00000, 0x23e00000)
AC   0  E CS TS     0 PTAMS 0x23e00000 NTAMS 0x23e00000 space 1024K, 100% used [0x23e00000, 0x23f00000)
AC   0  E CS TS     0 PTAMS 0x23f00000 NTAMS 0x23f00000 space 1024K, 100% used [0x23f00000, 0x24000000)
AC   0  E CS TS     0 PTAMS 0x24000000 NTAMS 0x24000000 space 1024K, 100% used [0x24000000, 0x24100000)
AC   0  E CS TS     0 PTAMS 0x24100000 NTAMS 0x24100000 space 1024K, 100% used [0x24100000, 0x24200000)
AC   0  E CS TS     0 PTAMS 0x24200000 NTAMS 0x24200000 space 1024K, 100% used [0x24200000, 0x24300000)
AC   0  E CS TS     0 PTAMS 0x24300000 NTAMS 0x24300000 space 1024K, 100% used [0x24300000, 0x24400000)
AC   0  E CS TS     0 PTAMS 0x24400000 NTAMS 0x24400000 space 1024K, 100% used [0x24400000, 0x24500000)
AC   0  E CS TS     0 PTAMS 0x24500000 NTAMS 0x24500000 space 1024K, 100% used [0x24500000, 0x24600000)
AC   0  E CS TS     0 PTAMS 0x24600000 NTAMS 0x24600000 space 1024K, 100% used [0x24600000, 0x24700000)
AC   0  E CS TS     0 PTAMS 0x24700000 NTAMS 0x24700000 space 1024K, 100% used [0x24700000, 0x24800000)
AC   0  E CS TS     0 PTAMS 0x24800000 NTAMS 0x24800000 space 1024K, 100% used [0x24800000, 0x24900000)
AC   0  E CS TS     0 PTAMS 0x24900000 NTAMS 0x24900000 space 1024K, 100% used [0x24900000, 0x24a00000)
AC   0  E CS TS     0 PTAMS 0x24a00000 NTAMS 0x24a00000 space 1024K, 100% used [0x24a00000, 0x24b00000)
AC   0  E CS TS     0 PTAMS 0x24b00000 NTAMS 0x24b00000 space 1024K, 100% used [0x24b00000, 0x24c00000)
AC   0  E CS TS     0 PTAMS 0x24c00000 NTAMS 0x24c00000 space 1024K, 100% used [0x24c00000, 0x24d00000)
AC   0  E CS TS     0 PTAMS 0x24d00000 NTAMS 0x24d00000 space 1024K, 100% used [0x24d00000, 0x24e00000)
AC   0  E CS TS     0 PTAMS 0x24e00000 NTAMS 0x24e00000 space 1024K, 100% used [0x24e00000, 0x24f00000)
AC   0  E CS TS     0 PTAMS 0x24f00000 NTAMS 0x24f00000 space 1024K, 100% used [0x24f00000, 0x25000000)
AC   0  E CS TS     0 PTAMS 0x25000000 NTAMS 0x25000000 space 1024K, 100% used [0x25000000, 0x25100000)
AC   0  E CS TS     0 PTAMS 0x25100000 NTAMS 0x25100000 space 1024K, 100% used [0x25100000, 0x25200000)
AC   0  E CS TS     0 PTAMS 0x25200000 NTAMS 0x25200000 space 1024K, 100% used [0x25200000, 0x25300000)
AC   0  E CS TS     0 PTAMS 0x25300000 NTAMS 0x25300000 space 1024K, 100% used [0x25300000, 0x25400000)
AC   0  E CS TS     0 PTAMS 0x25400000 NTAMS 0x25400000 space 1024K, 100% used [0x25400000, 0x25500000)
AC   0  E CS TS     0 PTAMS 0x25500000 NTAMS 0x25500000 space 1024K, 100% used [0x25500000, 0x25600000)
AC   0  E CS TS     0 PTAMS 0x25600000 NTAMS 0x25600000 space 1024K, 100% used [0x25600000, 0x25700000)
AC   0  E CS TS     0 PTAMS 0x25700000 NTAMS 0x25700000 space 1024K, 100% used [0x25700000, 0x25800000)
AC   0  E CS TS     0 PTAMS 0x25800000 NTAMS 0x25800000 space 1024K, 100% used [0x25800000, 0x25900000)
AC   0  E CS TS     0 PTAMS 0x25900000 NTAMS 0x25900000 space 1024K, 100% used [0x25900000, 0x25a00000)
AC   0  E CS TS     0 PTAMS 0x25a00000 NTAMS 0x25a00000 space 1024K, 100% used [0x25a00000, 0x25b00000)
AC   0  E CS TS     0 PTAMS 0x25b00000 NTAMS 0x25b00000 space 1024K, 100% used [0x25b00000, 0x25c00000)
AC   0  E CS TS     0 PTAMS 0x25c00000 NTAMS 0x25c00000 space 1024K, 100% used [0x25c00000, 0x25d00000)
AC   0  E CS TS     0 PTAMS 0x25d00000 NTAMS 0x25d00000 space 1024K, 100% used [0x25d00000, 0x25e00000)
AC   0  S CS TS     1 PTAMS 0x25e00000 NTAMS 0x25e00000 space 1024K, 100% used [0x25e00000, 0x25f00000)
AC   0  S CS TS     1 PTAMS 0x25f00000 NTAMS 0x25f00000 space 1024K, 100% used [0x25f00000, 0x26000000)
AC   0  S CS TS     1 PTAMS 0x26000000 NTAMS 0x26000000 space 1024K, 100% used [0x26000000, 0x26100000)
AC   0  S CS TS     1 PTAMS 0x26100000 NTAMS 0x26100000 space 1024K, 100% used [0x26100000, 0x26200000)
AC   0  S CS TS     1 PTAMS 0x26200000 NTAMS 0x26200000 space 1024K, 100% used [0x26200000, 0x26300000)
AC   0  S CS TS     1 PTAMS 0x26300000 NTAMS 0x26300000 space 1024K, 100% used [0x26300000, 0x26400000)
AC   0  S CS TS     1 PTAMS 0x26400000 NTAMS 0x26400000 space 1024K, 100% used [0x26400000, 0x26500000)
AC   0  S CS TS     1 PTAMS 0x26500000 NTAMS 0x26500000 space 1024K, 100% used [0x26500000, 0x26600000)
AC   0  S CS TS     1 PTAMS 0x26600000 NTAMS 0x26600000 space 1024K, 100% used [0x26600000, 0x26700000)
AC   0  S CS TS     1 PTAMS 0x26700000 NTAMS 0x26700000 space 1024K,  99% used [0x26700000, 0x26800000)

Card table byte_map: [0x44400000,0x44600000] byte_map_base: 0x443e0000

Marking Bits (Prev, Next): (CMBitMap*) 0x00e15350, (CMBitMap*) 0x00e1537c
 Prev Bits: [0x44800000, 0x45800000)
 Next Bits: [0x45800000, 0x46800000)

Polling page: 0x00240000

CodeCache: size=32768Kb used=8352Kb max_used=9865Kb free=24415Kb
 bounds [0x01bb0000, 0x025b8000, 0x03bb0000]
 total_blobs=3596 nmethods=3140 adapters=384
 compilation: enabled

Compilation events (10 events):
Event: 202.786 Thread 0x469cac00 8252             sun.misc.URLClassPath::findResource (47 bytes)
Event: 202.787 Thread 0x469cac00 nmethod 8252 0x020487c8 code [0x020488f0, 0x02048a14]
Event: 202.799 Thread 0x469cac00 8253             java.awt.image.MultiPixelPackedSampleModel::getPixel (124 bytes)
Event: 202.799 Thread 0x469cac00 nmethod 8253 0x02048288 code [0x020483a0, 0x02048608]
Event: 202.799 Thread 0x469cac00 8254             java.awt.image.Raster::getPixel (25 bytes)
Event: 202.799 Thread 0x469cac00 nmethod 8254 0x020dc148 code [0x020dc250, 0x020dc30c]
Event: 202.799 Thread 0x469cac00 8255             java.awt.image.WritableRaster::setPixel (25 bytes)
Event: 202.799 Thread 0x469cac00 nmethod 8255 0x020dbf08 code [0x020dc010, 0x020dc0cc]
Event: 202.801 Thread 0x469cac00 8256 % !         com.sun.imageio.plugins.png.PNGImageReader::decodePass @ 1069 (1201 bytes)
Event: 202.806 Thread 0x469cac00 nmethod 8256% 0x01f18008 code [0x01f18390, 0x01f1b048]

GC Heap History (10 events):
Event: 94.536 GC heap before
{Heap before GC invocations=311 (full 2):
 garbage-first heap   total 500736K, used 478129K [0x04000000, 0x041007a4, 0x44000000)
  region size 1024K, 70 young (71680K), 7 survivors (7168K)
 Metaspace       used 37200K, capacity 38187K, committed 38272K, reserved 38272K
Event: 94.569 GC heap after
Heap after GC invocations=312 (full 2):
 garbage-first heap   total 509952K, used 170097K [0x04000000, 0x041007c8, 0x44000000)
  region size 1024K, 9 young (9216K), 9 survivors (9216K)
 Metaspace       used 37200K, capacity 38187K, committed 38272K, reserved 38272K
}
Event: 99.533 GC heap before
{Heap before GC invocations=312 (full 2):
 garbage-first heap   total 509952K, used 255089K [0x04000000, 0x041007c8, 0x44000000)
  region size 1024K, 45 young (46080K), 9 survivors (9216K)
 Metaspace       used 37270K, capacity 38256K, committed 38272K, reserved 38272K
Event: 99.550 GC heap after
Heap after GC invocations=313 (full 2):
 garbage-first heap   total 509952K, used 170929K [0x04000000, 0x041007c8, 0x44000000)
  region size 1024K, 10 young (10240K), 10 survivors (10240K)
 Metaspace       used 37270K, capacity 38256K, committed 38272K, reserved 38272K
}
Event: 108.549 GC heap before
{Heap before GC invocations=314 (full 2):
 garbage-first heap   total 544768K, used 519089K [0x04000000, 0x04100850, 0x44000000)
  region size 1024K, 62 young (63488K), 10 survivors (10240K)
 Metaspace       used 37286K, capacity 38268K, committed 38272K, reserved 38272K
Event: 108.567 GC heap after
Heap after GC invocations=315 (full 2):
 garbage-first heap   total 555008K, used 170929K [0x04000000, 0x04100878, 0x44000000)
  region size 1024K, 10 young (10240K), 10 survivors (10240K)
 Metaspace       used 37286K, capacity 38268K, committed 38272K, reserved 38272K
}
Event: 134.997 GC heap before
{Heap before GC invocations=315 (full 2):
 garbage-first heap   total 555008K, used 347057K [0x04000000, 0x04100878, 0x44000000)
  region size 1024K, 119 young (121856K), 10 survivors (10240K)
 Metaspace       used 37380K, capacity 38392K, committed 38400K, reserved 39296K
Event: 135.017 GC heap after
Heap after GC invocations=316 (full 2):
 garbage-first heap   total 555008K, used 170417K [0x04000000, 0x04100878, 0x44000000)
  region size 1024K, 9 young (9216K), 9 survivors (9216K)
 Metaspace       used 37380K, capacity 38392K, committed 38400K, reserved 39296K
}
Event: 177.985 GC heap before
{Heap before GC invocations=317 (full 2):
 garbage-first heap   total 555008K, used 539057K [0x04000000, 0x04100878, 0x44000000)
  region size 1024K, 225 young (230400K), 9 survivors (9216K)
 Metaspace       used 37399K, capacity 38402K, committed 38528K, reserved 39296K
Event: 178.010 GC heap after
Heap after GC invocations=318 (full 2):
 garbage-first heap   total 565248K, used 171441K [0x04000000, 0x041008a0, 0x44000000)
  region size 1024K, 10 young (10240K), 10 survivors (10240K)
 Metaspace       used 37399K, capacity 38402K, committed 38528K, reserved 39296K
}

Deoptimization events (0 events):
No events

Internal exceptions (10 events):
Event: 202.546 Thread 0x534cb000 Exception <a 'java/lang/InterruptedException': sleep interrupted> (0x1f956ed0) thrown at [C:\re\workspace\8-2-build-windows-i586-cygwin\jdk8u102\7268\hotspot\src\share\vm\prims\jvm.cpp, line 3215]
Event: 202.565 Thread 0x534cb000 Exception <a 'java/lang/InterruptedException': sleep interrupted> (0x1f957150) thrown at [C:\re\workspace\8-2-build-windows-i586-cygwin\jdk8u102\7268\hotspot\src\share\vm\prims\jvm.cpp, line 3215]
Event: 202.584 Thread 0x534cb000 Exception <a 'java/lang/InterruptedException': sleep interrupted> (0x1f9573d0) thrown at [C:\re\workspace\8-2-build-windows-i586-cygwin\jdk8u102\7268\hotspot\src\share\vm\prims\jvm.cpp, line 3215]
Event: 202.607 Thread 0x534cb000 Exception <a 'java/lang/InterruptedException': sleep interrupted> (0x1f957650) thrown at [C:\re\workspace\8-2-build-windows-i586-cygwin\jdk8u102\7268\hotspot\src\share\vm\prims\jvm.cpp, line 3215]
Event: 202.629 Thread 0x534cb000 Exception <a 'java/lang/InterruptedException': sleep interrupted> (0x1f9578d0) thrown at [C:\re\workspace\8-2-build-windows-i586-cygwin\jdk8u102\7268\hotspot\src\share\vm\prims\jvm.cpp, line 3215]
Event: 202.646 Thread 0x534cb000 Exception <a 'java/lang/InterruptedException': sleep interrupted> (0x1f957b50) thrown at [C:\re\workspace\8-2-build-windows-i586-cygwin\jdk8u102\7268\hotspot\src\share\vm\prims\jvm.cpp, line 3215]
Event: 202.665 Thread 0x534cb000 Exception <a 'java/lang/InterruptedException': sleep interrupted> (0x1f957dd0) thrown at [C:\re\workspace\8-2-build-windows-i586-cygwin\jdk8u102\7268\hotspot\src\share\vm\prims\jvm.cpp, line 3215]
Event: 202.684 Thread 0x534cb000 Exception <a 'java/lang/InterruptedException': sleep interrupted> (0x1f958050) thrown at [C:\re\workspace\8-2-build-windows-i586-cygwin\jdk8u102\7268\hotspot\src\share\vm\prims\jvm.cpp, line 3215]
Event: 202.707 Thread 0x534cb000 Exception <a 'java/lang/InterruptedException': sleep interrupted> (0x1f9582d0) thrown at [C:\re\workspace\8-2-build-windows-i586-cygwin\jdk8u102\7268\hotspot\src\share\vm\prims\jvm.cpp, line 3215]
Event: 202.765 Thread 0x534cb000 Exception <a 'java/lang/InterruptedException': sleep interrupted> (0x1f958550) thrown at [C:\re\workspace\8-2-build-windows-i586-cygwin\jdk8u102\7268\hotspot\src\share\vm\prims\jvm.cpp, line 3215]

Events (10 events):
Event: 202.741 Thread 0x469cac00 flushing nmethod 0x02257c08
Event: 202.741 Thread 0x469cac00 flushing nmethod 0x02258608
Event: 202.745 loading class net/minecraft/client/gui/GuiListExtended
Event: 202.745 loading class net/minecraft/client/gui/GuiListExtended done
Event: 202.750 loading class net/minecraft/client/gui/GuiKeyBindingList$CategoryEntry
Event: 202.750 loading class net/minecraft/client/gui/GuiKeyBindingList$CategoryEntry done
Event: 202.753 loading class net/minecraft/client/gui/GuiKeyBindingList$KeyEntry
Event: 202.753 loading class net/minecraft/client/gui/GuiKeyBindingList$KeyEntry done
Event: 202.760 loading class net/minecraft/client/settings/GameSettings$SwitchOptions
Event: 202.760 loading class net/minecraft/client/settings/GameSettings$SwitchOptions done


Dynamic libraries:
0x00f70000 - 0x00fa3000 	D:\Java1\bin\javaw.exe
0x77390000 - 0x774d2000 	C:\Windows\SYSTEM32\ntdll.dll
0x75b80000 - 0x75c55000 	C:\Windows\system32\kernel32.dll
0x756a0000 - 0x756eb000 	C:\Windows\system32\KERNELBASE.dll
0x75d40000 - 0x75de1000 	C:\Windows\system32\ADVAPI32.dll
0x75df0000 - 0x75e9c000 	C:\Windows\system32\msvcrt.dll
0x77510000 - 0x77529000 	C:\Windows\SYSTEM32\sechost.dll
0x77530000 - 0x775d2000 	C:\Windows\system32\RPCRT4.dll
0x75ea0000 - 0x75f69000 	C:\Windows\system32\USER32.dll
0x75980000 - 0x759ce000 	C:\Windows\system32\GDI32.dll
0x774f0000 - 0x774fa000 	C:\Windows\system32\LPK.dll
0x77190000 - 0x7722d000 	C:\Windows\system32\USP10.dll
0x74410000 - 0x745ae000 	C:\Windows\WinSxS\x86_microsoft.windows.common-controls_6595b64144ccf1df_6.0.7601.24440_none_2b1c5296457b2f0c\COMCTL32.dll
0x75ce0000 - 0x75d37000 	C:\Windows\system32\SHLWAPI.dll
0x75b60000 - 0x75b7f000 	C:\Windows\system32\IMM32.DLL
0x759d0000 - 0x75a9c000 	C:\Windows\system32\MSCTF.dll
0x73110000 - 0x731cf000 	D:\Java1\bin\msvcr100.dll
0x696b0000 - 0x69a7d000 	D:\Java1\bin\client\jvm.dll
0x726e0000 - 0x726e7000 	C:\Windows\system32\WSOCK32.dll
0x75aa0000 - 0x75ad5000 	C:\Windows\system32\WS2_32.dll
0x757d0000 - 0x757d6000 	C:\Windows\system32\NSI.dll
0x72cb0000 - 0x72ce2000 	C:\Windows\system32\WINMM.dll
0x74980000 - 0x74989000 	C:\Windows\system32\VERSION.dll
0x774e0000 - 0x774e5000 	C:\Windows\system32\PSAPI.DLL
0x73d20000 - 0x73d2c000 	D:\Java1\bin\verify.dll
0x73cf0000 - 0x73d11000 	D:\Java1\bin\java.dll
0x73cd0000 - 0x73ce3000 	D:\Java1\bin\zip.dll
0x75fd0000 - 0x76c1c000 	C:\Windows\system32\SHELL32.dll
0x77230000 - 0x7738f000 	C:\Windows\system32\ole32.dll
0x754c0000 - 0x754cb000 	C:\Windows\system32\profapi.dll
0x73d30000 - 0x73d3a000 	D:\Java1\bin\management.dll
0x724f0000 - 0x72506000 	D:\Java1\bin\net.dll
0x74ea0000 - 0x74edc000 	C:\Windows\system32\mswsock.dll
0x74e90000 - 0x74e96000 	C:\Windows\System32\wship6.dll
0x724e0000 - 0x724ef000 	D:\Java1\bin\nio.dll
0x73600000 - 0x73610000 	C:\Windows\system32\NLAapi.dll
0x72d50000 - 0x72d60000 	C:\Windows\system32\napinsp.dll
0x6e7b0000 - 0x6e7c2000 	C:\Windows\system32\pnrpnsp.dll
0x74d60000 - 0x74da4000 	C:\Windows\system32\DNSAPI.dll
0x72d40000 - 0x72d48000 	C:\Windows\System32\winrnr.dll
0x74a10000 - 0x74a15000 	C:\Windows\System32\wshtcpip.dll
0x73410000 - 0x7342c000 	C:\Windows\system32\IPHLPAPI.DLL
0x73400000 - 0x73407000 	C:\Windows\system32\WINNSI.DLL
0x72d70000 - 0x72d76000 	C:\Windows\system32\rasadhlp.dll
0x73080000 - 0x730b8000 	C:\Windows\System32\fwpuclnt.dll
0x72680000 - 0x72692000 	D:\Java1\bin\unpack.dll
0x03ed0000 - 0x03f1d000 	G:\Mc\  RPG\\.minecraft\versions\1.7.10-Forge10.13.4.1614-1.7.10\1.7.10-Forge10.13.4.1614-1.7.10-natives\lwjgl.dll
0x5d760000 - 0x5d828000 	C:\Windows\system32\OPENGL32.dll
0x5f450000 - 0x5f472000 	C:\Windows\system32\GLU32.dll
0x5d670000 - 0x5d757000 	C:\Windows\system32\DDRAW.dll
0x69be0000 - 0x69be6000 	C:\Windows\system32\DCIMAN32.dll
0x757e0000 - 0x7597d000 	C:\Windows\system32\SETUPAPI.dll
0x75670000 - 0x75697000 	C:\Windows\system32\CFGMGR32.dll
0x770f0000 - 0x77182000 	C:\Windows\system32\OLEAUT32.dll
0x757b0000 - 0x757c2000 	C:\Windows\system32\DEVOBJ.dll
0x73f50000 - 0x73f63000 	C:\Windows\system32\dwmapi.dll
0x74ee0000 - 0x74ef7000 	C:\Windows\system32\CRYPTSP.dll
0x74c70000 - 0x74cab000 	C:\Windows\system32\rsaenh.dll
0x74af0000 - 0x74b07000 	C:\Windows\system32\USERENV.dll
0x75410000 - 0x7541c000 	C:\Windows\system32\CRYPTBASE.dll
0x73220000 - 0x7322d000 	C:\Windows\system32\dhcpcsvc6.DLL
0x73200000 - 0x73212000 	C:\Windows\system32\dhcpcsvc.DLL
0x68ef0000 - 0x69035000 	D:\Java1\bin\awt.dll
0x74250000 - 0x74290000 	C:\Windows\system32\uxtheme.dll
0x58e40000 - 0x598a6000 	C:\Windows\system32\ig4icd32.dll
0x68920000 - 0x68999000 	C:\Windows\system32\mscms.dll
0x6a5d0000 - 0x6a608000 	C:\Windows\system32\icm32.dll
0x70a40000 - 0x70a7a000 	G:\Mc\  RPG\\.minecraft\versions\1.7.10-Forge10.13.4.1614-1.7.10\1.7.10-Forge10.13.4.1614-1.7.10-natives\avutil-ttv-51.dll
0x65980000 - 0x6599d000 	G:\Mc\  RPG\\.minecraft\versions\1.7.10-Forge10.13.4.1614-1.7.10\1.7.10-Forge10.13.4.1614-1.7.10-natives\swresample-ttv-0.dll
0x6eb80000 - 0x6ec09000 	G:\Mc\  RPG\\.minecraft\versions\1.7.10-Forge10.13.4.1614-1.7.10\1.7.10-Forge10.13.4.1614-1.7.10-natives\libmp3lame-ttv.dll
0x639d0000 - 0x64950000 	G:\Mc\  RPG\\.minecraft\versions\1.7.10-Forge10.13.4.1614-1.7.10\1.7.10-Forge10.13.4.1614-1.7.10-natives\libmfxsw32.dll
0x67b30000 - 0x67c33000 	G:\Mc\  RPG\\.minecraft\versions\1.7.10-Forge10.13.4.1614-1.7.10\1.7.10-Forge10.13.4.1614-1.7.10-natives\twitchsdk.dll
0x76d60000 - 0x76e55000 	C:\Windows\system32\WININET.dll
0x76c20000 - 0x76d56000 	C:\Windows\system32\urlmon.dll
0x75540000 - 0x75662000 	C:\Windows\system32\CRYPT32.dll
0x75530000 - 0x7553c000 	C:\Windows\system32\MSASN1.dll
0x76e60000 - 0x7705b000 	C:\Windows\system32\iertutil.dll
0x67e70000 - 0x67ea9000 	D:\Java1\bin\fontmanager.dll
0x482b0000 - 0x482e2000 	D:\Java1\bin\t2k.dll
0x4bbc0000 - 0x4bc25000 	G:\Mc\  RPG\\.minecraft\versions\1.7.10-Forge10.13.4.1614-1.7.10\1.7.10-Forge10.13.4.1614-1.7.10-natives\OpenAL32.dll
0x77060000 - 0x770e3000 	C:\Windows\system32\CLBCatQ.DLL
0x73f70000 - 0x73fa9000 	C:\Windows\System32\MMDevApi.dll
0x74290000 - 0x74385000 	C:\Windows\System32\PROPSYS.dll
0x6cfb0000 - 0x6d022000 	C:\Windows\system32\dsound.dll
0x73e70000 - 0x73e95000 	C:\Windows\system32\POWRPROF.dll
0x6c8c0000 - 0x6c8f6000 	C:\Windows\system32\AUDIOSES.DLL
0x6fa50000 - 0x6fa70000 	D:\Java1\bin\sunec.dll
0x6fa40000 - 0x6fa49000 	D:\Java1\bin\sunmscapi.dll
0x753c0000 - 0x7540c000 	C:\Windows\system32\apphelp.dll
0x6c900000 - 0x6ce2a000 	C:\Windows\system32\SOGOUPY.IME
0x73770000 - 0x73775000 	C:\Windows\system32\MSIMG32.dll
0x73a90000 - 0x73acc000 	C:\Windows\system32\OLEACC.dll
0x73780000 - 0x737a1000 	C:\Windows\system32\ntmarta.dll
0x75ae0000 - 0x75b25000 	C:\Windows\system32\WLDAP32.dll
0x67a40000 - 0x67b1f000 	D:\SogouInput\8.6.0.1467\Resource.dll
0x6a3f0000 - 0x6a5a9000 	D:\SogouInput\Components\PicFace\1.1.0.1766\PicFace.dll
0x75c60000 - 0x75cdb000 	C:\Windows\system32\COMDLG32.dll
0x6f8f0000 - 0x6f9d5000 	D:\SogouInput\Components\SogouFlash\1.0.0.184\SogouFlashDll.dll
0x72af0000 - 0x72bdb000 	C:\Windows\system32\dbghelp.dll

VM Arguments:
jvm_args: -XX:+UseG1GC -XX:-UseAdaptiveSizePolicy -XX:-OmitStackTraceInFastThrow -Xms128M -Xmx1024M -Djava.library.path=G:\Mc\  RPG\\.minecraft\versions\1.7.10-Forge10.13.4.1614-1.7.10\1.7.10-Forge10.13.4.1614-1.7.10-natives -Dfml.ignoreInvalidMinecraftCertificates=true -Dfml.ignorePatchDiscrepancies=true 
java_command: net.minecraft.launchwrapper.Launch --username Dr. Bad Blood --version 1.7.10-Forge10.13.4.1614-1.7.10 --gameDir G:\Mc\  RPG\\.minecraft --assetsDir G:\Mc\  RPG\\.minecraft\assets --assetIndex 1.7.10 --uuid bdbe4fb5178f734371383fdbf9c9f31b --accessToken bdbe4fb5178f734371383fdbf9c9f31b --userProperties {} --userType Legacy --tweakClass cpw.mods.fml.common.launcher.FMLTweaker
java_class_path (initial): G:\Mc\  RPG\\.minecraft\libraries\net\minecraftforge\forge\1.7.10-10.13.4.1614-1.7.10\forge-1.7.10-10.13.4.1614-1.7.10.jar;G:\Mc\  RPG\\.minecraft\libraries\net\minecraft\launchwrapper\1.12\launchwrapper-1.12.jar;G:\Mc\  RPG\\.minecraft\libraries\org\ow2\asm\asm-all\5.0.3\asm-all-5.0.3.jar;G:\Mc\  RPG\\.minecraft\libraries\com\typesafe\akka\akka-actor_2.11\2.3.3\akka-actor_2.11-2.3.3.jar;G:\Mc\  RPG\\.minecraft\libraries\com\typesafe\config\1.2.1\config-1.2.1.jar;G:\Mc\  RPG\\.minecraft\libraries\org\scala-lang\scala-actors-migration_2.11\1.1.0\scala-actors-migration_2.11-1.1.0.jar;G:\Mc\  RPG\\.minecraft\libraries\org\scala-lang\scala-compiler\2.11.1\scala-compiler-2.11.1.jar;G:\Mc\  RPG\\.minecraft\libraries\org\scala-lang\plugins\scala-continuations-library_2.11\1.0.2\scala-continuations-library_2.11-1.0.2.jar;G:\Mc\  RPG\\.minecraft\libraries\org\scala-lang\plugins\scala-continuations-plugin_2.11.1\1.0.2\scala-continuations-plugin_2.11.1-1.0.2.jar;G:\Mc\  RPG\\.minecraft\libraries\org\scala-lang\scala-library\2.11.1\scala-library-2.11.1.jar;G:\Mc\  RPG\\.minecraft\libraries\org\scala-lang\scala-parser-combinators_2.11\1.0.1\scala-parser-combinators_2.11-1.0.1.jar;G:\Mc\  RPG\\.minecraft\libraries\org\scala-lang\scala-reflect\2.11.1\scala-reflect-2.11.1.jar;G:\Mc\  RPG\\.minecraft\libraries\org\scala-lang\scala-swing_2.11\1.0.1\scala-swing_2.11-1.0.1.jar;G:\Mc\  RPG\\.minecraft\libraries\org\scala-lang\scala-xml_2.11\1.0.2\scala-xml_2.11-1.0.2.jar;G:\Mc\  RPG\\.minecraft\libraries\lzma\lzma\0.0.1\lzma-0.0.1.jar;G:\Mc\  RPG\\.minecraft\libraries\net\sf\jopt-s
Launcher Type: SUN_STANDARD

Environment Variables:
PATH=C:\ProgramData\Oracle\Java\javapath;C:\Windows\system32;C:\Windows;C:\Windows\System32\Wbem;C:\Windows\System32\WindowsPowerShell\v1.0\
USERNAME=Administrator
OS=Windows_NT
PROCESSOR_IDENTIFIER=x86 Family 6 Model 42 Stepping 7, GenuineIntel



---------------  S Y S T E M  ---------------

OS: Windows 7 Build 7601 (6.1.7601.24441)

CPU:total 2 (2 cores per cpu, 1 threads per core) family 6 model 42 stepping 7, cmov, cx8, fxsr, mmx, sse, sse2, sse3, ssse3, sse4.1, sse4.2, popcnt, clmul, tsc, tscinvbit

Memory: 4k page, physical 3354456k(1282624k free), swap 6708912k(4143852k free)

vm_info: Java HotSpot(TM) Client VM (25.102-b14) for windows-x86 JRE (1.8.0_102-b14), built on Jun 22 2016 13:13:29 by "java_re" with MS VC++ 10.0 (VS2010)

time: Fri Jul 03 19:35:36 2020
elapsed time: 202 seconds (0d 0h 3m 22s)

