#
# A fatal error has been detected by the Java Runtime Environment:
#
#  EXCEPTION_ACCESS_VIOLATION (0xc0000005) at pc=0x59255738, pid=6688, tid=0x00000fb0
#
# JRE version: Java(TM) SE Runtime Environment (8.0_102-b14) (build 1.8.0_102-b14)
# Java VM: Java HotSpot(TM) Client VM (25.102-b14 mixed mode windows-x86 )
# Problematic frame:
# C  [ig4icd32.dll+0x415738]
#
# Failed to write core dump. Minidumps are not enabled by default on client versions of Windows
#
# If you would like to submit a bug report, please visit:
#   http://bugreport.java.com/bugreport/crash.jsp
# The crash happened outside the Java Virtual Machine in native code.
# See problematic frame for where to report the bug.
#

---------------  T H R E A D  ---------------

Current thread (0x01d7e800):  JavaThread "Client thread" [_thread_in_native, id=4016, stack(0x006e0000,0x00730000)]

siginfo: ExceptionCode=0xc0000005, reading address 0x6c697475

Registers:
EAX=0x6c697475, EBX=0x4b4e0080, ECX=0x4b4e0080, EDX=0x00000100
ESP=0x0072ed80, EBP=0x4f593ff0, ESI=0x0022f4f0, EDI=0x00000001
EIP=0x59255738, EFLAGS=0x00010202

Top of Stack: (sp=0x0072ed80)
0x0072ed80:   00000001 4b4e0080 00000000 59257aac
0x0072ed90:   00000001 4f593ff0 00000003 592579fd
0x0072eda0:   00000100 00000001 4c8c3300 4b4e0080
0x0072edb0:   592556cf 00000001 00000000 4c8c3300
0x0072edc0:   4f593ff0 4b4e0080 00000001 58eb81a8
0x0072edd0:   00000001 4b4e0080 6c0ebe68 4f593ff0
0x0072ede0:   4b4e0080 58eb8250 4b4e0080 00008d40
0x0072edf0:   4f593ff0 00008d40 0007ff01 00000001 

Instructions: (pc=0x59255738)
0x59255718:   30 02 00 00 00 75 0c 8b 36 85 f6 75 eb 5f 5e 32
0x59255728:   c0 5b c3 8b 86 30 02 00 00 85 c0 74 0e 8b 40 40
0x59255738:   83 38 00 75 e8 80 78 0c 00 74 e2 8b d6 e8 16 02
0x59255748:   00 00 6a 01 53 8d 8e 60 02 00 00 e8 b8 54 bf ff 


Register to memory mapping:

EAX=0x6c697475 is an unknown value
EBX=0x4b4e0080 is an unknown value
ECX=0x4b4e0080 is an unknown value
EDX=0x00000100 is an unknown value
ESP=0x0072ed80 is pointing into the stack for thread: 0x01d7e800
EBP=0x4f593ff0 is an unknown value
ESI=0x0022f4f0 is an unknown value
EDI=0x00000001 is an unknown value


Stack: [0x006e0000,0x00730000],  sp=0x0072ed80,  free space=315k
Native frames: (J=compiled Java code, j=interpreted, Vv=VM code, C=native code)
C  [ig4icd32.dll+0x415738]

Java frames: (J=compiled Java code, j=interpreted, Vv=VM code)
J 4220  org.lwjgl.opengl.GL11.nglClear(IJ)V (0 bytes) @ 0x02101ceb [0x02101ca0+0x4b]
j  org.lwjgl.opengl.GL11.glClear(I)V+15
j  net.minecraft.client.shader.Framebuffer.func_147614_f()V+54
j  net.minecraft.client.shader.Framebuffer.func_147605_b(II)V+238
j  net.minecraft.client.shader.Framebuffer.func_147613_a(II)V+39
j  net.minecraft.client.Minecraft.func_147119_ah()V+12
j  net.minecraft.client.Minecraft.func_71352_k()V+155
j  net.minecraft.client.Minecraft.func_152348_aa()V+343
J 17744 C1 net.minecraft.client.Minecraft.func_71407_l()V (2148 bytes) @ 0x02398460 [0x02397010+0x1450]
J 4431 C1 net.minecraft.client.Minecraft.func_71411_J()V (773 bytes) @ 0x02419df4 [0x02419bb0+0x244]
J 12680% C1 net.minecraft.client.Minecraft.func_99999_d()V (210 bytes) @ 0x02409890 [0x02409820+0x70]
j  net.minecraft.client.main.Main.main([Ljava/lang/String;)V+1012
v  ~StubRoutines::call_stub
j  sun.reflect.NativeMethodAccessorImpl.invoke0(Ljava/lang/reflect/Method;Ljava/lang/Object;[Ljava/lang/Object;)Ljava/lang/Object;+0
j  sun.reflect.NativeMethodAccessorImpl.invoke(Ljava/lang/Object;[Ljava/lang/Object;)Ljava/lang/Object;+100
j  sun.reflect.DelegatingMethodAccessorImpl.invoke(Ljava/lang/Object;[Ljava/lang/Object;)Ljava/lang/Object;+6
j  java.lang.reflect.Method.invoke(Ljava/lang/Object;[Ljava/lang/Object;)Ljava/lang/Object;+56
j  net.minecraft.launchwrapper.Launch.launch([Ljava/lang/String;)V+661
j  net.minecraft.launchwrapper.Launch.main([Ljava/lang/String;)V+8
v  ~StubRoutines::call_stub

---------------  P R O C E S S  ---------------

Java Threads: ( => current thread )
  0x48dfb800 JavaThread "AWT-Windows" daemon [_thread_in_native, id=276, stack(0x4ce50000,0x4cea0000)]
  0x48dfec00 JavaThread "File IO Thread" [_thread_blocked, id=4552, stack(0x67b10000,0x67b60000)]
  0x48dfc400 JavaThread "Netty IO #1" daemon [_thread_in_native, id=8156, stack(0x5d3b0000,0x5d400000)]
  0x48dfc000 JavaThread "Netty Client IO #0" daemon [_thread_in_native, id=6524, stack(0x5d300000,0x5d350000)]
  0x48dfb400 JavaThread "Netty IO #0" daemon [_thread_in_native, id=7560, stack(0x5d610000,0x5d660000)]
  0x47a9e400 JavaThread "Armourer's Workshop Server Skin Thread" [_thread_blocked, id=7136, stack(0x58da0000,0x58df0000)]
  0x47a9dc00 JavaThread "Thread-18" daemon [_thread_blocked, id=4040, stack(0x5d400000,0x5d450000)]
  0x47a9d400 JavaThread "Timer-0" [_thread_blocked, id=4788, stack(0x4f800000,0x4f850000)]
  0x47a9d000 JavaThread "Server thread" [_thread_blocked, id=8188, stack(0x4f7b0000,0x4f800000)]
  0x47a9bc00 JavaThread "Snooper Timer" daemon [_thread_blocked, id=3256, stack(0x48720000,0x48770000)]
  0x47a9c800 JavaThread "Thread-15" [_thread_blocked, id=7236, stack(0x5b860000,0x5b8b0000)]
  0x47a9c400 JavaThread "Thread-14" [_thread_blocked, id=7020, stack(0x5b8b0000,0x5b900000)]
  0x47a9b800 JavaThread "Thread-13" daemon [_thread_blocked, id=6292, stack(0x4b090000,0x4b0e0000)]
  0x47d23400 JavaThread "LWJGL Timer" daemon [_thread_blocked, id=7304, stack(0x4d350000,0x4d3a0000)]
  0x47b97400 JavaThread "Java2D Disposer" daemon [_thread_blocked, id=7072, stack(0x488d0000,0x48920000)]
  0x47fe9400 JavaThread "Timer hack thread" daemon [_thread_blocked, id=7728, stack(0x48920000,0x48970000)]
  0x47f8a400 JavaThread "Snooper Timer" daemon [_thread_blocked, id=1568, stack(0x48770000,0x487c0000)]
  0x469e7400 JavaThread "Service Thread" daemon [_thread_blocked, id=6964, stack(0x471c0000,0x47210000)]
  0x469c9000 JavaThread "C1 CompilerThread0" daemon [_thread_blocked, id=6576, stack(0x47170000,0x471c0000)]
  0x469c8000 JavaThread "Attach Listener" daemon [_thread_blocked, id=6876, stack(0x46fc0000,0x47010000)]
  0x469c5400 JavaThread "Signal Dispatcher" daemon [_thread_blocked, id=7080, stack(0x01d10000,0x01d60000)]
  0x469b2800 JavaThread "Surrogate Locker Thread (Concurrent GC)" daemon [_thread_blocked, id=756, stack(0x47020000,0x47070000)]
  0x469ac000 JavaThread "Finalizer" daemon [_thread_blocked, id=7256, stack(0x46f70000,0x46fc0000)]
  0x469a5c00 JavaThread "Reference Handler" daemon [_thread_blocked, id=7680, stack(0x46e60000,0x46eb0000)]
=>0x01d7e800 JavaThread "Client thread" [_thread_in_native, id=4016, stack(0x006e0000,0x00730000)]

Other Threads:
  0x469a2800 VMThread [stack: 0x46ee0000,0x46f30000] [id=5280]
  0x469fc400 WatcherThread [stack: 0x47070000,0x470c0000] [id=7948]

VM state:not at safepoint (normal execution)

VM Mutex/Monitor currently owned by a thread: None

Heap:
 garbage-first heap   total 712704K, used 194791K [0x04000000, 0x04100ae0, 0x44000000)
  region size 1024K, 25 young (25600K), 2 survivors (2048K)
 Metaspace       used 37782K, capacity 38563K, committed 39040K, reserved 39296K

Heap Regions: (Y=young(eden), SU=young(survivor), HS=humongous(starts), HC=humongous(continues), CS=collection set, F=free, TS=gc time stamp, PTAMS=previous top-at-mark-start, NTAMS=next top-at-mark-start)
AC   0  O    TS     0 PTAMS 0x040ffff8 NTAMS 0x040ffff8 space 1024K,  99% used [0x04000000, 0x04100000)
AC   0  O    TS     0 PTAMS 0x041ffff8 NTAMS 0x041ffff8 space 1024K,  99% used [0x04100000, 0x04200000)
AC   0  O    TS     0 PTAMS 0x04300000 NTAMS 0x04300000 space 1024K, 100% used [0x04200000, 0x04300000)
AC   0  O    TS     0 PTAMS 0x043ffdf8 NTAMS 0x043ffdf8 space 1024K,  99% used [0x04300000, 0x04400000)
AC   0  O    TS     0 PTAMS 0x044ffff0 NTAMS 0x044ffff0 space 1024K,  99% used [0x04400000, 0x04500000)
AC   0  O    TS     0 PTAMS 0x045fffb0 NTAMS 0x045fffb0 space 1024K,  99% used [0x04500000, 0x04600000)
AC   0  O    TS     0 PTAMS 0x046ffa88 NTAMS 0x046ffa88 space 1024K,  99% used [0x04600000, 0x04700000)
AC   0  O    TS     0 PTAMS 0x047ffff8 NTAMS 0x047ffff8 space 1024K,  99% used [0x04700000, 0x04800000)
AC   0  O    TS     0 PTAMS 0x04900000 NTAMS 0x04900000 space 1024K, 100% used [0x04800000, 0x04900000)
AC   0  O    TS     0 PTAMS 0x049ffff8 NTAMS 0x049ffff8 space 1024K,  99% used [0x04900000, 0x04a00000)
AC   0  O    TS     0 PTAMS 0x04affde0 NTAMS 0x04affde0 space 1024K,  99% used [0x04a00000, 0x04b00000)
AC   0  O    TS     0 PTAMS 0x04bff078 NTAMS 0x04bff078 space 1024K,  99% used [0x04b00000, 0x04c00000)
AC   0  O    TS     0 PTAMS 0x04cffff8 NTAMS 0x04cffff8 space 1024K,  99% used [0x04c00000, 0x04d00000)
AC   0  O    TS     0 PTAMS 0x04dffff8 NTAMS 0x04dffff8 space 1024K,  99% used [0x04d00000, 0x04e00000)
AC   0  O    TS     0 PTAMS 0x04efffc8 NTAMS 0x04efffc8 space 1024K,  99% used [0x04e00000, 0x04f00000)
AC   0  O    TS     0 PTAMS 0x04fffb98 NTAMS 0x04fffb98 space 1024K,  99% used [0x04f00000, 0x05000000)
AC   0  O    TS     0 PTAMS 0x050ffff0 NTAMS 0x050ffff0 space 1024K,  99% used [0x05000000, 0x05100000)
AC   0  O    TS     0 PTAMS 0x05200000 NTAMS 0x05200000 space 1024K, 100% used [0x05100000, 0x05200000)
AC   0  O    TS     0 PTAMS 0x052fffe8 NTAMS 0x052fffe8 space 1024K,  99% used [0x05200000, 0x05300000)
AC   0  O    TS     0 PTAMS 0x053fff60 NTAMS 0x053fff60 space 1024K,  99% used [0x05300000, 0x05400000)
AC   0  O    TS     0 PTAMS 0x054fff68 NTAMS 0x054fff68 space 1024K,  99% used [0x05400000, 0x05500000)
AC   0  O    TS     0 PTAMS 0x055ff3e8 NTAMS 0x055ff3e8 space 1024K,  99% used [0x05500000, 0x05600000)
AC   0  O    TS     0 PTAMS 0x056ffff8 NTAMS 0x056ffff8 space 1024K,  99% used [0x05600000, 0x05700000)
AC   0  O    TS     0 PTAMS 0x057fb230 NTAMS 0x057fb230 space 1024K,  98% used [0x05700000, 0x05800000)
AC   0  O    TS     0 PTAMS 0x058ffff8 NTAMS 0x058ffff8 space 1024K,  99% used [0x05800000, 0x05900000)
AC   0  O    TS     0 PTAMS 0x059ffff8 NTAMS 0x059ffff8 space 1024K,  99% used [0x05900000, 0x05a00000)
AC   0  O    TS     0 PTAMS 0x05affd08 NTAMS 0x05affd08 space 1024K,  99% used [0x05a00000, 0x05b00000)
AC   0  O    TS     0 PTAMS 0x05bfffa0 NTAMS 0x05bfffa0 space 1024K,  99% used [0x05b00000, 0x05c00000)
AC   0  O    TS     0 PTAMS 0x05cfffe0 NTAMS 0x05cfffe0 space 1024K,  99% used [0x05c00000, 0x05d00000)
AC   0  O    TS     0 PTAMS 0x05dff968 NTAMS 0x05dff968 space 1024K,  99% used [0x05d00000, 0x05e00000)
AC   0  O    TS     0 PTAMS 0x05efffd0 NTAMS 0x05efffd0 space 1024K,  99% used [0x05e00000, 0x05f00000)
AC   0  O    TS     0 PTAMS 0x05fffff0 NTAMS 0x05fffff0 space 1024K,  99% used [0x05f00000, 0x06000000)
AC   0  O    TS     0 PTAMS 0x060ff3d0 NTAMS 0x060ff3d0 space 1024K,  99% used [0x06000000, 0x06100000)
AC   0  O    TS     0 PTAMS 0x061ffff8 NTAMS 0x061ffff8 space 1024K,  99% used [0x06100000, 0x06200000)
AC   0  O    TS     0 PTAMS 0x062ffff0 NTAMS 0x062ffff0 space 1024K,  99% used [0x06200000, 0x06300000)
AC   0  O    TS     0 PTAMS 0x063ffe98 NTAMS 0x063ffe98 space 1024K,  99% used [0x06300000, 0x06400000)
AC   0  O    TS     0 PTAMS 0x064ffce8 NTAMS 0x064ffce8 space 1024K,  99% used [0x06400000, 0x06500000)
AC   0  O    TS     0 PTAMS 0x065fffe8 NTAMS 0x065fffe8 space 1024K,  99% used [0x06500000, 0x06600000)
AC   0  O    TS     0 PTAMS 0x066ffff0 NTAMS 0x066ffff0 space 1024K,  99% used [0x06600000, 0x06700000)
AC   0  O    TS     0 PTAMS 0x067ffed0 NTAMS 0x067ffed0 space 1024K,  99% used [0x06700000, 0x06800000)
AC   0  O    TS     0 PTAMS 0x068ffff0 NTAMS 0x068ffff0 space 1024K,  99% used [0x06800000, 0x06900000)
AC   0  O    TS     0 PTAMS 0x06a00000 NTAMS 0x06a00000 space 1024K, 100% used [0x06900000, 0x06a00000)
AC   0  O    TS     0 PTAMS 0x06affff8 NTAMS 0x06affff8 space 1024K,  99% used [0x06a00000, 0x06b00000)
AC   0  O    TS     0 PTAMS 0x06bfe930 NTAMS 0x06bfe930 space 1024K,  99% used [0x06b00000, 0x06c00000)
AC   0  O    TS     0 PTAMS 0x06cfecb8 NTAMS 0x06cfecb8 space 1024K,  99% used [0x06c00000, 0x06d00000)
AC   0  O    TS     0 PTAMS 0x06dfffa8 NTAMS 0x06dfffa8 space 1024K,  99% used [0x06d00000, 0x06e00000)
AC   0  O    TS     0 PTAMS 0x06effde0 NTAMS 0x06effde0 space 1024K,  99% used [0x06e00000, 0x06f00000)
AC   0  O    TS     0 PTAMS 0x06fffd90 NTAMS 0x06fffd90 space 1024K,  99% used [0x06f00000, 0x07000000)
AC   0  O    TS     0 PTAMS 0x07100000 NTAMS 0x07100000 space 1024K, 100% used [0x07000000, 0x07100000)
AC   0  O    TS     0 PTAMS 0x071fffb8 NTAMS 0x071fffb8 space 1024K,  99% used [0x07100000, 0x07200000)
AC   0  O    TS     0 PTAMS 0x072feee8 NTAMS 0x072feee8 space 1024K,  99% used [0x07200000, 0x07300000)
AC   0  O    TS     0 PTAMS 0x07400000 NTAMS 0x07400000 space 1024K, 100% used [0x07300000, 0x07400000)
AC   0  O    TS     0 PTAMS 0x074ff718 NTAMS 0x074ff718 space 1024K,  99% used [0x07400000, 0x07500000)
AC   0  O    TS     0 PTAMS 0x075ffff8 NTAMS 0x075ffff8 space 1024K,  99% used [0x07500000, 0x07600000)
AC   0  O    TS     0 PTAMS 0x076fd450 NTAMS 0x076fd450 space 1024K,  98% used [0x07600000, 0x07700000)
AC   0  O    TS     0 PTAMS 0x077fff88 NTAMS 0x077fff88 space 1024K,  99% used [0x07700000, 0x07800000)
AC   0  O    TS     0 PTAMS 0x078eba30 NTAMS 0x078eba30 space 1024K,  92% used [0x07800000, 0x07900000)
AC   0  O    TS     0 PTAMS 0x079fe198 NTAMS 0x079fe198 space 1024K,  99% used [0x07900000, 0x07a00000)
AC   0  O    TS     0 PTAMS 0x07afffe0 NTAMS 0x07afffe0 space 1024K,  99% used [0x07a00000, 0x07b00000)
AC   0  O    TS     0 PTAMS 0x07bfffc8 NTAMS 0x07bfffc8 space 1024K,  99% used [0x07b00000, 0x07c00000)
AC   0  O    TS     0 PTAMS 0x07cfffa8 NTAMS 0x07cfffa8 space 1024K,  99% used [0x07c00000, 0x07d00000)
AC   0  O    TS     0 PTAMS 0x07def0e0 NTAMS 0x07def0e0 space 1024K,  93% used [0x07d00000, 0x07e00000)
AC   0 HS    TS     0 PTAMS 0x08800010 NTAMS 0x08800010 space 11264K,  90% used [0x07e00000, 0x08900000)
AC   0 HC    TS     0 PTAMS 0x07f00000 NTAMS 0x07f00000 space 1024K, 100% used [0x07f00000, 0x08000000)
AC   0 HC    TS     0 PTAMS 0x08000000 NTAMS 0x08000000 space 1024K, 100% used [0x08000000, 0x08100000)
AC   0 HC    TS     0 PTAMS 0x08100000 NTAMS 0x08100000 space 1024K, 100% used [0x08100000, 0x08200000)
AC   0 HC    TS     0 PTAMS 0x08200000 NTAMS 0x08200000 space 1024K, 100% used [0x08200000, 0x08300000)
AC   0 HC    TS     0 PTAMS 0x08300000 NTAMS 0x08300000 space 1024K, 100% used [0x08300000, 0x08400000)
AC   0 HC    TS     0 PTAMS 0x08400000 NTAMS 0x08400000 space 1024K, 100% used [0x08400000, 0x08500000)
AC   0 HC    TS     0 PTAMS 0x08500000 NTAMS 0x08500000 space 1024K, 100% used [0x08500000, 0x08600000)
AC   0 HC    TS     0 PTAMS 0x08600000 NTAMS 0x08600000 space 1024K, 100% used [0x08600000, 0x08700000)
AC   0 HC    TS     0 PTAMS 0x08700000 NTAMS 0x08700000 space 1024K, 100% used [0x08700000, 0x08800000)
AC   0 HC    TS     0 PTAMS 0x08800000 NTAMS 0x08800000 space 1024K,   0% used [0x08800000, 0x08900000)
AC   0  O    TS     0 PTAMS 0x089fe868 NTAMS 0x089fe868 space 1024K,  99% used [0x08900000, 0x08a00000)
AC   0  O    TS     0 PTAMS 0x08af4608 NTAMS 0x08af4608 space 1024K,  95% used [0x08a00000, 0x08b00000)
AC   0  O    TS     0 PTAMS 0x08bfffc8 NTAMS 0x08bfffc8 space 1024K,  99% used [0x08b00000, 0x08c00000)
AC   0  O    TS     0 PTAMS 0x08cff020 NTAMS 0x08cff020 space 1024K,  99% used [0x08c00000, 0x08d00000)
AC   0  O    TS     0 PTAMS 0x08e00000 NTAMS 0x08e00000 space 1024K, 100% used [0x08d00000, 0x08e00000)
AC   0  O    TS     0 PTAMS 0x08efffe8 NTAMS 0x08efffe8 space 1024K,  99% used [0x08e00000, 0x08f00000)
AC   0  O    TS     0 PTAMS 0x08fffc08 NTAMS 0x08fffc08 space 1024K,  99% used [0x08f00000, 0x09000000)
AC   0  O    TS     0 PTAMS 0x090ff4f0 NTAMS 0x090ff4f0 space 1024K,  99% used [0x09000000, 0x09100000)
AC   0  O    TS     0 PTAMS 0x091fffb0 NTAMS 0x091fffb0 space 1024K,  99% used [0x09100000, 0x09200000)
AC   0  O    TS     0 PTAMS 0x092e8118 NTAMS 0x092e8118 space 1024K,  90% used [0x09200000, 0x09300000)
AC   0  O    TS     0 PTAMS 0x09400000 NTAMS 0x09400000 space 1024K, 100% used [0x09300000, 0x09400000)
AC   0  O    TS     0 PTAMS 0x094fffe0 NTAMS 0x094fffe0 space 1024K,  99% used [0x09400000, 0x09500000)
AC   0  O    TS     0 PTAMS 0x095ff968 NTAMS 0x095ff968 space 1024K,  99% used [0x09500000, 0x09600000)
AC   0  O    TS     0 PTAMS 0x096ffff0 NTAMS 0x096ffff0 space 1024K,  99% used [0x09600000, 0x09700000)
AC   0  O    TS     0 PTAMS 0x097fff98 NTAMS 0x097fff98 space 1024K,  99% used [0x09700000, 0x09800000)
AC   0  O    TS     0 PTAMS 0x098ffff0 NTAMS 0x098ffff0 space 1024K,  99% used [0x09800000, 0x09900000)
AC   0  O    TS     0 PTAMS 0x099ff3d0 NTAMS 0x099ff3d0 space 1024K,  99% used [0x09900000, 0x09a00000)
AC   0  O    TS     0 PTAMS 0x09afeaf8 NTAMS 0x09afeaf8 space 1024K,  99% used [0x09a00000, 0x09b00000)
AC   0  O    TS     0 PTAMS 0x09bfffe0 NTAMS 0x09bfffe0 space 1024K,  99% used [0x09b00000, 0x09c00000)
AC   0  O    TS     0 PTAMS 0x09cf9f18 NTAMS 0x09cf9f18 space 1024K,  97% used [0x09c00000, 0x09d00000)
AC   0  O    TS     0 PTAMS 0x09dfd400 NTAMS 0x09dfd400 space 1024K,  98% used [0x09d00000, 0x09e00000)
AC   0  O    TS     0 PTAMS 0x09ef56f8 NTAMS 0x09ef56f8 space 1024K,  95% used [0x09e00000, 0x09f00000)
AC   0  O    TS     0 PTAMS 0x09fff938 NTAMS 0x09fff938 space 1024K,  99% used [0x09f00000, 0x0a000000)
AC   0  O    TS     0 PTAMS 0x0a0fe8f0 NTAMS 0x0a0fe8f0 space 1024K,  99% used [0x0a000000, 0x0a100000)
AC   0  O    TS     0 PTAMS 0x0a1fffb8 NTAMS 0x0a1fffb8 space 1024K,  99% used [0x0a100000, 0x0a200000)
AC   0  O    TS     0 PTAMS 0x0a2fed28 NTAMS 0x0a2fed28 space 1024K,  99% used [0x0a200000, 0x0a300000)
AC   0  O    TS     0 PTAMS 0x0a3ffb30 NTAMS 0x0a3ffb30 space 1024K,  99% used [0x0a300000, 0x0a400000)
AC   0  O    TS     0 PTAMS 0x0a4ffff0 NTAMS 0x0a4ffff0 space 1024K,  99% used [0x0a400000, 0x0a500000)
AC   0  O    TS     0 PTAMS 0x0a5ffda0 NTAMS 0x0a5ffda0 space 1024K,  99% used [0x0a500000, 0x0a600000)
AC   0  O    TS     0 PTAMS 0x0a6fef98 NTAMS 0x0a6fef98 space 1024K,  99% used [0x0a600000, 0x0a700000)
AC   0  O    TS     0 PTAMS 0x0a7fffd8 NTAMS 0x0a7fffd8 space 1024K,  99% used [0x0a700000, 0x0a800000)
AC   0  O    TS     0 PTAMS 0x0a8fe5c8 NTAMS 0x0a8fe5c8 space 1024K,  99% used [0x0a800000, 0x0a900000)
AC   0  O    TS     0 PTAMS 0x0a9fa200 NTAMS 0x0a9fa200 space 1024K,  97% used [0x0a900000, 0x0aa00000)
AC   0  O    TS     0 PTAMS 0x0aafd110 NTAMS 0x0aafd110 space 1024K,  98% used [0x0aa00000, 0x0ab00000)
AC   0  O    TS     0 PTAMS 0x0abfff30 NTAMS 0x0abfff30 space 1024K,  99% used [0x0ab00000, 0x0ac00000)
AC   0  O    TS     0 PTAMS 0x0acffb78 NTAMS 0x0acffb78 space 1024K,  99% used [0x0ac00000, 0x0ad00000)
AC   0  O    TS     0 PTAMS 0x0adf2828 NTAMS 0x0adf2828 space 1024K,  94% used [0x0ad00000, 0x0ae00000)
AC   0  O    TS     0 PTAMS 0x0aef8f98 NTAMS 0x0aef8f98 space 1024K,  97% used [0x0ae00000, 0x0af00000)
AC   0  O    TS     0 PTAMS 0x0afffbe0 NTAMS 0x0afffbe0 space 1024K,  99% used [0x0af00000, 0x0b000000)
AC   0  O    TS     0 PTAMS 0x0b0ff350 NTAMS 0x0b0ff350 space 1024K,  99% used [0x0b000000, 0x0b100000)
AC   0  O    TS     0 PTAMS 0x0b1ffb08 NTAMS 0x0b1ffb08 space 1024K,  99% used [0x0b100000, 0x0b200000)
AC   0  O    TS     0 PTAMS 0x0b2fd648 NTAMS 0x0b2fd648 space 1024K,  98% used [0x0b200000, 0x0b300000)
AC   0  O    TS     0 PTAMS 0x0b3ffef0 NTAMS 0x0b3ffef0 space 1024K,  99% used [0x0b300000, 0x0b400000)
AC   0  O    TS     0 PTAMS 0x0b4fffa0 NTAMS 0x0b4fffa0 space 1024K,  99% used [0x0b400000, 0x0b500000)
AC   0  O    TS     0 PTAMS 0x0b5f8d90 NTAMS 0x0b5f8d90 space 1024K,  97% used [0x0b500000, 0x0b600000)
AC   0  O    TS     0 PTAMS 0x0b700000 NTAMS 0x0b700000 space 1024K, 100% used [0x0b600000, 0x0b700000)
AC   0 HS    TS     0 PTAMS 0x0b7c0010 NTAMS 0x0b7c0010 space 1024K,  75% used [0x0b700000, 0x0b800000)
AC   0  O    TS     0 PTAMS 0x0b8feea0 NTAMS 0x0b8feea0 space 1024K,  99% used [0x0b800000, 0x0b900000)
AC   0  O    TS     0 PTAMS 0x0b9fefc0 NTAMS 0x0b9fefc0 space 1024K,  99% used [0x0b900000, 0x0ba00000)
AC   0  O    TS     0 PTAMS 0x0baffff0 NTAMS 0x0baffff0 space 1024K,  99% used [0x0ba00000, 0x0bb00000)
AC   0  O    TS     0 PTAMS 0x0bc00000 NTAMS 0x0bc00000 space 1024K, 100% used [0x0bb00000, 0x0bc00000)
AC   0  O    TS     0 PTAMS 0x0bcff288 NTAMS 0x0bcff288 space 1024K,  99% used [0x0bc00000, 0x0bd00000)
AC   0  O    TS     0 PTAMS 0x0bdfc3a8 NTAMS 0x0bdfc3a8 space 1024K,  98% used [0x0bd00000, 0x0be00000)
AC   0  O    TS     0 PTAMS 0x0beffa08 NTAMS 0x0beffa08 space 1024K,  99% used [0x0be00000, 0x0bf00000)
AC   0  O    TS     0 PTAMS 0x0bfda3b8 NTAMS 0x0bfda3b8 space 1024K,  85% used [0x0bf00000, 0x0c000000)
AC   0  O    TS     0 PTAMS 0x0c0fffc8 NTAMS 0x0c0fffc8 space 1024K,  99% used [0x0c000000, 0x0c100000)
AC   0  O    TS     0 PTAMS 0x0c1fffe8 NTAMS 0x0c1fffe8 space 1024K,  99% used [0x0c100000, 0x0c200000)
AC   0  O    TS     0 PTAMS 0x0c2ffe00 NTAMS 0x0c2ffe00 space 1024K,  99% used [0x0c200000, 0x0c300000)
AC   0 HS    TS     0 PTAMS 0x0c3c0010 NTAMS 0x0c3c0010 space 1024K,  75% used [0x0c300000, 0x0c400000)
AC   0  O    TS     0 PTAMS 0x0c4fa3a0 NTAMS 0x0c4fa3a0 space 1024K,  97% used [0x0c400000, 0x0c500000)
AC   0 HS    TS     0 PTAMS 0x0c5c0010 NTAMS 0x0c5c0010 space 1024K,  75% used [0x0c500000, 0x0c600000)
AC   0  O    TS     0 PTAMS 0x0c6ffff8 NTAMS 0x0c6ffff8 space 1024K,  99% used [0x0c600000, 0x0c700000)
AC   0 HS    TS     0 PTAMS 0x0cb00010 NTAMS 0x0cb00010 space 5120K,  80% used [0x0c700000, 0x0cc00000)
AC   0 HC    TS     0 PTAMS 0x0c800000 NTAMS 0x0c800000 space 1024K, 100% used [0x0c800000, 0x0c900000)
AC   0 HC    TS     0 PTAMS 0x0c900000 NTAMS 0x0c900000 space 1024K, 100% used [0x0c900000, 0x0ca00000)
AC   0 HC    TS     0 PTAMS 0x0ca00000 NTAMS 0x0ca00000 space 1024K, 100% used [0x0ca00000, 0x0cb00000)
AC   0 HC    TS     0 PTAMS 0x0cb00000 NTAMS 0x0cb00000 space 1024K,   0% used [0x0cb00000, 0x0cc00000)
AC   0  O    TS     0 PTAMS 0x0ccffff0 NTAMS 0x0ccffff0 space 1024K,  99% used [0x0cc00000, 0x0cd00000)
AC   0  O    TS     0 PTAMS 0x0cdffa40 NTAMS 0x0cdffa40 space 1024K,  99% used [0x0cd00000, 0x0ce00000)
AC   0 HS    TS     0 PTAMS 0x0d000010 NTAMS 0x0d000010 space 3072K,  66% used [0x0ce00000, 0x0d100000)
AC   0 HC    TS     0 PTAMS 0x0cf00000 NTAMS 0x0cf00000 space 1024K, 100% used [0x0cf00000, 0x0d000000)
AC   0 HC    TS     0 PTAMS 0x0d000000 NTAMS 0x0d000000 space 1024K,   0% used [0x0d000000, 0x0d100000)
AC   0  O    TS     0 PTAMS 0x0d1ff9a8 NTAMS 0x0d1ff9a8 space 1024K,  99% used [0x0d100000, 0x0d200000)
AC   0  O    TS     0 PTAMS 0x0d2ff4a0 NTAMS 0x0d2ff4a0 space 1024K,  99% used [0x0d200000, 0x0d300000)
AC   0  O    TS     0 PTAMS 0x0d3ffce8 NTAMS 0x0d3ffce8 space 1024K,  99% used [0x0d300000, 0x0d400000)
AC   0  O    TS     0 PTAMS 0x0d4ffa08 NTAMS 0x0d4ffa08 space 1024K,  99% used [0x0d400000, 0x0d500000)
AC   0  O    TS     0 PTAMS 0x0d5ff840 NTAMS 0x0d5ff840 space 1024K,  99% used [0x0d500000, 0x0d600000)
AC   0  O    TS     0 PTAMS 0x0d6ff4d0 NTAMS 0x0d6ff4d0 space 1024K,  99% used [0x0d600000, 0x0d700000)
AC   0  O    TS     0 PTAMS 0x0d7ffc88 NTAMS 0x0d7ffc88 space 1024K,  99% used [0x0d700000, 0x0d800000)
AC   0  O    TS     0 PTAMS 0x0d8ffff0 NTAMS 0x0d8ffff0 space 1024K,  99% used [0x0d800000, 0x0d900000)
AC   0  O    TS     0 PTAMS 0x0d9ffe90 NTAMS 0x0d9ffe90 space 1024K,  99% used [0x0d900000, 0x0da00000)
AC   0  O    TS     0 PTAMS 0x0daff128 NTAMS 0x0daff128 space 1024K,  99% used [0x0da00000, 0x0db00000)
AC   0  O    TS     0 PTAMS 0x0dbffd60 NTAMS 0x0dbffd60 space 1024K,  99% used [0x0db00000, 0x0dc00000)
AC   0  O    TS     0 PTAMS 0x0dcfffc0 NTAMS 0x0dcfffc0 space 1024K,  99% used [0x0dc00000, 0x0dd00000)
AC   0  O    TS     0 PTAMS 0x0ddfe128 NTAMS 0x0ddfe128 space 1024K,  99% used [0x0dd00000, 0x0de00000)
AC   0  O    TS     0 PTAMS 0x0deff6a8 NTAMS 0x0deff6a8 space 1024K,  99% used [0x0de00000, 0x0df00000)
AC   0  O    TS     0 PTAMS 0x0dffff00 NTAMS 0x0dffff00 space 1024K,  99% used [0x0df00000, 0x0e000000)
AC   0  O    TS     0 PTAMS 0x0e0fffe0 NTAMS 0x0e0fffe0 space 1024K,  99% used [0x0e000000, 0x0e100000)
AC   0  O    TS     0 PTAMS 0x0e1ffff0 NTAMS 0x0e1ffff0 space 1024K,  99% used [0x0e100000, 0x0e200000)
AC   0  O    TS     0 PTAMS 0x0e2eab08 NTAMS 0x0e2eab08 space 1024K,  91% used [0x0e200000, 0x0e300000)
AC   0  O    TS     0 PTAMS 0x0e3ffad0 NTAMS 0x0e3ffad0 space 1024K,  99% used [0x0e300000, 0x0e400000)
AC   0  O    TS     0 PTAMS 0x0e403488 NTAMS 0x0e403488 space 1024K,   1% used [0x0e400000, 0x0e500000)
AC   0  O    TS     0 PTAMS 0x0e600000 NTAMS 0x0e600000 space 1024K, 100% used [0x0e500000, 0x0e600000)
AC   0  O    TS     0 PTAMS 0x0e700000 NTAMS 0x0e700000 space 1024K, 100% used [0x0e600000, 0x0e700000)
AC   0  F    TS     0 PTAMS 0x0e700000 NTAMS 0x0e700000 space 1024K,   0% used [0x0e700000, 0x0e800000)
AC   0  F    TS     0 PTAMS 0x0e800000 NTAMS 0x0e800000 space 1024K,   0% used [0x0e800000, 0x0e900000)
AC   0  F    TS     0 PTAMS 0x0e900000 NTAMS 0x0e900000 space 1024K,   0% used [0x0e900000, 0x0ea00000)
AC   0  F    TS     0 PTAMS 0x0ea00000 NTAMS 0x0ea00000 space 1024K,   0% used [0x0ea00000, 0x0eb00000)
AC   0  F    TS     0 PTAMS 0x0eb00000 NTAMS 0x0eb00000 space 1024K,   0% used [0x0eb00000, 0x0ec00000)
AC   0  F    TS     0 PTAMS 0x0ec00000 NTAMS 0x0ec00000 space 1024K,   0% used [0x0ec00000, 0x0ed00000)
AC   0  F    TS     0 PTAMS 0x0ed00000 NTAMS 0x0ed00000 space 1024K,   0% used [0x0ed00000, 0x0ee00000)
AC   0  F    TS     0 PTAMS 0x0ee00000 NTAMS 0x0ee00000 space 1024K,   0% used [0x0ee00000, 0x0ef00000)
AC   0  F    TS     0 PTAMS 0x0ef00000 NTAMS 0x0ef00000 space 1024K,   0% used [0x0ef00000, 0x0f000000)
AC   0  F    TS     0 PTAMS 0x0f000000 NTAMS 0x0f000000 space 1024K,   0% used [0x0f000000, 0x0f100000)
AC   0  F    TS     0 PTAMS 0x0f100000 NTAMS 0x0f100000 space 1024K,   0% used [0x0f100000, 0x0f200000)
AC   0  F    TS     0 PTAMS 0x0f200000 NTAMS 0x0f200000 space 1024K,   0% used [0x0f200000, 0x0f300000)
AC   0  F    TS     0 PTAMS 0x0f300000 NTAMS 0x0f300000 space 1024K,   0% used [0x0f300000, 0x0f400000)
AC   0  F    TS     0 PTAMS 0x0f400000 NTAMS 0x0f400000 space 1024K,   0% used [0x0f400000, 0x0f500000)
AC   0  F    TS     0 PTAMS 0x0f500000 NTAMS 0x0f500000 space 1024K,   0% used [0x0f500000, 0x0f600000)
AC   0  F    TS     0 PTAMS 0x0f600000 NTAMS 0x0f600000 space 1024K,   0% used [0x0f600000, 0x0f700000)
AC   0  F    TS     0 PTAMS 0x0f700000 NTAMS 0x0f700000 space 1024K,   0% used [0x0f700000, 0x0f800000)
AC   0  O    TS    23 PTAMS 0x0f8c6600 NTAMS 0x0f8c6600 space 1024K,  86% used [0x0f800000, 0x0f900000)
AC   0  F    TS     0 PTAMS 0x0f900000 NTAMS 0x0f900000 space 1024K,   0% used [0x0f900000, 0x0fa00000)
AC   0  F    TS     0 PTAMS 0x0fa00000 NTAMS 0x0fa00000 space 1024K,   0% used [0x0fa00000, 0x0fb00000)
AC   0  F    TS     0 PTAMS 0x0fb00000 NTAMS 0x0fb00000 space 1024K,   0% used [0x0fb00000, 0x0fc00000)
AC   0  F    TS     0 PTAMS 0x0fc00000 NTAMS 0x0fc00000 space 1024K,   0% used [0x0fc00000, 0x0fd00000)
AC   0  F    TS     0 PTAMS 0x0fd00000 NTAMS 0x0fd00000 space 1024K,   0% used [0x0fd00000, 0x0fe00000)
AC   0  F    TS     0 PTAMS 0x0fe00000 NTAMS 0x0fe00000 space 1024K,   0% used [0x0fe00000, 0x0ff00000)
AC   0  F    TS     0 PTAMS 0x0ff00000 NTAMS 0x0ff00000 space 1024K,   0% used [0x0ff00000, 0x10000000)
AC   0  F    TS     0 PTAMS 0x10000000 NTAMS 0x10000000 space 1024K,   0% used [0x10000000, 0x10100000)
AC   0  F    TS     0 PTAMS 0x10100000 NTAMS 0x10100000 space 1024K,   0% used [0x10100000, 0x10200000)
AC   0  F    TS     0 PTAMS 0x10200000 NTAMS 0x10200000 space 1024K,   0% used [0x10200000, 0x10300000)
AC   0  F    TS     0 PTAMS 0x10300000 NTAMS 0x10300000 space 1024K,   0% used [0x10300000, 0x10400000)
AC   0  F    TS     0 PTAMS 0x10400000 NTAMS 0x10400000 space 1024K,   0% used [0x10400000, 0x10500000)
AC   0  F    TS     0 PTAMS 0x10500000 NTAMS 0x10500000 space 1024K,   0% used [0x10500000, 0x10600000)
AC   0  F    TS     0 PTAMS 0x10600000 NTAMS 0x10600000 space 1024K,   0% used [0x10600000, 0x10700000)
AC   0  F    TS     0 PTAMS 0x10700000 NTAMS 0x10700000 space 1024K,   0% used [0x10700000, 0x10800000)
AC   0  F    TS     0 PTAMS 0x10800000 NTAMS 0x10800000 space 1024K,   0% used [0x10800000, 0x10900000)
AC   0  F    TS     0 PTAMS 0x10900000 NTAMS 0x10900000 space 1024K,   0% used [0x10900000, 0x10a00000)
AC   0  F    TS     0 PTAMS 0x10a00000 NTAMS 0x10a00000 space 1024K,   0% used [0x10a00000, 0x10b00000)
AC   0  F    TS     0 PTAMS 0x10b00000 NTAMS 0x10b00000 space 1024K,   0% used [0x10b00000, 0x10c00000)
AC   0  F    TS     0 PTAMS 0x10c00000 NTAMS 0x10c00000 space 1024K,   0% used [0x10c00000, 0x10d00000)
AC   0  F    TS     0 PTAMS 0x10d00000 NTAMS 0x10d00000 space 1024K,   0% used [0x10d00000, 0x10e00000)
AC   0  F    TS     0 PTAMS 0x10e00000 NTAMS 0x10e00000 space 1024K,   0% used [0x10e00000, 0x10f00000)
AC   0  F    TS     0 PTAMS 0x10f00000 NTAMS 0x10f00000 space 1024K,   0% used [0x10f00000, 0x11000000)
AC   0  F    TS     0 PTAMS 0x11000000 NTAMS 0x11000000 space 1024K,   0% used [0x11000000, 0x11100000)
AC   0  F    TS     0 PTAMS 0x11100000 NTAMS 0x11100000 space 1024K,   0% used [0x11100000, 0x11200000)
AC   0  F    TS     0 PTAMS 0x11200000 NTAMS 0x11200000 space 1024K,   0% used [0x11200000, 0x11300000)
AC   0  F    TS     0 PTAMS 0x11300000 NTAMS 0x11300000 space 1024K,   0% used [0x11300000, 0x11400000)
AC   0  F    TS     0 PTAMS 0x11400000 NTAMS 0x11400000 space 1024K,   0% used [0x11400000, 0x11500000)
AC   0  F    TS     0 PTAMS 0x11500000 NTAMS 0x11500000 space 1024K,   0% used [0x11500000, 0x11600000)
AC   0  F    TS     0 PTAMS 0x11600000 NTAMS 0x11600000 space 1024K,   0% used [0x11600000, 0x11700000)
AC   0  F    TS     0 PTAMS 0x11700000 NTAMS 0x11700000 space 1024K,   0% used [0x11700000, 0x11800000)
AC   0  F    TS     0 PTAMS 0x11800000 NTAMS 0x11800000 space 1024K,   0% used [0x11800000, 0x11900000)
AC   0  F    TS     0 PTAMS 0x11900000 NTAMS 0x11900000 space 1024K,   0% used [0x11900000, 0x11a00000)
AC   0  F    TS     0 PTAMS 0x11a00000 NTAMS 0x11a00000 space 1024K,   0% used [0x11a00000, 0x11b00000)
AC   0  F    TS     0 PTAMS 0x11b00000 NTAMS 0x11b00000 space 1024K,   0% used [0x11b00000, 0x11c00000)
AC   0  F    TS     0 PTAMS 0x11c00000 NTAMS 0x11c00000 space 1024K,   0% used [0x11c00000, 0x11d00000)
AC   0  F    TS     0 PTAMS 0x11d00000 NTAMS 0x11d00000 space 1024K,   0% used [0x11d00000, 0x11e00000)
AC   0  F    TS     0 PTAMS 0x11e00000 NTAMS 0x11e00000 space 1024K,   0% used [0x11e00000, 0x11f00000)
AC   0  F    TS     0 PTAMS 0x11f00000 NTAMS 0x11f00000 space 1024K,   0% used [0x11f00000, 0x12000000)
AC   0  F    TS     0 PTAMS 0x12000000 NTAMS 0x12000000 space 1024K,   0% used [0x12000000, 0x12100000)
AC   0  F    TS     0 PTAMS 0x12100000 NTAMS 0x12100000 space 1024K,   0% used [0x12100000, 0x12200000)
AC   0  F    TS     0 PTAMS 0x12200000 NTAMS 0x12200000 space 1024K,   0% used [0x12200000, 0x12300000)
AC   0  F    TS     0 PTAMS 0x12300000 NTAMS 0x12300000 space 1024K,   0% used [0x12300000, 0x12400000)
AC   0  F    TS     0 PTAMS 0x12400000 NTAMS 0x12400000 space 1024K,   0% used [0x12400000, 0x12500000)
AC   0  F    TS     0 PTAMS 0x12500000 NTAMS 0x12500000 space 1024K,   0% used [0x12500000, 0x12600000)
AC   0  F    TS     0 PTAMS 0x12600000 NTAMS 0x12600000 space 1024K,   0% used [0x12600000, 0x12700000)
AC   0  F    TS     0 PTAMS 0x12700000 NTAMS 0x12700000 space 1024K,   0% used [0x12700000, 0x12800000)
AC   0  F    TS     0 PTAMS 0x12800000 NTAMS 0x12800000 space 1024K,   0% used [0x12800000, 0x12900000)
AC   0  F    TS     0 PTAMS 0x12900000 NTAMS 0x12900000 space 1024K,   0% used [0x12900000, 0x12a00000)
AC   0  F    TS     0 PTAMS 0x12a00000 NTAMS 0x12a00000 space 1024K,   0% used [0x12a00000, 0x12b00000)
AC   0  F    TS     0 PTAMS 0x12b00000 NTAMS 0x12b00000 space 1024K,   0% used [0x12b00000, 0x12c00000)
AC   0  F    TS     0 PTAMS 0x12c00000 NTAMS 0x12c00000 space 1024K,   0% used [0x12c00000, 0x12d00000)
AC   0  F    TS     0 PTAMS 0x12d00000 NTAMS 0x12d00000 space 1024K,   0% used [0x12d00000, 0x12e00000)
AC   0  F    TS     0 PTAMS 0x12e00000 NTAMS 0x12e00000 space 1024K,   0% used [0x12e00000, 0x12f00000)
AC   0  F    TS     0 PTAMS 0x12f00000 NTAMS 0x12f00000 space 1024K,   0% used [0x12f00000, 0x13000000)
AC   0  F    TS     0 PTAMS 0x13000000 NTAMS 0x13000000 space 1024K,   0% used [0x13000000, 0x13100000)
AC   0  F    TS     0 PTAMS 0x13100000 NTAMS 0x13100000 space 1024K,   0% used [0x13100000, 0x13200000)
AC   0  F    TS     0 PTAMS 0x13200000 NTAMS 0x13200000 space 1024K,   0% used [0x13200000, 0x13300000)
AC   0  F    TS     0 PTAMS 0x13300000 NTAMS 0x13300000 space 1024K,   0% used [0x13300000, 0x13400000)
AC   0  F    TS     0 PTAMS 0x13400000 NTAMS 0x13400000 space 1024K,   0% used [0x13400000, 0x13500000)
AC   0  F    TS     0 PTAMS 0x13500000 NTAMS 0x13500000 space 1024K,   0% used [0x13500000, 0x13600000)
AC   0  F    TS     0 PTAMS 0x13600000 NTAMS 0x13600000 space 1024K,   0% used [0x13600000, 0x13700000)
AC   0  F    TS     0 PTAMS 0x13700000 NTAMS 0x13700000 space 1024K,   0% used [0x13700000, 0x13800000)
AC   0  F    TS     0 PTAMS 0x13800000 NTAMS 0x13800000 space 1024K,   0% used [0x13800000, 0x13900000)
AC   0  F    TS     0 PTAMS 0x13900000 NTAMS 0x13900000 space 1024K,   0% used [0x13900000, 0x13a00000)
AC   0  F    TS     0 PTAMS 0x13a00000 NTAMS 0x13a00000 space 1024K,   0% used [0x13a00000, 0x13b00000)
AC   0  F    TS     0 PTAMS 0x13b00000 NTAMS 0x13b00000 space 1024K,   0% used [0x13b00000, 0x13c00000)
AC   0  F    TS     0 PTAMS 0x13c00000 NTAMS 0x13c00000 space 1024K,   0% used [0x13c00000, 0x13d00000)
AC   0  F    TS     0 PTAMS 0x13d00000 NTAMS 0x13d00000 space 1024K,   0% used [0x13d00000, 0x13e00000)
AC   0  F    TS     0 PTAMS 0x13e00000 NTAMS 0x13e00000 space 1024K,   0% used [0x13e00000, 0x13f00000)
AC   0  O    TS     0 PTAMS 0x14000000 NTAMS 0x14000000 space 1024K, 100% used [0x13f00000, 0x14000000)
AC   0  F    TS     0 PTAMS 0x14000000 NTAMS 0x14000000 space 1024K,   0% used [0x14000000, 0x14100000)
AC   0  F    TS     0 PTAMS 0x14100000 NTAMS 0x14100000 space 1024K,   0% used [0x14100000, 0x14200000)
AC   0  F    TS     0 PTAMS 0x14200000 NTAMS 0x14200000 space 1024K,   0% used [0x14200000, 0x14300000)
AC   0  F    TS     0 PTAMS 0x14300000 NTAMS 0x14300000 space 1024K,   0% used [0x14300000, 0x14400000)
AC   0  F    TS     0 PTAMS 0x14400000 NTAMS 0x14400000 space 1024K,   0% used [0x14400000, 0x14500000)
AC   0  F    TS     0 PTAMS 0x14500000 NTAMS 0x14500000 space 1024K,   0% used [0x14500000, 0x14600000)
AC   0  F    TS     0 PTAMS 0x14600000 NTAMS 0x14600000 space 1024K,   0% used [0x14600000, 0x14700000)
AC   0  F    TS     0 PTAMS 0x14700000 NTAMS 0x14700000 space 1024K,   0% used [0x14700000, 0x14800000)
AC   0  F    TS     0 PTAMS 0x14800000 NTAMS 0x14800000 space 1024K,   0% used [0x14800000, 0x14900000)
AC   0  F    TS     0 PTAMS 0x14900000 NTAMS 0x14900000 space 1024K,   0% used [0x14900000, 0x14a00000)
AC   0  F    TS     0 PTAMS 0x14a00000 NTAMS 0x14a00000 space 1024K,   0% used [0x14a00000, 0x14b00000)
AC   0  F    TS     0 PTAMS 0x14b00000 NTAMS 0x14b00000 space 1024K,   0% used [0x14b00000, 0x14c00000)
AC   0  F    TS     0 PTAMS 0x14c00000 NTAMS 0x14c00000 space 1024K,   0% used [0x14c00000, 0x14d00000)
AC   0  F    TS     0 PTAMS 0x14d00000 NTAMS 0x14d00000 space 1024K,   0% used [0x14d00000, 0x14e00000)
AC   0  F    TS     0 PTAMS 0x14e00000 NTAMS 0x14e00000 space 1024K,   0% used [0x14e00000, 0x14f00000)
AC   0  F    TS     0 PTAMS 0x14f00000 NTAMS 0x14f00000 space 1024K,   0% used [0x14f00000, 0x15000000)
AC   0  F    TS     0 PTAMS 0x15000000 NTAMS 0x15000000 space 1024K,   0% used [0x15000000, 0x15100000)
AC   0  F    TS    21 PTAMS 0x15100000 NTAMS 0x15100000 space 1024K,   0% used [0x15100000, 0x15200000)
AC   0  F    TS    21 PTAMS 0x15200000 NTAMS 0x15200000 space 1024K,   0% used [0x15200000, 0x15300000)
AC   0  S CS TS    23 PTAMS 0x15300000 NTAMS 0x15300000 space 1024K,  30% used [0x15300000, 0x15400000)
AC   0  S CS TS    23 PTAMS 0x15400000 NTAMS 0x15400000 space 1024K, 100% used [0x15400000, 0x15500000)
AC   0  F    TS     0 PTAMS 0x15500000 NTAMS 0x15500000 space 1024K,   0% used [0x15500000, 0x15600000)
AC   0  F    TS     0 PTAMS 0x15600000 NTAMS 0x15600000 space 1024K,   0% used [0x15600000, 0x15700000)
AC   0  F    TS     0 PTAMS 0x15700000 NTAMS 0x15700000 space 1024K,   0% used [0x15700000, 0x15800000)
AC   0  F    TS     0 PTAMS 0x15800000 NTAMS 0x15800000 space 1024K,   0% used [0x15800000, 0x15900000)
AC   0  F    TS     0 PTAMS 0x15900000 NTAMS 0x15900000 space 1024K,   0% used [0x15900000, 0x15a00000)
AC   0  F    TS     0 PTAMS 0x15a00000 NTAMS 0x15a00000 space 1024K,   0% used [0x15a00000, 0x15b00000)
AC   0  F    TS     0 PTAMS 0x15b00000 NTAMS 0x15b00000 space 1024K,   0% used [0x15b00000, 0x15c00000)
AC   0  F    TS     0 PTAMS 0x15c00000 NTAMS 0x15c00000 space 1024K,   0% used [0x15c00000, 0x15d00000)
AC   0  F    TS     0 PTAMS 0x15d00000 NTAMS 0x15d00000 space 1024K,   0% used [0x15d00000, 0x15e00000)
AC   0  F    TS     0 PTAMS 0x15e00000 NTAMS 0x15e00000 space 1024K,   0% used [0x15e00000, 0x15f00000)
AC   0  F    TS     0 PTAMS 0x15f00000 NTAMS 0x15f00000 space 1024K,   0% used [0x15f00000, 0x16000000)
AC   0  F    TS     0 PTAMS 0x16000000 NTAMS 0x16000000 space 1024K,   0% used [0x16000000, 0x16100000)
AC   0  F    TS     0 PTAMS 0x16100000 NTAMS 0x16100000 space 1024K,   0% used [0x16100000, 0x16200000)
AC   0  F    TS     0 PTAMS 0x16200000 NTAMS 0x16200000 space 1024K,   0% used [0x16200000, 0x16300000)
AC   0  F    TS     0 PTAMS 0x16300000 NTAMS 0x16300000 space 1024K,   0% used [0x16300000, 0x16400000)
AC   0  F    TS     0 PTAMS 0x16400000 NTAMS 0x16400000 space 1024K,   0% used [0x16400000, 0x16500000)
AC   0  F    TS     0 PTAMS 0x16500000 NTAMS 0x16500000 space 1024K,   0% used [0x16500000, 0x16600000)
AC   0  F    TS     0 PTAMS 0x16600000 NTAMS 0x16600000 space 1024K,   0% used [0x16600000, 0x16700000)
AC   0  F    TS     0 PTAMS 0x16700000 NTAMS 0x16700000 space 1024K,   0% used [0x16700000, 0x16800000)
AC   0  F    TS     0 PTAMS 0x16800000 NTAMS 0x16800000 space 1024K,   0% used [0x16800000, 0x16900000)
AC   0  F    TS     0 PTAMS 0x16900000 NTAMS 0x16900000 space 1024K,   0% used [0x16900000, 0x16a00000)
AC   0  F    TS     0 PTAMS 0x16a00000 NTAMS 0x16a00000 space 1024K,   0% used [0x16a00000, 0x16b00000)
AC   0  F    TS     0 PTAMS 0x16b00000 NTAMS 0x16b00000 space 1024K,   0% used [0x16b00000, 0x16c00000)
AC   0  F    TS     0 PTAMS 0x16c00000 NTAMS 0x16c00000 space 1024K,   0% used [0x16c00000, 0x16d00000)
AC   0  F    TS     0 PTAMS 0x16d00000 NTAMS 0x16d00000 space 1024K,   0% used [0x16d00000, 0x16e00000)
AC   0  F    TS     0 PTAMS 0x16e00000 NTAMS 0x16e00000 space 1024K,   0% used [0x16e00000, 0x16f00000)
AC   0  F    TS     0 PTAMS 0x16f00000 NTAMS 0x16f00000 space 1024K,   0% used [0x16f00000, 0x17000000)
AC   0  F    TS     0 PTAMS 0x17000000 NTAMS 0x17000000 space 1024K,   0% used [0x17000000, 0x17100000)
AC   0  F    TS     0 PTAMS 0x17100000 NTAMS 0x17100000 space 1024K,   0% used [0x17100000, 0x17200000)
AC   0  F    TS     0 PTAMS 0x17200000 NTAMS 0x17200000 space 1024K,   0% used [0x17200000, 0x17300000)
AC   0  F    TS     0 PTAMS 0x17300000 NTAMS 0x17300000 space 1024K,   0% used [0x17300000, 0x17400000)
AC   0  F    TS     0 PTAMS 0x17400000 NTAMS 0x17400000 space 1024K,   0% used [0x17400000, 0x17500000)
AC   0  F    TS     0 PTAMS 0x17500000 NTAMS 0x17500000 space 1024K,   0% used [0x17500000, 0x17600000)
AC   0  F    TS     0 PTAMS 0x17600000 NTAMS 0x17600000 space 1024K,   0% used [0x17600000, 0x17700000)
AC   0  F    TS     0 PTAMS 0x17700000 NTAMS 0x17700000 space 1024K,   0% used [0x17700000, 0x17800000)
AC   0  F    TS     0 PTAMS 0x17800000 NTAMS 0x17800000 space 1024K,   0% used [0x17800000, 0x17900000)
AC   0  F    TS     0 PTAMS 0x17900000 NTAMS 0x17900000 space 1024K,   0% used [0x17900000, 0x17a00000)
AC   0  F    TS     0 PTAMS 0x17a00000 NTAMS 0x17a00000 space 1024K,   0% used [0x17a00000, 0x17b00000)
AC   0  F    TS     0 PTAMS 0x17b00000 NTAMS 0x17b00000 space 1024K,   0% used [0x17b00000, 0x17c00000)
AC   0  F    TS     0 PTAMS 0x17c00000 NTAMS 0x17c00000 space 1024K,   0% used [0x17c00000, 0x17d00000)
AC   0  F    TS     0 PTAMS 0x17d00000 NTAMS 0x17d00000 space 1024K,   0% used [0x17d00000, 0x17e00000)
AC   0  F    TS     0 PTAMS 0x17e00000 NTAMS 0x17e00000 space 1024K,   0% used [0x17e00000, 0x17f00000)
AC   0  F    TS     0 PTAMS 0x17f00000 NTAMS 0x17f00000 space 1024K,   0% used [0x17f00000, 0x18000000)
AC   0  F    TS     0 PTAMS 0x18000000 NTAMS 0x18000000 space 1024K,   0% used [0x18000000, 0x18100000)
AC   0  F    TS     0 PTAMS 0x18100000 NTAMS 0x18100000 space 1024K,   0% used [0x18100000, 0x18200000)
AC   0  F    TS     0 PTAMS 0x18200000 NTAMS 0x18200000 space 1024K,   0% used [0x18200000, 0x18300000)
AC   0  F    TS     0 PTAMS 0x18300000 NTAMS 0x18300000 space 1024K,   0% used [0x18300000, 0x18400000)
AC   0  F    TS     0 PTAMS 0x18400000 NTAMS 0x18400000 space 1024K,   0% used [0x18400000, 0x18500000)
AC   0  F    TS     0 PTAMS 0x18500000 NTAMS 0x18500000 space 1024K,   0% used [0x18500000, 0x18600000)
AC   0  F    TS     0 PTAMS 0x18600000 NTAMS 0x18600000 space 1024K,   0% used [0x18600000, 0x18700000)
AC   0  F    TS     0 PTAMS 0x18700000 NTAMS 0x18700000 space 1024K,   0% used [0x18700000, 0x18800000)
AC   0  F    TS     0 PTAMS 0x18800000 NTAMS 0x18800000 space 1024K,   0% used [0x18800000, 0x18900000)
AC   0  F    TS     0 PTAMS 0x18900000 NTAMS 0x18900000 space 1024K,   0% used [0x18900000, 0x18a00000)
AC   0  F    TS     0 PTAMS 0x18a00000 NTAMS 0x18a00000 space 1024K,   0% used [0x18a00000, 0x18b00000)
AC   0  F    TS     0 PTAMS 0x18b00000 NTAMS 0x18b00000 space 1024K,   0% used [0x18b00000, 0x18c00000)
AC   0  F    TS     0 PTAMS 0x18c00000 NTAMS 0x18c00000 space 1024K,   0% used [0x18c00000, 0x18d00000)
AC   0  F    TS     0 PTAMS 0x18d00000 NTAMS 0x18d00000 space 1024K,   0% used [0x18d00000, 0x18e00000)
AC   0  F    TS     0 PTAMS 0x18e00000 NTAMS 0x18e00000 space 1024K,   0% used [0x18e00000, 0x18f00000)
AC   0  F    TS     0 PTAMS 0x18f00000 NTAMS 0x18f00000 space 1024K,   0% used [0x18f00000, 0x19000000)
AC   0  F    TS     0 PTAMS 0x19000000 NTAMS 0x19000000 space 1024K,   0% used [0x19000000, 0x19100000)
AC   0  F    TS     0 PTAMS 0x19100000 NTAMS 0x19100000 space 1024K,   0% used [0x19100000, 0x19200000)
AC   0  F    TS     0 PTAMS 0x19200000 NTAMS 0x19200000 space 1024K,   0% used [0x19200000, 0x19300000)
AC   0  F    TS     0 PTAMS 0x19300000 NTAMS 0x19300000 space 1024K,   0% used [0x19300000, 0x19400000)
AC   0  F    TS     0 PTAMS 0x19400000 NTAMS 0x19400000 space 1024K,   0% used [0x19400000, 0x19500000)
AC   0  F    TS     0 PTAMS 0x19500000 NTAMS 0x19500000 space 1024K,   0% used [0x19500000, 0x19600000)
AC   0  F    TS     0 PTAMS 0x19600000 NTAMS 0x19600000 space 1024K,   0% used [0x19600000, 0x19700000)
AC   0  F    TS     0 PTAMS 0x19700000 NTAMS 0x19700000 space 1024K,   0% used [0x19700000, 0x19800000)
AC   0  F    TS     0 PTAMS 0x19800000 NTAMS 0x19800000 space 1024K,   0% used [0x19800000, 0x19900000)
AC   0  F    TS     0 PTAMS 0x19900000 NTAMS 0x19900000 space 1024K,   0% used [0x19900000, 0x19a00000)
AC   0  F    TS     0 PTAMS 0x19a00000 NTAMS 0x19a00000 space 1024K,   0% used [0x19a00000, 0x19b00000)
AC   0  F    TS     0 PTAMS 0x19b00000 NTAMS 0x19b00000 space 1024K,   0% used [0x19b00000, 0x19c00000)
AC   0  F    TS     0 PTAMS 0x19c00000 NTAMS 0x19c00000 space 1024K,   0% used [0x19c00000, 0x19d00000)
AC   0  F    TS     0 PTAMS 0x19d00000 NTAMS 0x19d00000 space 1024K,   0% used [0x19d00000, 0x19e00000)
AC   0  F    TS     0 PTAMS 0x19e00000 NTAMS 0x19e00000 space 1024K,   0% used [0x19e00000, 0x19f00000)
AC   0  F    TS     0 PTAMS 0x19f00000 NTAMS 0x19f00000 space 1024K,   0% used [0x19f00000, 0x1a000000)
AC   0  F    TS     0 PTAMS 0x1a000000 NTAMS 0x1a000000 space 1024K,   0% used [0x1a000000, 0x1a100000)
AC   0  F    TS     0 PTAMS 0x1a100000 NTAMS 0x1a100000 space 1024K,   0% used [0x1a100000, 0x1a200000)
AC   0  F    TS     0 PTAMS 0x1a200000 NTAMS 0x1a200000 space 1024K,   0% used [0x1a200000, 0x1a300000)
AC   0  F    TS     0 PTAMS 0x1a300000 NTAMS 0x1a300000 space 1024K,   0% used [0x1a300000, 0x1a400000)
AC   0  F    TS     0 PTAMS 0x1a400000 NTAMS 0x1a400000 space 1024K,   0% used [0x1a400000, 0x1a500000)
AC   0  F    TS     0 PTAMS 0x1a500000 NTAMS 0x1a500000 space 1024K,   0% used [0x1a500000, 0x1a600000)
AC   0  F    TS     0 PTAMS 0x1a600000 NTAMS 0x1a600000 space 1024K,   0% used [0x1a600000, 0x1a700000)
AC   0  F    TS     0 PTAMS 0x1a700000 NTAMS 0x1a700000 space 1024K,   0% used [0x1a700000, 0x1a800000)
AC   0  F    TS     0 PTAMS 0x1a800000 NTAMS 0x1a800000 space 1024K,   0% used [0x1a800000, 0x1a900000)
AC   0  F    TS     0 PTAMS 0x1a900000 NTAMS 0x1a900000 space 1024K,   0% used [0x1a900000, 0x1aa00000)
AC   0  F    TS     0 PTAMS 0x1aa00000 NTAMS 0x1aa00000 space 1024K,   0% used [0x1aa00000, 0x1ab00000)
AC   0  F    TS     0 PTAMS 0x1ab00000 NTAMS 0x1ab00000 space 1024K,   0% used [0x1ab00000, 0x1ac00000)
AC   0  F    TS     0 PTAMS 0x1ac00000 NTAMS 0x1ac00000 space 1024K,   0% used [0x1ac00000, 0x1ad00000)
AC   0  F    TS     0 PTAMS 0x1ad00000 NTAMS 0x1ad00000 space 1024K,   0% used [0x1ad00000, 0x1ae00000)
AC   0  F    TS     0 PTAMS 0x1ae00000 NTAMS 0x1ae00000 space 1024K,   0% used [0x1ae00000, 0x1af00000)
AC   0  F    TS     0 PTAMS 0x1af00000 NTAMS 0x1af00000 space 1024K,   0% used [0x1af00000, 0x1b000000)
AC   0  F    TS     0 PTAMS 0x1b000000 NTAMS 0x1b000000 space 1024K,   0% used [0x1b000000, 0x1b100000)
AC   0  F    TS     0 PTAMS 0x1b100000 NTAMS 0x1b100000 space 1024K,   0% used [0x1b100000, 0x1b200000)
AC   0  F    TS     0 PTAMS 0x1b200000 NTAMS 0x1b200000 space 1024K,   0% used [0x1b200000, 0x1b300000)
AC   0  F    TS     0 PTAMS 0x1b300000 NTAMS 0x1b300000 space 1024K,   0% used [0x1b300000, 0x1b400000)
AC   0  F    TS     0 PTAMS 0x1b400000 NTAMS 0x1b400000 space 1024K,   0% used [0x1b400000, 0x1b500000)
AC   0  F    TS     0 PTAMS 0x1b500000 NTAMS 0x1b500000 space 1024K,   0% used [0x1b500000, 0x1b600000)
AC   0  F    TS     0 PTAMS 0x1b600000 NTAMS 0x1b600000 space 1024K,   0% used [0x1b600000, 0x1b700000)
AC   0  F    TS     0 PTAMS 0x1b700000 NTAMS 0x1b700000 space 1024K,   0% used [0x1b700000, 0x1b800000)
AC   0  F    TS     0 PTAMS 0x1b800000 NTAMS 0x1b800000 space 1024K,   0% used [0x1b800000, 0x1b900000)
AC   0  F    TS     0 PTAMS 0x1b900000 NTAMS 0x1b900000 space 1024K,   0% used [0x1b900000, 0x1ba00000)
AC   0  F    TS     0 PTAMS 0x1ba00000 NTAMS 0x1ba00000 space 1024K,   0% used [0x1ba00000, 0x1bb00000)
AC   0  F    TS     0 PTAMS 0x1bb00000 NTAMS 0x1bb00000 space 1024K,   0% used [0x1bb00000, 0x1bc00000)
AC   0  F    TS     0 PTAMS 0x1bc00000 NTAMS 0x1bc00000 space 1024K,   0% used [0x1bc00000, 0x1bd00000)
AC   0  F    TS     0 PTAMS 0x1bd00000 NTAMS 0x1bd00000 space 1024K,   0% used [0x1bd00000, 0x1be00000)
AC   0  F    TS     0 PTAMS 0x1be00000 NTAMS 0x1be00000 space 1024K,   0% used [0x1be00000, 0x1bf00000)
AC   0  F    TS     0 PTAMS 0x1bf00000 NTAMS 0x1bf00000 space 1024K,   0% used [0x1bf00000, 0x1c000000)
AC   0  F    TS     0 PTAMS 0x1c000000 NTAMS 0x1c000000 space 1024K,   0% used [0x1c000000, 0x1c100000)
AC   0  F    TS     0 PTAMS 0x1c100000 NTAMS 0x1c100000 space 1024K,   0% used [0x1c100000, 0x1c200000)
AC   0  F    TS     0 PTAMS 0x1c200000 NTAMS 0x1c200000 space 1024K,   0% used [0x1c200000, 0x1c300000)
AC   0  F    TS     0 PTAMS 0x1c300000 NTAMS 0x1c300000 space 1024K,   0% used [0x1c300000, 0x1c400000)
AC   0  F    TS     0 PTAMS 0x1c400000 NTAMS 0x1c400000 space 1024K,   0% used [0x1c400000, 0x1c500000)
AC   0  F    TS     0 PTAMS 0x1c500000 NTAMS 0x1c500000 space 1024K,   0% used [0x1c500000, 0x1c600000)
AC   0  F    TS     0 PTAMS 0x1c600000 NTAMS 0x1c600000 space 1024K,   0% used [0x1c600000, 0x1c700000)
AC   0 HS    TS     0 PTAMS 0x1c7c0010 NTAMS 0x1c7c0010 space 1024K,  75% used [0x1c700000, 0x1c800000)
AC   0  F    TS     0 PTAMS 0x1c800000 NTAMS 0x1c800000 space 1024K,   0% used [0x1c800000, 0x1c900000)
AC   0  F    TS     0 PTAMS 0x1c900000 NTAMS 0x1c900000 space 1024K,   0% used [0x1c900000, 0x1ca00000)
AC   0  F    TS     0 PTAMS 0x1ca00000 NTAMS 0x1ca00000 space 1024K,   0% used [0x1ca00000, 0x1cb00000)
AC   0  F    TS     0 PTAMS 0x1cb00000 NTAMS 0x1cb00000 space 1024K,   0% used [0x1cb00000, 0x1cc00000)
AC   0  F    TS     0 PTAMS 0x1cc00000 NTAMS 0x1cc00000 space 1024K,   0% used [0x1cc00000, 0x1cd00000)
AC   0  F    TS     0 PTAMS 0x1cd00000 NTAMS 0x1cd00000 space 1024K,   0% used [0x1cd00000, 0x1ce00000)
AC   0  F    TS     0 PTAMS 0x1ce00000 NTAMS 0x1ce00000 space 1024K,   0% used [0x1ce00000, 0x1cf00000)
AC   0  F    TS     0 PTAMS 0x1cf00000 NTAMS 0x1cf00000 space 1024K,   0% used [0x1cf00000, 0x1d000000)
AC   0  F    TS     0 PTAMS 0x1d000000 NTAMS 0x1d000000 space 1024K,   0% used [0x1d000000, 0x1d100000)
AC   0  F    TS     0 PTAMS 0x1d100000 NTAMS 0x1d100000 space 1024K,   0% used [0x1d100000, 0x1d200000)
AC   0  F    TS     0 PTAMS 0x1d200000 NTAMS 0x1d200000 space 1024K,   0% used [0x1d200000, 0x1d300000)
AC   0  F    TS     0 PTAMS 0x1d300000 NTAMS 0x1d300000 space 1024K,   0% used [0x1d300000, 0x1d400000)
AC   0  F    TS     0 PTAMS 0x1d400000 NTAMS 0x1d400000 space 1024K,   0% used [0x1d400000, 0x1d500000)
AC   0  F    TS     0 PTAMS 0x1d500000 NTAMS 0x1d500000 space 1024K,   0% used [0x1d500000, 0x1d600000)
AC   0  F    TS     0 PTAMS 0x1d600000 NTAMS 0x1d600000 space 1024K,   0% used [0x1d600000, 0x1d700000)
AC   0  F    TS     0 PTAMS 0x1d700000 NTAMS 0x1d700000 space 1024K,   0% used [0x1d700000, 0x1d800000)
AC   0  F    TS     0 PTAMS 0x1d800000 NTAMS 0x1d800000 space 1024K,   0% used [0x1d800000, 0x1d900000)
AC   0  F    TS     0 PTAMS 0x1d900000 NTAMS 0x1d900000 space 1024K,   0% used [0x1d900000, 0x1da00000)
AC   0  F    TS     0 PTAMS 0x1da00000 NTAMS 0x1da00000 space 1024K,   0% used [0x1da00000, 0x1db00000)
AC   0  F    TS     0 PTAMS 0x1db00000 NTAMS 0x1db00000 space 1024K,   0% used [0x1db00000, 0x1dc00000)
AC   0  F    TS     0 PTAMS 0x1dc00000 NTAMS 0x1dc00000 space 1024K,   0% used [0x1dc00000, 0x1dd00000)
AC   0  F    TS     0 PTAMS 0x1dd00000 NTAMS 0x1dd00000 space 1024K,   0% used [0x1dd00000, 0x1de00000)
AC   0  F    TS     0 PTAMS 0x1de00000 NTAMS 0x1de00000 space 1024K,   0% used [0x1de00000, 0x1df00000)
AC   0  F    TS     0 PTAMS 0x1df00000 NTAMS 0x1df00000 space 1024K,   0% used [0x1df00000, 0x1e000000)
AC   0  F    TS     0 PTAMS 0x1e000000 NTAMS 0x1e000000 space 1024K,   0% used [0x1e000000, 0x1e100000)
AC   0  F    TS     0 PTAMS 0x1e100000 NTAMS 0x1e100000 space 1024K,   0% used [0x1e100000, 0x1e200000)
AC   0  F    TS     0 PTAMS 0x1e200000 NTAMS 0x1e200000 space 1024K,   0% used [0x1e200000, 0x1e300000)
AC   0  F    TS     0 PTAMS 0x1e300000 NTAMS 0x1e300000 space 1024K,   0% used [0x1e300000, 0x1e400000)
AC   0  F    TS     0 PTAMS 0x1e400000 NTAMS 0x1e400000 space 1024K,   0% used [0x1e400000, 0x1e500000)
AC   0  F    TS     0 PTAMS 0x1e500000 NTAMS 0x1e500000 space 1024K,   0% used [0x1e500000, 0x1e600000)
AC   0  F    TS     0 PTAMS 0x1e600000 NTAMS 0x1e600000 space 1024K,   0% used [0x1e600000, 0x1e700000)
AC   0  F    TS     0 PTAMS 0x1e700000 NTAMS 0x1e700000 space 1024K,   0% used [0x1e700000, 0x1e800000)
AC   0  F    TS     0 PTAMS 0x1e800000 NTAMS 0x1e800000 space 1024K,   0% used [0x1e800000, 0x1e900000)
AC   0  F    TS     0 PTAMS 0x1e900000 NTAMS 0x1e900000 space 1024K,   0% used [0x1e900000, 0x1ea00000)
AC   0  F    TS     0 PTAMS 0x1ea00000 NTAMS 0x1ea00000 space 1024K,   0% used [0x1ea00000, 0x1eb00000)
AC   0  F    TS     0 PTAMS 0x1eb00000 NTAMS 0x1eb00000 space 1024K,   0% used [0x1eb00000, 0x1ec00000)
AC   0  F    TS     0 PTAMS 0x1ec00000 NTAMS 0x1ec00000 space 1024K,   0% used [0x1ec00000, 0x1ed00000)
AC   0  F    TS     0 PTAMS 0x1ed00000 NTAMS 0x1ed00000 space 1024K,   0% used [0x1ed00000, 0x1ee00000)
AC   0  F    TS     0 PTAMS 0x1ee00000 NTAMS 0x1ee00000 space 1024K,   0% used [0x1ee00000, 0x1ef00000)
AC   0  F    TS     0 PTAMS 0x1ef00000 NTAMS 0x1ef00000 space 1024K,   0% used [0x1ef00000, 0x1f000000)
AC   0  F    TS     0 PTAMS 0x1f000000 NTAMS 0x1f000000 space 1024K,   0% used [0x1f000000, 0x1f100000)
AC   0  F    TS     0 PTAMS 0x1f100000 NTAMS 0x1f100000 space 1024K,   0% used [0x1f100000, 0x1f200000)
AC   0  F    TS     0 PTAMS 0x1f200000 NTAMS 0x1f200000 space 1024K,   0% used [0x1f200000, 0x1f300000)
AC   0  F    TS     0 PTAMS 0x1f300000 NTAMS 0x1f300000 space 1024K,   0% used [0x1f300000, 0x1f400000)
AC   0  F    TS     0 PTAMS 0x1f400000 NTAMS 0x1f400000 space 1024K,   0% used [0x1f400000, 0x1f500000)
AC   0  F    TS     0 PTAMS 0x1f500000 NTAMS 0x1f500000 space 1024K,   0% used [0x1f500000, 0x1f600000)
AC   0  F    TS     0 PTAMS 0x1f600000 NTAMS 0x1f600000 space 1024K,   0% used [0x1f600000, 0x1f700000)
AC   0  F    TS     0 PTAMS 0x1f700000 NTAMS 0x1f700000 space 1024K,   0% used [0x1f700000, 0x1f800000)
AC   0  F    TS     0 PTAMS 0x1f800000 NTAMS 0x1f800000 space 1024K,   0% used [0x1f800000, 0x1f900000)
AC   0  F    TS     0 PTAMS 0x1f900000 NTAMS 0x1f900000 space 1024K,   0% used [0x1f900000, 0x1fa00000)
AC   0  F    TS     0 PTAMS 0x1fa00000 NTAMS 0x1fa00000 space 1024K,   0% used [0x1fa00000, 0x1fb00000)
AC   0  F    TS     0 PTAMS 0x1fb00000 NTAMS 0x1fb00000 space 1024K,   0% used [0x1fb00000, 0x1fc00000)
AC   0  F    TS     0 PTAMS 0x1fc00000 NTAMS 0x1fc00000 space 1024K,   0% used [0x1fc00000, 0x1fd00000)
AC   0  F    TS     0 PTAMS 0x1fd00000 NTAMS 0x1fd00000 space 1024K,   0% used [0x1fd00000, 0x1fe00000)
AC   0  F    TS     0 PTAMS 0x1fe00000 NTAMS 0x1fe00000 space 1024K,   0% used [0x1fe00000, 0x1ff00000)
AC   0  F    TS     0 PTAMS 0x1ff00000 NTAMS 0x1ff00000 space 1024K,   0% used [0x1ff00000, 0x20000000)
AC   0  F    TS     0 PTAMS 0x20000000 NTAMS 0x20000000 space 1024K,   0% used [0x20000000, 0x20100000)
AC   0  F    TS     0 PTAMS 0x20100000 NTAMS 0x20100000 space 1024K,   0% used [0x20100000, 0x20200000)
AC   0  F    TS     0 PTAMS 0x20200000 NTAMS 0x20200000 space 1024K,   0% used [0x20200000, 0x20300000)
AC   0  F    TS     0 PTAMS 0x20300000 NTAMS 0x20300000 space 1024K,   0% used [0x20300000, 0x20400000)
AC   0  F    TS     0 PTAMS 0x20400000 NTAMS 0x20400000 space 1024K,   0% used [0x20400000, 0x20500000)
AC   0  F    TS     0 PTAMS 0x20500000 NTAMS 0x20500000 space 1024K,   0% used [0x20500000, 0x20600000)
AC   0  F    TS     0 PTAMS 0x20600000 NTAMS 0x20600000 space 1024K,   0% used [0x20600000, 0x20700000)
AC   0  F    TS     0 PTAMS 0x20700000 NTAMS 0x20700000 space 1024K,   0% used [0x20700000, 0x20800000)
AC   0  F    TS     0 PTAMS 0x20800000 NTAMS 0x20800000 space 1024K,   0% used [0x20800000, 0x20900000)
AC   0  F    TS     0 PTAMS 0x20900000 NTAMS 0x20900000 space 1024K,   0% used [0x20900000, 0x20a00000)
AC   0  F    TS     0 PTAMS 0x20a00000 NTAMS 0x20a00000 space 1024K,   0% used [0x20a00000, 0x20b00000)
AC   0  F    TS     0 PTAMS 0x20b00000 NTAMS 0x20b00000 space 1024K,   0% used [0x20b00000, 0x20c00000)
AC   0  F    TS     0 PTAMS 0x20c00000 NTAMS 0x20c00000 space 1024K,   0% used [0x20c00000, 0x20d00000)
AC   0  F    TS     0 PTAMS 0x20d00000 NTAMS 0x20d00000 space 1024K,   0% used [0x20d00000, 0x20e00000)
AC   0  F    TS     0 PTAMS 0x20e00000 NTAMS 0x20e00000 space 1024K,   0% used [0x20e00000, 0x20f00000)
AC   0  F    TS     0 PTAMS 0x20f00000 NTAMS 0x20f00000 space 1024K,   0% used [0x20f00000, 0x21000000)
AC   0  F    TS     0 PTAMS 0x21000000 NTAMS 0x21000000 space 1024K,   0% used [0x21000000, 0x21100000)
AC   0  F    TS     0 PTAMS 0x21100000 NTAMS 0x21100000 space 1024K,   0% used [0x21100000, 0x21200000)
AC   0  F    TS     0 PTAMS 0x21200000 NTAMS 0x21200000 space 1024K,   0% used [0x21200000, 0x21300000)
AC   0  F    TS     0 PTAMS 0x21300000 NTAMS 0x21300000 space 1024K,   0% used [0x21300000, 0x21400000)
AC   0  F    TS     0 PTAMS 0x21400000 NTAMS 0x21400000 space 1024K,   0% used [0x21400000, 0x21500000)
AC   0  F    TS     0 PTAMS 0x21500000 NTAMS 0x21500000 space 1024K,   0% used [0x21500000, 0x21600000)
AC   0  F    TS     0 PTAMS 0x21600000 NTAMS 0x21600000 space 1024K,   0% used [0x21600000, 0x21700000)
AC   0  F    TS     0 PTAMS 0x21700000 NTAMS 0x21700000 space 1024K,   0% used [0x21700000, 0x21800000)
AC   0  F    TS     0 PTAMS 0x21800000 NTAMS 0x21800000 space 1024K,   0% used [0x21800000, 0x21900000)
AC   0  F    TS     0 PTAMS 0x21900000 NTAMS 0x21900000 space 1024K,   0% used [0x21900000, 0x21a00000)
AC   0  F    TS     0 PTAMS 0x21a00000 NTAMS 0x21a00000 space 1024K,   0% used [0x21a00000, 0x21b00000)
AC   0  F    TS     0 PTAMS 0x21b00000 NTAMS 0x21b00000 space 1024K,   0% used [0x21b00000, 0x21c00000)
AC   0  F    TS     0 PTAMS 0x21c00000 NTAMS 0x21c00000 space 1024K,   0% used [0x21c00000, 0x21d00000)
AC   0  F    TS     0 PTAMS 0x21d00000 NTAMS 0x21d00000 space 1024K,   0% used [0x21d00000, 0x21e00000)
AC   0  F    TS     0 PTAMS 0x21e00000 NTAMS 0x21e00000 space 1024K,   0% used [0x21e00000, 0x21f00000)
AC   0  F    TS     0 PTAMS 0x21f00000 NTAMS 0x21f00000 space 1024K,   0% used [0x21f00000, 0x22000000)
AC   0  F    TS     0 PTAMS 0x22000000 NTAMS 0x22000000 space 1024K,   0% used [0x22000000, 0x22100000)
AC   0  F    TS     0 PTAMS 0x22100000 NTAMS 0x22100000 space 1024K,   0% used [0x22100000, 0x22200000)
AC   0  F    TS     0 PTAMS 0x22200000 NTAMS 0x22200000 space 1024K,   0% used [0x22200000, 0x22300000)
AC   0  F    TS     0 PTAMS 0x22300000 NTAMS 0x22300000 space 1024K,   0% used [0x22300000, 0x22400000)
AC   0  F    TS     0 PTAMS 0x22400000 NTAMS 0x22400000 space 1024K,   0% used [0x22400000, 0x22500000)
AC   0  F    TS     0 PTAMS 0x22500000 NTAMS 0x22500000 space 1024K,   0% used [0x22500000, 0x22600000)
AC   0  F    TS     0 PTAMS 0x22600000 NTAMS 0x22600000 space 1024K,   0% used [0x22600000, 0x22700000)
AC   0  F    TS     0 PTAMS 0x22700000 NTAMS 0x22700000 space 1024K,   0% used [0x22700000, 0x22800000)
AC   0  F    TS     0 PTAMS 0x22800000 NTAMS 0x22800000 space 1024K,   0% used [0x22800000, 0x22900000)
AC   0  F    TS     0 PTAMS 0x22900000 NTAMS 0x22900000 space 1024K,   0% used [0x22900000, 0x22a00000)
AC   0  F    TS     0 PTAMS 0x22a00000 NTAMS 0x22a00000 space 1024K,   0% used [0x22a00000, 0x22b00000)
AC   0  F    TS     0 PTAMS 0x22b00000 NTAMS 0x22b00000 space 1024K,   0% used [0x22b00000, 0x22c00000)
AC   0  F    TS     0 PTAMS 0x22c00000 NTAMS 0x22c00000 space 1024K,   0% used [0x22c00000, 0x22d00000)
AC   0  F    TS     0 PTAMS 0x22d00000 NTAMS 0x22d00000 space 1024K,   0% used [0x22d00000, 0x22e00000)
AC   0  F    TS     0 PTAMS 0x22e00000 NTAMS 0x22e00000 space 1024K,   0% used [0x22e00000, 0x22f00000)
AC   0  F    TS     0 PTAMS 0x22f00000 NTAMS 0x22f00000 space 1024K,   0% used [0x22f00000, 0x23000000)
AC   0  F    TS     0 PTAMS 0x23000000 NTAMS 0x23000000 space 1024K,   0% used [0x23000000, 0x23100000)
AC   0  F    TS     0 PTAMS 0x23100000 NTAMS 0x23100000 space 1024K,   0% used [0x23100000, 0x23200000)
AC   0  F    TS     0 PTAMS 0x23200000 NTAMS 0x23200000 space 1024K,   0% used [0x23200000, 0x23300000)
AC   0  F    TS     0 PTAMS 0x23300000 NTAMS 0x23300000 space 1024K,   0% used [0x23300000, 0x23400000)
AC   0  F    TS     0 PTAMS 0x23400000 NTAMS 0x23400000 space 1024K,   0% used [0x23400000, 0x23500000)
AC   0  F    TS     0 PTAMS 0x23500000 NTAMS 0x23500000 space 1024K,   0% used [0x23500000, 0x23600000)
AC   0  F    TS     0 PTAMS 0x23600000 NTAMS 0x23600000 space 1024K,   0% used [0x23600000, 0x23700000)
AC   0  F    TS     0 PTAMS 0x23700000 NTAMS 0x23700000 space 1024K,   0% used [0x23700000, 0x23800000)
AC   0  F    TS     0 PTAMS 0x23800000 NTAMS 0x23800000 space 1024K,   0% used [0x23800000, 0x23900000)
AC   0  F    TS     0 PTAMS 0x23900000 NTAMS 0x23900000 space 1024K,   0% used [0x23900000, 0x23a00000)
AC   0  F    TS     0 PTAMS 0x23a00000 NTAMS 0x23a00000 space 1024K,   0% used [0x23a00000, 0x23b00000)
AC   0  F    TS     0 PTAMS 0x23b00000 NTAMS 0x23b00000 space 1024K,   0% used [0x23b00000, 0x23c00000)
AC   0  F    TS     0 PTAMS 0x23c00000 NTAMS 0x23c00000 space 1024K,   0% used [0x23c00000, 0x23d00000)
AC   0  F    TS     0 PTAMS 0x23d00000 NTAMS 0x23d00000 space 1024K,   0% used [0x23d00000, 0x23e00000)
AC   0  F    TS     0 PTAMS 0x23e00000 NTAMS 0x23e00000 space 1024K,   0% used [0x23e00000, 0x23f00000)
AC   0  F    TS     0 PTAMS 0x23f00000 NTAMS 0x23f00000 space 1024K,   0% used [0x23f00000, 0x24000000)
AC   0  F    TS     0 PTAMS 0x24000000 NTAMS 0x24000000 space 1024K,   0% used [0x24000000, 0x24100000)
AC   0  F    TS     0 PTAMS 0x24100000 NTAMS 0x24100000 space 1024K,   0% used [0x24100000, 0x24200000)
AC   0  F    TS     0 PTAMS 0x24200000 NTAMS 0x24200000 space 1024K,   0% used [0x24200000, 0x24300000)
AC   0  F    TS     0 PTAMS 0x24300000 NTAMS 0x24300000 space 1024K,   0% used [0x24300000, 0x24400000)
AC   0  F    TS     0 PTAMS 0x24400000 NTAMS 0x24400000 space 1024K,   0% used [0x24400000, 0x24500000)
AC   0  F    TS     0 PTAMS 0x24500000 NTAMS 0x24500000 space 1024K,   0% used [0x24500000, 0x24600000)
AC   0  F    TS     0 PTAMS 0x24600000 NTAMS 0x24600000 space 1024K,   0% used [0x24600000, 0x24700000)
AC   0  F    TS     0 PTAMS 0x24700000 NTAMS 0x24700000 space 1024K,   0% used [0x24700000, 0x24800000)
AC   0  F    TS     0 PTAMS 0x24800000 NTAMS 0x24800000 space 1024K,   0% used [0x24800000, 0x24900000)
AC   0  F    TS     0 PTAMS 0x24900000 NTAMS 0x24900000 space 1024K,   0% used [0x24900000, 0x24a00000)
AC   0  F    TS     0 PTAMS 0x24a00000 NTAMS 0x24a00000 space 1024K,   0% used [0x24a00000, 0x24b00000)
AC   0  F    TS     0 PTAMS 0x24b00000 NTAMS 0x24b00000 space 1024K,   0% used [0x24b00000, 0x24c00000)
AC   0  F    TS     0 PTAMS 0x24c00000 NTAMS 0x24c00000 space 1024K,   0% used [0x24c00000, 0x24d00000)
AC   0  F    TS     0 PTAMS 0x24d00000 NTAMS 0x24d00000 space 1024K,   0% used [0x24d00000, 0x24e00000)
AC   0  F    TS     0 PTAMS 0x24e00000 NTAMS 0x24e00000 space 1024K,   0% used [0x24e00000, 0x24f00000)
AC   0  F    TS     0 PTAMS 0x24f00000 NTAMS 0x24f00000 space 1024K,   0% used [0x24f00000, 0x25000000)
AC   0  F    TS     0 PTAMS 0x25000000 NTAMS 0x25000000 space 1024K,   0% used [0x25000000, 0x25100000)
AC   0  F    TS     0 PTAMS 0x25100000 NTAMS 0x25100000 space 1024K,   0% used [0x25100000, 0x25200000)
AC   0  F    TS     0 PTAMS 0x25200000 NTAMS 0x25200000 space 1024K,   0% used [0x25200000, 0x25300000)
AC   0  F    TS     0 PTAMS 0x25300000 NTAMS 0x25300000 space 1024K,   0% used [0x25300000, 0x25400000)
AC   0  F    TS     0 PTAMS 0x25400000 NTAMS 0x25400000 space 1024K,   0% used [0x25400000, 0x25500000)
AC   0  F    TS     0 PTAMS 0x25500000 NTAMS 0x25500000 space 1024K,   0% used [0x25500000, 0x25600000)
AC   0  F    TS     0 PTAMS 0x25600000 NTAMS 0x25600000 space 1024K,   0% used [0x25600000, 0x25700000)
AC   0  F    TS     0 PTAMS 0x25700000 NTAMS 0x25700000 space 1024K,   0% used [0x25700000, 0x25800000)
AC   0  F    TS     0 PTAMS 0x25800000 NTAMS 0x25800000 space 1024K,   0% used [0x25800000, 0x25900000)
AC   0  F    TS     0 PTAMS 0x25900000 NTAMS 0x25900000 space 1024K,   0% used [0x25900000, 0x25a00000)
AC   0  F    TS     0 PTAMS 0x25a00000 NTAMS 0x25a00000 space 1024K,   0% used [0x25a00000, 0x25b00000)
AC   0  F    TS     0 PTAMS 0x25b00000 NTAMS 0x25b00000 space 1024K,   0% used [0x25b00000, 0x25c00000)
AC   0  F    TS     0 PTAMS 0x25c00000 NTAMS 0x25c00000 space 1024K,   0% used [0x25c00000, 0x25d00000)
AC   0  F    TS     0 PTAMS 0x25d00000 NTAMS 0x25d00000 space 1024K,   0% used [0x25d00000, 0x25e00000)
AC   0  F    TS     0 PTAMS 0x25e00000 NTAMS 0x25e00000 space 1024K,   0% used [0x25e00000, 0x25f00000)
AC   0  F    TS     0 PTAMS 0x25f00000 NTAMS 0x25f00000 space 1024K,   0% used [0x25f00000, 0x26000000)
AC   0  F    TS     0 PTAMS 0x26000000 NTAMS 0x26000000 space 1024K,   0% used [0x26000000, 0x26100000)
AC   0  F    TS     0 PTAMS 0x26100000 NTAMS 0x26100000 space 1024K,   0% used [0x26100000, 0x26200000)
AC   0  F    TS     0 PTAMS 0x26200000 NTAMS 0x26200000 space 1024K,   0% used [0x26200000, 0x26300000)
AC   0  F    TS     0 PTAMS 0x26300000 NTAMS 0x26300000 space 1024K,   0% used [0x26300000, 0x26400000)
AC   0  F    TS     0 PTAMS 0x26400000 NTAMS 0x26400000 space 1024K,   0% used [0x26400000, 0x26500000)
AC   0  F    TS     0 PTAMS 0x26500000 NTAMS 0x26500000 space 1024K,   0% used [0x26500000, 0x26600000)
AC   0  F    TS     0 PTAMS 0x26600000 NTAMS 0x26600000 space 1024K,   0% used [0x26600000, 0x26700000)
AC   0  F    TS     0 PTAMS 0x26700000 NTAMS 0x26700000 space 1024K,   0% used [0x26700000, 0x26800000)
AC   0  F    TS     0 PTAMS 0x26800000 NTAMS 0x26800000 space 1024K,   0% used [0x26800000, 0x26900000)
AC   0  F    TS     0 PTAMS 0x26900000 NTAMS 0x26900000 space 1024K,   0% used [0x26900000, 0x26a00000)
AC   0  F    TS     0 PTAMS 0x26a00000 NTAMS 0x26a00000 space 1024K,   0% used [0x26a00000, 0x26b00000)
AC   0  F    TS     0 PTAMS 0x26b00000 NTAMS 0x26b00000 space 1024K,   0% used [0x26b00000, 0x26c00000)
AC   0  F    TS     0 PTAMS 0x26c00000 NTAMS 0x26c00000 space 1024K,   0% used [0x26c00000, 0x26d00000)
AC   0  F    TS     0 PTAMS 0x26d00000 NTAMS 0x26d00000 space 1024K,   0% used [0x26d00000, 0x26e00000)
AC   0  F    TS     0 PTAMS 0x26e00000 NTAMS 0x26e00000 space 1024K,   0% used [0x26e00000, 0x26f00000)
AC   0  F    TS     0 PTAMS 0x26f00000 NTAMS 0x26f00000 space 1024K,   0% used [0x26f00000, 0x27000000)
AC   0  F    TS     0 PTAMS 0x27000000 NTAMS 0x27000000 space 1024K,   0% used [0x27000000, 0x27100000)
AC   0  F    TS     0 PTAMS 0x27100000 NTAMS 0x27100000 space 1024K,   0% used [0x27100000, 0x27200000)
AC   0  F    TS     0 PTAMS 0x27200000 NTAMS 0x27200000 space 1024K,   0% used [0x27200000, 0x27300000)
AC   0  F    TS     0 PTAMS 0x27300000 NTAMS 0x27300000 space 1024K,   0% used [0x27300000, 0x27400000)
AC   0  F    TS     0 PTAMS 0x27400000 NTAMS 0x27400000 space 1024K,   0% used [0x27400000, 0x27500000)
AC   0  F    TS     0 PTAMS 0x27500000 NTAMS 0x27500000 space 1024K,   0% used [0x27500000, 0x27600000)
AC   0  F    TS     0 PTAMS 0x27600000 NTAMS 0x27600000 space 1024K,   0% used [0x27600000, 0x27700000)
AC   0  F    TS     0 PTAMS 0x27700000 NTAMS 0x27700000 space 1024K,   0% used [0x27700000, 0x27800000)
AC   0  F    TS     0 PTAMS 0x27800000 NTAMS 0x27800000 space 1024K,   0% used [0x27800000, 0x27900000)
AC   0  F    TS     0 PTAMS 0x27900000 NTAMS 0x27900000 space 1024K,   0% used [0x27900000, 0x27a00000)
AC   0  F    TS     0 PTAMS 0x27a00000 NTAMS 0x27a00000 space 1024K,   0% used [0x27a00000, 0x27b00000)
AC   0  F    TS     0 PTAMS 0x27b00000 NTAMS 0x27b00000 space 1024K,   0% used [0x27b00000, 0x27c00000)
AC   0  F    TS     0 PTAMS 0x27c00000 NTAMS 0x27c00000 space 1024K,   0% used [0x27c00000, 0x27d00000)
AC   0  F    TS     0 PTAMS 0x27d00000 NTAMS 0x27d00000 space 1024K,   0% used [0x27d00000, 0x27e00000)
AC   0  F    TS     0 PTAMS 0x27e00000 NTAMS 0x27e00000 space 1024K,   0% used [0x27e00000, 0x27f00000)
AC   0  F    TS     0 PTAMS 0x27f00000 NTAMS 0x27f00000 space 1024K,   0% used [0x27f00000, 0x28000000)
AC   0  F    TS     0 PTAMS 0x28000000 NTAMS 0x28000000 space 1024K,   0% used [0x28000000, 0x28100000)
AC   0  F    TS     0 PTAMS 0x28100000 NTAMS 0x28100000 space 1024K,   0% used [0x28100000, 0x28200000)
AC   0  F    TS     0 PTAMS 0x28200000 NTAMS 0x28200000 space 1024K,   0% used [0x28200000, 0x28300000)
AC   0  F    TS     0 PTAMS 0x28300000 NTAMS 0x28300000 space 1024K,   0% used [0x28300000, 0x28400000)
AC   0  F    TS     0 PTAMS 0x28400000 NTAMS 0x28400000 space 1024K,   0% used [0x28400000, 0x28500000)
AC   0  F    TS     0 PTAMS 0x28500000 NTAMS 0x28500000 space 1024K,   0% used [0x28500000, 0x28600000)
AC   0  F    TS     0 PTAMS 0x28600000 NTAMS 0x28600000 space 1024K,   0% used [0x28600000, 0x28700000)
AC   0  F    TS     0 PTAMS 0x28700000 NTAMS 0x28700000 space 1024K,   0% used [0x28700000, 0x28800000)
AC   0  F    TS     0 PTAMS 0x28800000 NTAMS 0x28800000 space 1024K,   0% used [0x28800000, 0x28900000)
AC   0  F    TS     0 PTAMS 0x28900000 NTAMS 0x28900000 space 1024K,   0% used [0x28900000, 0x28a00000)
AC   0  F    TS     0 PTAMS 0x28a00000 NTAMS 0x28a00000 space 1024K,   0% used [0x28a00000, 0x28b00000)
AC   0  F    TS     0 PTAMS 0x28b00000 NTAMS 0x28b00000 space 1024K,   0% used [0x28b00000, 0x28c00000)
AC   0  F    TS     0 PTAMS 0x28c00000 NTAMS 0x28c00000 space 1024K,   0% used [0x28c00000, 0x28d00000)
AC   0  F    TS     0 PTAMS 0x28d00000 NTAMS 0x28d00000 space 1024K,   0% used [0x28d00000, 0x28e00000)
AC   0  F    TS     0 PTAMS 0x28e00000 NTAMS 0x28e00000 space 1024K,   0% used [0x28e00000, 0x28f00000)
AC   0  F    TS     0 PTAMS 0x28f00000 NTAMS 0x28f00000 space 1024K,   0% used [0x28f00000, 0x29000000)
AC   0  F    TS     0 PTAMS 0x29000000 NTAMS 0x29000000 space 1024K,   0% used [0x29000000, 0x29100000)
AC   0  F    TS     0 PTAMS 0x29100000 NTAMS 0x29100000 space 1024K,   0% used [0x29100000, 0x29200000)
AC   0  F    TS     0 PTAMS 0x29200000 NTAMS 0x29200000 space 1024K,   0% used [0x29200000, 0x29300000)
AC   0  F    TS     0 PTAMS 0x29300000 NTAMS 0x29300000 space 1024K,   0% used [0x29300000, 0x29400000)
AC   0  F    TS     0 PTAMS 0x29400000 NTAMS 0x29400000 space 1024K,   0% used [0x29400000, 0x29500000)
AC   0  F    TS     0 PTAMS 0x29500000 NTAMS 0x29500000 space 1024K,   0% used [0x29500000, 0x29600000)
AC   0  F    TS     0 PTAMS 0x29600000 NTAMS 0x29600000 space 1024K,   0% used [0x29600000, 0x29700000)
AC   0  F    TS     0 PTAMS 0x29700000 NTAMS 0x29700000 space 1024K,   0% used [0x29700000, 0x29800000)
AC   0  F    TS     0 PTAMS 0x29800000 NTAMS 0x29800000 space 1024K,   0% used [0x29800000, 0x29900000)
AC   0  F    TS     0 PTAMS 0x29900000 NTAMS 0x29900000 space 1024K,   0% used [0x29900000, 0x29a00000)
AC   0  F    TS     0 PTAMS 0x29a00000 NTAMS 0x29a00000 space 1024K,   0% used [0x29a00000, 0x29b00000)
AC   0  F    TS     0 PTAMS 0x29b00000 NTAMS 0x29b00000 space 1024K,   0% used [0x29b00000, 0x29c00000)
AC   0  F    TS     0 PTAMS 0x29c00000 NTAMS 0x29c00000 space 1024K,   0% used [0x29c00000, 0x29d00000)
AC   0  F    TS     0 PTAMS 0x29d00000 NTAMS 0x29d00000 space 1024K,   0% used [0x29d00000, 0x29e00000)
AC   0  F    TS     0 PTAMS 0x29e00000 NTAMS 0x29e00000 space 1024K,   0% used [0x29e00000, 0x29f00000)
AC   0  F    TS     0 PTAMS 0x29f00000 NTAMS 0x29f00000 space 1024K,   0% used [0x29f00000, 0x2a000000)
AC   0  F    TS     0 PTAMS 0x2a000000 NTAMS 0x2a000000 space 1024K,   0% used [0x2a000000, 0x2a100000)
AC   0  F    TS     0 PTAMS 0x2a100000 NTAMS 0x2a100000 space 1024K,   0% used [0x2a100000, 0x2a200000)
AC   0  F    TS     0 PTAMS 0x2a200000 NTAMS 0x2a200000 space 1024K,   0% used [0x2a200000, 0x2a300000)
AC   0  F    TS     0 PTAMS 0x2a300000 NTAMS 0x2a300000 space 1024K,   0% used [0x2a300000, 0x2a400000)
AC   0  F    TS     0 PTAMS 0x2a400000 NTAMS 0x2a400000 space 1024K,   0% used [0x2a400000, 0x2a500000)
AC   0  F    TS     0 PTAMS 0x2a500000 NTAMS 0x2a500000 space 1024K,   0% used [0x2a500000, 0x2a600000)
AC   0  F    TS     0 PTAMS 0x2a600000 NTAMS 0x2a600000 space 1024K,   0% used [0x2a600000, 0x2a700000)
AC   0  F    TS     0 PTAMS 0x2a700000 NTAMS 0x2a700000 space 1024K,   0% used [0x2a700000, 0x2a800000)
AC   0  F    TS     0 PTAMS 0x2a800000 NTAMS 0x2a800000 space 1024K,   0% used [0x2a800000, 0x2a900000)
AC   0  F    TS     0 PTAMS 0x2a900000 NTAMS 0x2a900000 space 1024K,   0% used [0x2a900000, 0x2aa00000)
AC   0  F    TS     0 PTAMS 0x2aa00000 NTAMS 0x2aa00000 space 1024K,   0% used [0x2aa00000, 0x2ab00000)
AC   0  F    TS     0 PTAMS 0x2ab00000 NTAMS 0x2ab00000 space 1024K,   0% used [0x2ab00000, 0x2ac00000)
AC   0  F    TS     0 PTAMS 0x2ac00000 NTAMS 0x2ac00000 space 1024K,   0% used [0x2ac00000, 0x2ad00000)
AC   0  F    TS     0 PTAMS 0x2ad00000 NTAMS 0x2ad00000 space 1024K,   0% used [0x2ad00000, 0x2ae00000)
AC   0  F    TS     0 PTAMS 0x2ae00000 NTAMS 0x2ae00000 space 1024K,   0% used [0x2ae00000, 0x2af00000)
AC   0  F    TS     0 PTAMS 0x2af00000 NTAMS 0x2af00000 space 1024K,   0% used [0x2af00000, 0x2b000000)
AC   0  F    TS     0 PTAMS 0x2b000000 NTAMS 0x2b000000 space 1024K,   0% used [0x2b000000, 0x2b100000)
AC   0  F    TS     0 PTAMS 0x2b100000 NTAMS 0x2b100000 space 1024K,   0% used [0x2b100000, 0x2b200000)
AC   0  F    TS     0 PTAMS 0x2b200000 NTAMS 0x2b200000 space 1024K,   0% used [0x2b200000, 0x2b300000)
AC   0  F    TS     0 PTAMS 0x2b300000 NTAMS 0x2b300000 space 1024K,   0% used [0x2b300000, 0x2b400000)
AC   0  F    TS     0 PTAMS 0x2b400000 NTAMS 0x2b400000 space 1024K,   0% used [0x2b400000, 0x2b500000)
AC   0  F    TS     0 PTAMS 0x2b500000 NTAMS 0x2b500000 space 1024K,   0% used [0x2b500000, 0x2b600000)
AC   0  F    TS     0 PTAMS 0x2b600000 NTAMS 0x2b600000 space 1024K,   0% used [0x2b600000, 0x2b700000)
AC   0  F    TS     0 PTAMS 0x2b700000 NTAMS 0x2b700000 space 1024K,   0% used [0x2b700000, 0x2b800000)
AC   0  F    TS     0 PTAMS 0x2b800000 NTAMS 0x2b800000 space 1024K,   0% used [0x2b800000, 0x2b900000)
AC   0  F    TS     0 PTAMS 0x2b900000 NTAMS 0x2b900000 space 1024K,   0% used [0x2b900000, 0x2ba00000)
AC   0  F    TS     0 PTAMS 0x2ba00000 NTAMS 0x2ba00000 space 1024K,   0% used [0x2ba00000, 0x2bb00000)
AC   0  F    TS     0 PTAMS 0x2bb00000 NTAMS 0x2bb00000 space 1024K,   0% used [0x2bb00000, 0x2bc00000)
AC   0  F    TS     0 PTAMS 0x2bc00000 NTAMS 0x2bc00000 space 1024K,   0% used [0x2bc00000, 0x2bd00000)
AC   0  F    TS     0 PTAMS 0x2bd00000 NTAMS 0x2bd00000 space 1024K,   0% used [0x2bd00000, 0x2be00000)
AC   0  F    TS     0 PTAMS 0x2be00000 NTAMS 0x2be00000 space 1024K,   0% used [0x2be00000, 0x2bf00000)
AC   0  F    TS     0 PTAMS 0x2bf00000 NTAMS 0x2bf00000 space 1024K,   0% used [0x2bf00000, 0x2c000000)
AC   0  F    TS     0 PTAMS 0x2c000000 NTAMS 0x2c000000 space 1024K,   0% used [0x2c000000, 0x2c100000)
AC   0  F    TS     0 PTAMS 0x2c100000 NTAMS 0x2c100000 space 1024K,   0% used [0x2c100000, 0x2c200000)
AC   0  F    TS     0 PTAMS 0x2c200000 NTAMS 0x2c200000 space 1024K,   0% used [0x2c200000, 0x2c300000)
AC   0  F    TS     0 PTAMS 0x2c300000 NTAMS 0x2c300000 space 1024K,   0% used [0x2c300000, 0x2c400000)
AC   0  F    TS     0 PTAMS 0x2c400000 NTAMS 0x2c400000 space 1024K,   0% used [0x2c400000, 0x2c500000)
AC   0  F    TS     0 PTAMS 0x2c500000 NTAMS 0x2c500000 space 1024K,   0% used [0x2c500000, 0x2c600000)
AC   0  F    TS     0 PTAMS 0x2c600000 NTAMS 0x2c600000 space 1024K,   0% used [0x2c600000, 0x2c700000)
AC   0  F    TS     0 PTAMS 0x2c700000 NTAMS 0x2c700000 space 1024K,   0% used [0x2c700000, 0x2c800000)
AC   0  F    TS     0 PTAMS 0x2c800000 NTAMS 0x2c800000 space 1024K,   0% used [0x2c800000, 0x2c900000)
AC   0  F    TS     0 PTAMS 0x2c900000 NTAMS 0x2c900000 space 1024K,   0% used [0x2c900000, 0x2ca00000)
AC   0  F    TS     0 PTAMS 0x2ca00000 NTAMS 0x2ca00000 space 1024K,   0% used [0x2ca00000, 0x2cb00000)
AC   0  F    TS     0 PTAMS 0x2cb00000 NTAMS 0x2cb00000 space 1024K,   0% used [0x2cb00000, 0x2cc00000)
AC   0  F    TS     0 PTAMS 0x2cc00000 NTAMS 0x2cc00000 space 1024K,   0% used [0x2cc00000, 0x2cd00000)
AC   0  O    TS     0 PTAMS 0x2ce00000 NTAMS 0x2ce00000 space 1024K, 100% used [0x2cd00000, 0x2ce00000)
AC   0  O    TS     0 PTAMS 0x2cf00000 NTAMS 0x2cf00000 space 1024K, 100% used [0x2ce00000, 0x2cf00000)
AC   0  F    TS     0 PTAMS 0x2cf00000 NTAMS 0x2cf00000 space 1024K,   0% used [0x2cf00000, 0x2d000000)
AC   0  F    TS     0 PTAMS 0x2d000000 NTAMS 0x2d000000 space 1024K,   0% used [0x2d000000, 0x2d100000)
AC   0  O    TS     0 PTAMS 0x2d200000 NTAMS 0x2d200000 space 1024K, 100% used [0x2d100000, 0x2d200000)
AC   0  F    TS     0 PTAMS 0x2d200000 NTAMS 0x2d200000 space 1024K,   0% used [0x2d200000, 0x2d300000)
AC   0  F    TS     0 PTAMS 0x2d300000 NTAMS 0x2d300000 space 1024K,   0% used [0x2d300000, 0x2d400000)
AC   0  F    TS     0 PTAMS 0x2d400000 NTAMS 0x2d400000 space 1024K,   0% used [0x2d400000, 0x2d500000)
AC   0  F    TS     0 PTAMS 0x2d500000 NTAMS 0x2d500000 space 1024K,   0% used [0x2d500000, 0x2d600000)
AC   0  F    TS     0 PTAMS 0x2d600000 NTAMS 0x2d600000 space 1024K,   0% used [0x2d600000, 0x2d700000)
AC   0  F    TS     0 PTAMS 0x2d700000 NTAMS 0x2d700000 space 1024K,   0% used [0x2d700000, 0x2d800000)
AC   0  F    TS     0 PTAMS 0x2d800000 NTAMS 0x2d800000 space 1024K,   0% used [0x2d800000, 0x2d900000)
AC   0  F    TS     0 PTAMS 0x2d900000 NTAMS 0x2d900000 space 1024K,   0% used [0x2d900000, 0x2da00000)
AC   0  F    TS     0 PTAMS 0x2da00000 NTAMS 0x2da00000 space 1024K,   0% used [0x2da00000, 0x2db00000)
AC   0  F    TS     0 PTAMS 0x2db00000 NTAMS 0x2db00000 space 1024K,   0% used [0x2db00000, 0x2dc00000)
AC   0  F    TS     0 PTAMS 0x2dc00000 NTAMS 0x2dc00000 space 1024K,   0% used [0x2dc00000, 0x2dd00000)
AC   0  F    TS     0 PTAMS 0x2dd00000 NTAMS 0x2dd00000 space 1024K,   0% used [0x2dd00000, 0x2de00000)
AC   0  F    TS     0 PTAMS 0x2de00000 NTAMS 0x2de00000 space 1024K,   0% used [0x2de00000, 0x2df00000)
AC   0  F    TS     0 PTAMS 0x2df00000 NTAMS 0x2df00000 space 1024K,   0% used [0x2df00000, 0x2e000000)
AC   0  F    TS     0 PTAMS 0x2e000000 NTAMS 0x2e000000 space 1024K,   0% used [0x2e000000, 0x2e100000)
AC   0  E    TS     0 PTAMS 0x2e100000 NTAMS 0x2e100000 space 1024K,  50% used [0x2e100000, 0x2e200000)
AC   0  E CS TS     0 PTAMS 0x2e200000 NTAMS 0x2e200000 space 1024K, 100% used [0x2e200000, 0x2e300000)
AC   0  E CS TS     0 PTAMS 0x2e300000 NTAMS 0x2e300000 space 1024K, 100% used [0x2e300000, 0x2e400000)
AC   0  E CS TS     0 PTAMS 0x2e400000 NTAMS 0x2e400000 space 1024K, 100% used [0x2e400000, 0x2e500000)
AC   0  E CS TS     0 PTAMS 0x2e500000 NTAMS 0x2e500000 space 1024K, 100% used [0x2e500000, 0x2e600000)
AC   0  E CS TS     0 PTAMS 0x2e600000 NTAMS 0x2e600000 space 1024K, 100% used [0x2e600000, 0x2e700000)
AC   0  E CS TS     0 PTAMS 0x2e700000 NTAMS 0x2e700000 space 1024K, 100% used [0x2e700000, 0x2e800000)
AC   0  E CS TS     0 PTAMS 0x2e800000 NTAMS 0x2e800000 space 1024K, 100% used [0x2e800000, 0x2e900000)
AC   0  E CS TS     0 PTAMS 0x2e900000 NTAMS 0x2e900000 space 1024K, 100% used [0x2e900000, 0x2ea00000)
AC   0  E CS TS     0 PTAMS 0x2ea00000 NTAMS 0x2ea00000 space 1024K, 100% used [0x2ea00000, 0x2eb00000)
AC   0  E CS TS     0 PTAMS 0x2eb00000 NTAMS 0x2eb00000 space 1024K, 100% used [0x2eb00000, 0x2ec00000)
AC   0  E CS TS     0 PTAMS 0x2ec00000 NTAMS 0x2ec00000 space 1024K, 100% used [0x2ec00000, 0x2ed00000)
AC   0  E CS TS     0 PTAMS 0x2ed00000 NTAMS 0x2ed00000 space 1024K, 100% used [0x2ed00000, 0x2ee00000)
AC   0  E CS TS     0 PTAMS 0x2ee00000 NTAMS 0x2ee00000 space 1024K, 100% used [0x2ee00000, 0x2ef00000)
AC   0  E CS TS     0 PTAMS 0x2ef00000 NTAMS 0x2ef00000 space 1024K, 100% used [0x2ef00000, 0x2f000000)
AC   0  E CS TS     0 PTAMS 0x2f000000 NTAMS 0x2f000000 space 1024K, 100% used [0x2f000000, 0x2f100000)
AC   0  E CS TS     0 PTAMS 0x2f100000 NTAMS 0x2f100000 space 1024K, 100% used [0x2f100000, 0x2f200000)
AC   0  E CS TS     0 PTAMS 0x2f200000 NTAMS 0x2f200000 space 1024K, 100% used [0x2f200000, 0x2f300000)
AC   0  E CS TS     0 PTAMS 0x2f300000 NTAMS 0x2f300000 space 1024K, 100% used [0x2f300000, 0x2f400000)
AC   0  E CS TS     0 PTAMS 0x2f400000 NTAMS 0x2f400000 space 1024K, 100% used [0x2f400000, 0x2f500000)
AC   0  E CS TS     0 PTAMS 0x2f500000 NTAMS 0x2f500000 space 1024K, 100% used [0x2f500000, 0x2f600000)
AC   0  E CS TS     0 PTAMS 0x2f600000 NTAMS 0x2f600000 space 1024K, 100% used [0x2f600000, 0x2f700000)
AC   0  E CS TS     0 PTAMS 0x2f700000 NTAMS 0x2f700000 space 1024K, 100% used [0x2f700000, 0x2f800000)

Card table byte_map: [0x44400000,0x44600000] byte_map_base: 0x443e0000

Marking Bits (Prev, Next): (CMBitMap*) 0x005e3f6c, (CMBitMap*) 0x005e3f40
 Prev Bits: [0x45800000, 0x46800000)
 Next Bits: [0x44800000, 0x45800000)

Polling page: 0x00170000

CodeCache: size=32768Kb used=7117Kb max_used=9408Kb free=25650Kb
 bounds [0x01f70000, 0x028b8000, 0x03f70000]
 total_blobs=2979 nmethods=2522 adapters=385
 compilation: enabled

Compilation events (10 events):
Event: 1476.997 Thread 0x469c9000 29791             net.minecraft.world.GameRules$Value::func_82758_b (5 bytes)
Event: 1476.997 Thread 0x469c9000 nmethod 29791 0x024c0d48 code [0x024c0e40, 0x024c0ec0]
Event: 1477.293 Thread 0x469c9000 29792             noppes.npcs.ai.EntityAIJob::func_75250_a (33 bytes)
Event: 1477.294 Thread 0x469c9000 nmethod 29792 0x02430d08 code [0x02430e20, 0x02430fa8]
Event: 1477.296 Thread 0x469c9000 29793             jdk.nashorn.internal.runtime.JSType::toPrimitive (96 bytes)
Event: 1477.297 Thread 0x469c9000 nmethod 29793 0x0201dcc8 code [0x0201df30, 0x0201e7d0]
Event: 1477.298 Thread 0x469c9000 29794             jdk.nashorn.internal.runtime.JSType::isPrimitive (38 bytes)
Event: 1477.299 Thread 0x469c9000 nmethod 29794 0x0264c288 code [0x0264c390, 0x0264c4fc]
Event: 1477.578 Thread 0x469c9000 29795             org.lwjgl.opengl.WindowsDisplay::setIcon (222 bytes)
Event: 1477.581 Thread 0x469c9000 nmethod 29795 0x0205fc88 code [0x0205fe20, 0x02060308]

GC Heap History (10 events):
Event: 1371.301 GC heap before
{Heap before GC invocations=369 (full 3):
 garbage-first heap   total 712704K, used 629964K [0x04000000, 0x04100ae0, 0x44000000)
  region size 1024K, 417 young (427008K), 2 survivors (2048K)
 Metaspace       used 37752K, capacity 38531K, committed 39040K, reserved 39296K
Event: 1371.307 GC heap after
Heap after GC invocations=370 (full 3):
 garbage-first heap   total 712704K, used 171904K [0x04000000, 0x04100ae0, 0x44000000)
  region size 1024K, 1 young (1024K), 1 survivors (1024K)
 Metaspace       used 37752K, capacity 38531K, committed 39040K, reserved 39296K
}
Event: 1393.742 GC heap before
{Heap before GC invocations=370 (full 3):
 garbage-first heap   total 712704K, used 597888K [0x04000000, 0x04100ae0, 0x44000000)
  region size 1024K, 417 young (427008K), 1 survivors (1024K)
 Metaspace       used 37753K, capacity 38531K, committed 39040K, reserved 39296K
Event: 1393.749 GC heap after
Heap after GC invocations=371 (full 3):
 garbage-first heap   total 712704K, used 172485K [0x04000000, 0x04100ae0, 0x44000000)
  region size 1024K, 2 young (2048K), 2 survivors (2048K)
 Metaspace       used 37753K, capacity 38531K, committed 39040K, reserved 39296K
}
Event: 1415.844 GC heap before
{Heap before GC invocations=371 (full 3):
 garbage-first heap   total 712704K, used 597445K [0x04000000, 0x04100ae0, 0x44000000)
  region size 1024K, 417 young (427008K), 2 survivors (2048K)
 Metaspace       used 37775K, capacity 38563K, committed 39040K, reserved 39296K
Event: 1415.848 GC heap after
Heap after GC invocations=372 (full 3):
 garbage-first heap   total 712704K, used 172317K [0x04000000, 0x04100ae0, 0x44000000)
  region size 1024K, 2 young (2048K), 2 survivors (2048K)
 Metaspace       used 37775K, capacity 38563K, committed 39040K, reserved 39296K
}
Event: 1457.335 GC heap before
{Heap before GC invocations=372 (full 3):
 garbage-first heap   total 712704K, used 597277K [0x04000000, 0x04100ae0, 0x44000000)
  region size 1024K, 417 young (427008K), 2 survivors (2048K)
 Metaspace       used 37781K, capacity 38563K, committed 39040K, reserved 39296K
Event: 1457.340 GC heap after
Heap after GC invocations=373 (full 3):
 garbage-first heap   total 712704K, used 172156K [0x04000000, 0x04100ae0, 0x44000000)
  region size 1024K, 2 young (2048K), 2 survivors (2048K)
 Metaspace       used 37781K, capacity 38563K, committed 39040K, reserved 39296K
}
Event: 1476.047 GC heap before
{Heap before GC invocations=373 (full 3):
 garbage-first heap   total 712704K, used 597116K [0x04000000, 0x04100ae0, 0x44000000)
  region size 1024K, 417 young (427008K), 2 survivors (2048K)
 Metaspace       used 37782K, capacity 38563K, committed 39040K, reserved 39296K
Event: 1476.051 GC heap after
Heap after GC invocations=374 (full 3):
 garbage-first heap   total 712704K, used 172263K [0x04000000, 0x04100ae0, 0x44000000)
  region size 1024K, 2 young (2048K), 2 survivors (2048K)
 Metaspace       used 37782K, capacity 38563K, committed 39040K, reserved 39296K
}

Deoptimization events (0 events):
No events

Internal exceptions (10 events):
Event: 1476.863 Thread 0x47a9c400 Exception <a 'java/lang/InterruptedException': sleep interrupted> (0x2e9006f0) thrown at [C:\re\workspace\8-2-build-windows-i586-cygwin\jdk8u102\7268\hotspot\src\share\vm\prims\jvm.cpp, line 3215]
Event: 1476.895 Thread 0x47a9c400 Exception <a 'java/lang/InterruptedException': sleep interrupted> (0x2e8809e8) thrown at [C:\re\workspace\8-2-build-windows-i586-cygwin\jdk8u102\7268\hotspot\src\share\vm\prims\jvm.cpp, line 3215]
Event: 1476.926 Thread 0x47a9c400 Exception <a 'java/lang/InterruptedException': sleep interrupted> (0x2e880c68) thrown at [C:\re\workspace\8-2-build-windows-i586-cygwin\jdk8u102\7268\hotspot\src\share\vm\prims\jvm.cpp, line 3215]
Event: 1476.946 Thread 0x47a9c400 Exception <a 'java/lang/InterruptedException': sleep interrupted> (0x2e880ee8) thrown at [C:\re\workspace\8-2-build-windows-i586-cygwin\jdk8u102\7268\hotspot\src\share\vm\prims\jvm.cpp, line 3215]
Event: 1476.976 Thread 0x47a9c400 Exception <a 'java/lang/InterruptedException': sleep interrupted> (0x2e881168) thrown at [C:\re\workspace\8-2-build-windows-i586-cygwin\jdk8u102\7268\hotspot\src\share\vm\prims\jvm.cpp, line 3215]
Event: 1476.995 Thread 0x47a9c400 Exception <a 'java/lang/InterruptedException': sleep interrupted> (0x2e8813e8) thrown at [C:\re\workspace\8-2-build-windows-i586-cygwin\jdk8u102\7268\hotspot\src\share\vm\prims\jvm.cpp, line 3215]
Event: 1477.026 Thread 0x47a9c400 Exception <a 'java/lang/InterruptedException': sleep interrupted> (0x2e881668) thrown at [C:\re\workspace\8-2-build-windows-i586-cygwin\jdk8u102\7268\hotspot\src\share\vm\prims\jvm.cpp, line 3215]
Event: 1477.063 Thread 0x47a9c400 Exception <a 'java/lang/InterruptedException': sleep interrupted> (0x2e8818e8) thrown at [C:\re\workspace\8-2-build-windows-i586-cygwin\jdk8u102\7268\hotspot\src\share\vm\prims\jvm.cpp, line 3215]
Event: 1477.095 Thread 0x47a9c400 Exception <a 'java/lang/InterruptedException': sleep interrupted> (0x2e881b68) thrown at [C:\re\workspace\8-2-build-windows-i586-cygwin\jdk8u102\7268\hotspot\src\share\vm\prims\jvm.cpp, line 3215]
Event: 1477.126 Thread 0x47a9c400 Exception <a 'java/lang/InterruptedException': sleep interrupted> (0x2e881de8) thrown at [C:\re\workspace\8-2-build-windows-i586-cygwin\jdk8u102\7268\hotspot\src\share\vm\prims\jvm.cpp, line 3215]

Events (10 events):
Event: 1477.298 Thread 0x469c9000 flushing nmethod 0x022b4a48
Event: 1477.298 Thread 0x469c9000 flushing nmethod 0x022e2f08
Event: 1477.298 Thread 0x469c9000 flushing nmethod 0x02332a08
Event: 1477.298 Thread 0x469c9000 flushing nmethod 0x0234b948
Event: 1477.298 Thread 0x469c9000 flushing nmethod 0x02351c88
Event: 1477.298 Thread 0x469c9000 flushing nmethod 0x02354d48
Event: 1477.298 Thread 0x469c9000 flushing nmethod 0x02354f48
Event: 1477.299 Thread 0x469c9000 flushing nmethod 0x023c7908
Event: 1477.299 Thread 0x469c9000 flushing nmethod 0x0246e3c8
Event: 1477.299 Thread 0x469c9000 flushing nmethod 0x025d7688


Dynamic libraries:
0x00f70000 - 0x00fa3000 	D:\Java1\bin\javaw.exe
0x77390000 - 0x774d2000 	C:\Windows\SYSTEM32\ntdll.dll
0x75b80000 - 0x75c55000 	C:\Windows\system32\kernel32.dll
0x756a0000 - 0x756eb000 	C:\Windows\system32\KERNELBASE.dll
0x75d40000 - 0x75de1000 	C:\Windows\system32\ADVAPI32.dll
0x75df0000 - 0x75e9c000 	C:\Windows\system32\msvcrt.dll
0x77510000 - 0x77529000 	C:\Windows\SYSTEM32\sechost.dll
0x77530000 - 0x775d2000 	C:\Windows\system32\RPCRT4.dll
0x75ea0000 - 0x75f69000 	C:\Windows\system32\USER32.dll
0x75980000 - 0x759ce000 	C:\Windows\system32\GDI32.dll
0x774f0000 - 0x774fa000 	C:\Windows\system32\LPK.dll
0x77190000 - 0x7722d000 	C:\Windows\system32\USP10.dll
0x74410000 - 0x745ae000 	C:\Windows\WinSxS\x86_microsoft.windows.common-controls_6595b64144ccf1df_6.0.7601.24440_none_2b1c5296457b2f0c\COMCTL32.dll
0x75ce0000 - 0x75d37000 	C:\Windows\system32\SHLWAPI.dll
0x75b60000 - 0x75b7f000 	C:\Windows\system32\IMM32.DLL
0x759d0000 - 0x75a9c000 	C:\Windows\system32\MSCTF.dll
0x67b80000 - 0x67c3f000 	D:\Java1\bin\msvcr100.dll
0x63fd0000 - 0x6439d000 	D:\Java1\bin\client\jvm.dll
0x726e0000 - 0x726e7000 	C:\Windows\system32\WSOCK32.dll
0x75aa0000 - 0x75ad5000 	C:\Windows\system32\WS2_32.dll
0x757d0000 - 0x757d6000 	C:\Windows\system32\NSI.dll
0x72cb0000 - 0x72ce2000 	C:\Windows\system32\WINMM.dll
0x74980000 - 0x74989000 	C:\Windows\system32\VERSION.dll
0x774e0000 - 0x774e5000 	C:\Windows\system32\PSAPI.DLL
0x73cd0000 - 0x73cdc000 	D:\Java1\bin\verify.dll
0x6fa40000 - 0x6fa61000 	D:\Java1\bin\java.dll
0x72680000 - 0x72693000 	D:\Java1\bin\zip.dll
0x75fd0000 - 0x76c1c000 	C:\Windows\system32\SHELL32.dll
0x77230000 - 0x7738f000 	C:\Windows\system32\ole32.dll
0x754c0000 - 0x754cb000 	C:\Windows\system32\profapi.dll
0x73ce0000 - 0x73cea000 	D:\Java1\bin\management.dll
0x73110000 - 0x73126000 	D:\Java1\bin\net.dll
0x74ea0000 - 0x74edc000 	C:\Windows\system32\mswsock.dll
0x74e90000 - 0x74e96000 	C:\Windows\System32\wship6.dll
0x72500000 - 0x7250f000 	D:\Java1\bin\nio.dll
0x73600000 - 0x73610000 	C:\Windows\system32\NLAapi.dll
0x72d50000 - 0x72d60000 	C:\Windows\system32\napinsp.dll
0x6e7b0000 - 0x6e7c2000 	C:\Windows\system32\pnrpnsp.dll
0x74d60000 - 0x74da4000 	C:\Windows\system32\DNSAPI.dll
0x72d40000 - 0x72d48000 	C:\Windows\System32\winrnr.dll
0x74a10000 - 0x74a15000 	C:\Windows\System32\wshtcpip.dll
0x73410000 - 0x7342c000 	C:\Windows\system32\IPHLPAPI.DLL
0x73400000 - 0x73407000 	C:\Windows\system32\WINNSI.DLL
0x72d70000 - 0x72d76000 	C:\Windows\system32\rasadhlp.dll
0x73080000 - 0x730b8000 	C:\Windows\System32\fwpuclnt.dll
0x724e0000 - 0x724f2000 	D:\Java1\bin\unpack.dll
0x01ea0000 - 0x01eed000 	G:\Mc\  RPG\\.minecraft\versions\1.7.10-Forge10.13.4.1614-1.7.10\1.7.10-Forge10.13.4.1614-1.7.10-natives\lwjgl.dll
0x5d760000 - 0x5d828000 	C:\Windows\system32\OPENGL32.dll
0x5f450000 - 0x5f472000 	C:\Windows\system32\GLU32.dll
0x5d670000 - 0x5d757000 	C:\Windows\system32\DDRAW.dll
0x69be0000 - 0x69be6000 	C:\Windows\system32\DCIMAN32.dll
0x757e0000 - 0x7597d000 	C:\Windows\system32\SETUPAPI.dll
0x75670000 - 0x75697000 	C:\Windows\system32\CFGMGR32.dll
0x770f0000 - 0x77182000 	C:\Windows\system32\OLEAUT32.dll
0x757b0000 - 0x757c2000 	C:\Windows\system32\DEVOBJ.dll
0x73f50000 - 0x73f63000 	C:\Windows\system32\dwmapi.dll
0x74ee0000 - 0x74ef7000 	C:\Windows\system32\CRYPTSP.dll
0x74c70000 - 0x74cab000 	C:\Windows\system32\rsaenh.dll
0x74af0000 - 0x74b07000 	C:\Windows\system32\USERENV.dll
0x75410000 - 0x7541c000 	C:\Windows\system32\CRYPTBASE.dll
0x73220000 - 0x7322d000 	C:\Windows\system32\dhcpcsvc6.DLL
0x73200000 - 0x73212000 	C:\Windows\system32\dhcpcsvc.DLL
0x69830000 - 0x69975000 	D:\Java1\bin\awt.dll
0x74250000 - 0x74290000 	C:\Windows\system32\uxtheme.dll
0x58e40000 - 0x598a6000 	C:\Windows\system32\ig4icd32.dll
0x69980000 - 0x699f9000 	C:\Windows\system32\mscms.dll
0x69a40000 - 0x69a78000 	C:\Windows\system32\icm32.dll
0x70a40000 - 0x70a7a000 	G:\Mc\  RPG\\.minecraft\versions\1.7.10-Forge10.13.4.1614-1.7.10\1.7.10-Forge10.13.4.1614-1.7.10-natives\avutil-ttv-51.dll
0x65980000 - 0x6599d000 	G:\Mc\  RPG\\.minecraft\versions\1.7.10-Forge10.13.4.1614-1.7.10\1.7.10-Forge10.13.4.1614-1.7.10-natives\swresample-ttv-0.dll
0x6eb80000 - 0x6ec09000 	G:\Mc\  RPG\\.minecraft\versions\1.7.10-Forge10.13.4.1614-1.7.10\1.7.10-Forge10.13.4.1614-1.7.10-natives\libmp3lame-ttv.dll
0x5b910000 - 0x5c890000 	G:\Mc\  RPG\\.minecraft\versions\1.7.10-Forge10.13.4.1614-1.7.10\1.7.10-Forge10.13.4.1614-1.7.10-natives\libmfxsw32.dll
0x68f30000 - 0x69033000 	G:\Mc\  RPG\\.minecraft\versions\1.7.10-Forge10.13.4.1614-1.7.10\1.7.10-Forge10.13.4.1614-1.7.10-natives\twitchsdk.dll
0x76d60000 - 0x76e55000 	C:\Windows\system32\WININET.dll
0x76c20000 - 0x76d56000 	C:\Windows\system32\urlmon.dll
0x75540000 - 0x75662000 	C:\Windows\system32\CRYPT32.dll
0x75530000 - 0x7553c000 	C:\Windows\system32\MSASN1.dll
0x76e60000 - 0x7705b000 	C:\Windows\system32\iertutil.dll
0x6a5d0000 - 0x6a609000 	D:\Java1\bin\fontmanager.dll
0x69a00000 - 0x69a32000 	D:\Java1\bin\t2k.dll
0x48300000 - 0x48365000 	G:\Mc\  RPG\\.minecraft\versions\1.7.10-Forge10.13.4.1614-1.7.10\1.7.10-Forge10.13.4.1614-1.7.10-natives\OpenAL32.dll
0x77060000 - 0x770e3000 	C:\Windows\system32\CLBCatQ.DLL
0x73f70000 - 0x73fa9000 	C:\Windows\System32\MMDevApi.dll
0x74290000 - 0x74385000 	C:\Windows\System32\PROPSYS.dll
0x6cfb0000 - 0x6d022000 	C:\Windows\system32\dsound.dll
0x73e70000 - 0x73e95000 	C:\Windows\system32\POWRPROF.dll
0x6c8c0000 - 0x6c8f6000 	C:\Windows\system32\AUDIOSES.DLL
0x69810000 - 0x69830000 	D:\Java1\bin\sunec.dll
0x73cf0000 - 0x73cf9000 	D:\Java1\bin\sunmscapi.dll
0x753c0000 - 0x7540c000 	C:\Windows\system32\apphelp.dll
0x70270000 - 0x7079a000 	C:\Windows\system32\SOGOUPY.IME
0x73770000 - 0x73775000 	C:\Windows\system32\MSIMG32.dll
0x73a90000 - 0x73acc000 	C:\Windows\system32\OLEACC.dll
0x73780000 - 0x737a1000 	C:\Windows\system32\ntmarta.dll
0x75ae0000 - 0x75b25000 	C:\Windows\system32\WLDAP32.dll
0x67d70000 - 0x67f29000 	D:\SogouInput\Components\PicFace\1.1.0.1766\PicFace.dll
0x75c60000 - 0x75cdb000 	C:\Windows\system32\COMDLG32.dll
0x65810000 - 0x658ef000 	D:\SogouInput\8.6.0.1467\Resource.dll
0x6ce20000 - 0x6cf05000 	D:\SogouInput\Components\SogouFlash\1.0.0.184\SogouFlashDll.dll
0x75380000 - 0x7539b000 	C:\Windows\system32\SspiCli.dll
0x69440000 - 0x6952b000 	C:\Windows\system32\dbghelp.dll

VM Arguments:
jvm_args: -XX:+UseG1GC -XX:-UseAdaptiveSizePolicy -XX:-OmitStackTraceInFastThrow -Xms128M -Xmx1024M -Djava.library.path=G:\Mc\  RPG\\.minecraft\versions\1.7.10-Forge10.13.4.1614-1.7.10\1.7.10-Forge10.13.4.1614-1.7.10-natives -Dfml.ignoreInvalidMinecraftCertificates=true -Dfml.ignorePatchDiscrepancies=true 
java_command: net.minecraft.launchwrapper.Launch --username Dr. Bad Blood --version 1.7.10-Forge10.13.4.1614-1.7.10 --gameDir G:\Mc\  RPG\\.minecraft --assetsDir G:\Mc\  RPG\\.minecraft\assets --assetIndex 1.7.10 --uuid bdbe4fb5178f734371383fdbf9c9f31b --accessToken bdbe4fb5178f734371383fdbf9c9f31b --userProperties {} --userType Legacy --tweakClass cpw.mods.fml.common.launcher.FMLTweaker
java_class_path (initial): G:\Mc\  RPG\\.minecraft\libraries\net\minecraftforge\forge\1.7.10-10.13.4.1614-1.7.10\forge-1.7.10-10.13.4.1614-1.7.10.jar;G:\Mc\  RPG\\.minecraft\libraries\net\minecraft\launchwrapper\1.12\launchwrapper-1.12.jar;G:\Mc\  RPG\\.minecraft\libraries\org\ow2\asm\asm-all\5.0.3\asm-all-5.0.3.jar;G:\Mc\  RPG\\.minecraft\libraries\com\typesafe\akka\akka-actor_2.11\2.3.3\akka-actor_2.11-2.3.3.jar;G:\Mc\  RPG\\.minecraft\libraries\com\typesafe\config\1.2.1\config-1.2.1.jar;G:\Mc\  RPG\\.minecraft\libraries\org\scala-lang\scala-actors-migration_2.11\1.1.0\scala-actors-migration_2.11-1.1.0.jar;G:\Mc\  RPG\\.minecraft\libraries\org\scala-lang\scala-compiler\2.11.1\scala-compiler-2.11.1.jar;G:\Mc\  RPG\\.minecraft\libraries\org\scala-lang\plugins\scala-continuations-library_2.11\1.0.2\scala-continuations-library_2.11-1.0.2.jar;G:\Mc\  RPG\\.minecraft\libraries\org\scala-lang\plugins\scala-continuations-plugin_2.11.1\1.0.2\scala-continuations-plugin_2.11.1-1.0.2.jar;G:\Mc\  RPG\\.minecraft\libraries\org\scala-lang\scala-library\2.11.1\scala-library-2.11.1.jar;G:\Mc\  RPG\\.minecraft\libraries\org\scala-lang\scala-parser-combinators_2.11\1.0.1\scala-parser-combinators_2.11-1.0.1.jar;G:\Mc\  RPG\\.minecraft\libraries\org\scala-lang\scala-reflect\2.11.1\scala-reflect-2.11.1.jar;G:\Mc\  RPG\\.minecraft\libraries\org\scala-lang\scala-swing_2.11\1.0.1\scala-swing_2.11-1.0.1.jar;G:\Mc\  RPG\\.minecraft\libraries\org\scala-lang\scala-xml_2.11\1.0.2\scala-xml_2.11-1.0.2.jar;G:\Mc\  RPG\\.minecraft\libraries\lzma\lzma\0.0.1\lzma-0.0.1.jar;G:\Mc\  RPG\\.minecraft\libraries\net\sf\jopt-s
Launcher Type: SUN_STANDARD

Environment Variables:
PATH=C:\ProgramData\Oracle\Java\javapath;C:\Windows\system32;C:\Windows;C:\Windows\System32\Wbem;C:\Windows\System32\WindowsPowerShell\v1.0\
USERNAME=Administrator
OS=Windows_NT
PROCESSOR_IDENTIFIER=x86 Family 6 Model 42 Stepping 7, GenuineIntel



---------------  S Y S T E M  ---------------

OS: Windows 7 Build 7601 (6.1.7601.24441)

CPU:total 2 (2 cores per cpu, 1 threads per core) family 6 model 42 stepping 7, cmov, cx8, fxsr, mmx, sse, sse2, sse3, ssse3, sse4.1, sse4.2, popcnt, clmul, tsc, tscinvbit

Memory: 4k page, physical 3354456k(1100664k free), swap 6708912k(3919156k free)

vm_info: Java HotSpot(TM) Client VM (25.102-b14) for windows-x86 JRE (1.8.0_102-b14), built on Jun 22 2016 13:13:29 by "java_re" with MS VC++ 10.0 (VS2010)

time: Fri Jul 03 20:00:24 2020
elapsed time: 1477 seconds (0d 0h 24m 37s)

