[21:39:32] [main/INFO]: Setting user: PreGoldenuard
[21:39:35] [Client thread/INFO]: LWJGL Version: 2.9.1
[21:39:49] [Client thread/INFO]: Reloading ResourceManager: Default, FMLFileResourcePack:Forge Mod Loader, FMLFileResourcePack:Minecraft Forge, FMLFileResourcePack:Damage Indicators, FMLFileResourcePack:YoHern, FMLFileResourcePack:WorldEdit, FMLFileResourcePack:CustomNpcs, FMLFileResourcePack:ScaleHealth, FMLFileResourcePack:Armourer's Workshop, FMLFileResourcePack:背包物品编辑器
[21:39:49] [Client thread/WARN]: ResourcePack: ignored non-lowercase namespace: YoHern in D:\MC国际服\端\1.7.10脚本 时装 RPG\.minecraft\mods\[贴图]YoHern's RPG items.jar
[21:39:49] [Client thread/WARN]: ResourcePack: ignored non-lowercase namespace: YoHern in D:\MC国际服\端\1.7.10脚本 时装 RPG\.minecraft\mods\[贴图]YoHern's RPG items.jar
[21:39:49] [Client thread/WARN]: ResourcePack: ignored non-lowercase namespace: YoHern in D:\MC国际服\端\1.7.10脚本 时装 RPG\.minecraft\mods\[贴图]YoHern's RPG items.jar
[21:39:49] [Client thread/WARN]: ResourcePack: ignored non-lowercase namespace: YoHern in D:\MC国际服\端\1.7.10脚本 时装 RPG\.minecraft\mods\[贴图]YoHern's RPG items.jar
[21:39:57] [Sound Library Loader/INFO]: Sound engine started
[21:39:58] [Client thread/INFO]: Created: 32x32 textures/blocks-atlas
[21:39:58] [Client thread/INFO]: Created: 16x16 textures/items-atlas
[21:39:59] [Client thread/INFO]: Reloading ResourceManager: Default, FMLFileResourcePack:Forge Mod Loader, FMLFileResourcePack:Minecraft Forge, FMLFileResourcePack:Damage Indicators, FMLFileResourcePack:YoHern, FMLFileResourcePack:WorldEdit, FMLFileResourcePack:CustomNpcs, FMLFileResourcePack:ScaleHealth, FMLFileResourcePack:Armourer's Workshop, FMLFileResourcePack:背包物品编辑器
[21:39:59] [Client thread/WARN]: ResourcePack: ignored non-lowercase namespace: YoHern in D:\MC国际服\端\1.7.10脚本 时装 RPG\.minecraft\mods\[贴图]YoHern's RPG items.jar
[21:39:59] [Client thread/WARN]: ResourcePack: ignored non-lowercase namespace: YoHern in D:\MC国际服\端\1.7.10脚本 时装 RPG\.minecraft\mods\[贴图]YoHern's RPG items.jar
[21:39:59] [Client thread/WARN]: ResourcePack: ignored non-lowercase namespace: YoHern in D:\MC国际服\端\1.7.10脚本 时装 RPG\.minecraft\mods\[贴图]YoHern's RPG items.jar
[21:39:59] [Client thread/WARN]: ResourcePack: ignored non-lowercase namespace: YoHern in D:\MC国际服\端\1.7.10脚本 时装 RPG\.minecraft\mods\[贴图]YoHern's RPG items.jar
[21:40:00] [Client thread/INFO]: Created: 1024x512 textures/blocks-atlas
[21:40:01] [Client thread/INFO]: Created: 1024x1024 textures/items-atlas
[21:40:02] [Sound Library Loader/INFO]: Sound engine started
[21:40:08] [Server thread/INFO]: Starting integrated minecraft server version 1.7.10
[21:40:08] [Server thread/INFO]: Generating keypair
[21:40:09] [Server thread/INFO]: Preparing start region for level 0
[21:40:10] [Server thread/INFO]: Changing view distance to 16, from 10
[21:40:12] [Server thread/INFO]: PreGoldenuard[local:E:51ff35f4] logged in with entity id 211 at (-895.4695240737192, 4.0, 1350.6379635331978)
[21:40:12] [Server thread/INFO]: PreGoldenuard 加入了游戏
[21:40:13] [Client thread/INFO]: [CHAT] Damage Indicators was unable to check for updates!
[21:40:13] [Thread-10/INFO]: [CHAT] §2CustomNpcs§f installed. For more info §9§nClick here
[21:40:54] [Server thread/INFO]: Saving and pausing game...
[21:40:54] [Server thread/INFO]: Saving chunks for level '一人之力开发地图'/Overworld
[21:40:54] [Server thread/INFO]: Saving chunks for level '一人之力开发地图'/Nether
[21:40:54] [Server thread/INFO]: Saving chunks for level '一人之力开发地图'/The End
[21:40:59] [Client thread/INFO]: [CHAT] Xalgan : Hello PreGoldenuard
[21:41:23] [Client thread/INFO]: [CHAT] Xalgan : Hello PreGoldenuard
[21:41:24] [Client thread/INFO]: [CHAT] Xalgan : Hello PreGoldenuard
[21:41:25] [Client thread/INFO]: [CHAT] Xalgan : Hello PreGoldenuard
[21:41:25] [Client thread/INFO]: [CHAT] Xalgan : Hello PreGoldenuard
[21:41:26] [Client thread/INFO]: [CHAT] Xalgan : Hello PreGoldenuard
[21:41:27] [Client thread/INFO]: [CHAT] Xalgan : Hello PreGoldenuard
[21:41:27] [Client thread/INFO]: [CHAT] Xalgan : Hello PreGoldenuard
[21:41:28] [Client thread/INFO]: [CHAT] Xalgan : Hello PreGoldenuard
[21:41:28] [Client thread/INFO]: [CHAT] Xalgan : Hello PreGoldenuard
[21:41:29] [Client thread/INFO]: [CHAT] Xalgan : Hello PreGoldenuard
[21:41:30] [Client thread/INFO]: [CHAT] Xalgan : Hello PreGoldenuard
[21:41:30] [Client thread/INFO]: [CHAT] Xalgan : Hello PreGoldenuard
[21:41:35] [Client thread/INFO]: [CHAT] Xalgan : Hello PreGoldenuard
[21:41:36] [Client thread/INFO]: [CHAT] Xalgan : Hello PreGoldenuard
[21:41:41] [Server thread/INFO]: [PreGoldenuard: 给予 1 PreGoldenuard 级经验]
[21:41:41] [Client thread/INFO]: [CHAT] 给予 1 PreGoldenuard 级经验
[21:41:43] [Client thread/INFO]: [CHAT] Xalgan : Hello PreGoldenuard
[21:41:43] [Client thread/INFO]: [CHAT] Xalgan : Hello PreGoldenuard
[21:41:47] [Server thread/INFO]: [PreGoldenuard: 给予 100 PreGoldenuard 级经验]
[21:41:47] [Client thread/INFO]: [CHAT] 给予 100 PreGoldenuard 级经验
[21:41:48] [Client thread/INFO]: [CHAT] Xalgan : Hello PreGoldenuard
[21:41:49] [Server thread/INFO]: Saving and pausing game...
[21:41:49] [Server thread/INFO]: Saving chunks for level '一人之力开发地图'/Overworld
[21:41:49] [Server thread/INFO]: Saving chunks for level '一人之力开发地图'/Nether
[21:41:49] [Server thread/INFO]: Saving chunks for level '一人之力开发地图'/The End
[21:42:22] [Client thread/INFO]: [CHAT] Xalgan : Hello PreGoldenuard
[21:42:22] [Client thread/INFO]: [CHAT] Xalgan : Hello PreGoldenuard
[21:42:22] [Client thread/INFO]: [CHAT] Xalgan : Hello PreGoldenuard
[21:42:22] [Client thread/INFO]: [CHAT] Xalgan : Hello PreGoldenuard
[21:42:23] [Client thread/INFO]: [CHAT] Xalgan : Hello PreGoldenuard
[21:42:23] [Client thread/INFO]: [CHAT] Xalgan : Hello PreGoldenuard
[21:42:23] [Client thread/INFO]: [CHAT] Xalgan : Hello PreGoldenuard
[21:42:23] [Client thread/INFO]: [CHAT] Xalgan : Hello PreGoldenuard
[21:42:23] [Client thread/INFO]: [CHAT] Xalgan : Hello PreGoldenuard
[21:42:23] [Client thread/INFO]: [CHAT] Xalgan : Hello PreGoldenuard
[21:42:24] [Client thread/INFO]: [CHAT] Xalgan : Hello PreGoldenuard
[21:42:24] [Client thread/INFO]: [CHAT] Xalgan : Hello PreGoldenuard
[21:42:24] [Client thread/INFO]: [CHAT] Xalgan : Hello PreGoldenuard
[21:42:26] [Client thread/INFO]: [CHAT] Xalgan : Hello PreGoldenuard
[21:42:26] [Client thread/INFO]: [CHAT] Xalgan : Hello PreGoldenuard
[21:42:26] [Client thread/INFO]: [CHAT] Xalgan : Hello PreGoldenuard
[21:42:26] [Client thread/INFO]: [CHAT] Xalgan : Hello PreGoldenuard
[21:42:26] [Client thread/INFO]: [CHAT] Xalgan : Hello PreGoldenuard
[21:42:27] [Client thread/INFO]: [CHAT] Xalgan : Hello PreGoldenuard
[21:42:27] [Client thread/INFO]: [CHAT] Xalgan : Hello PreGoldenuard
[21:42:27] [Client thread/INFO]: [CHAT] Xalgan : Hello PreGoldenuard
[21:42:27] [Client thread/INFO]: [CHAT] Xalgan : Hello PreGoldenuard
[21:42:27] [Client thread/INFO]: [CHAT] Xalgan : Hello PreGoldenuard
[21:42:27] [Client thread/INFO]: [CHAT] Xalgan : Hello PreGoldenuard
[21:42:28] [Client thread/INFO]: [CHAT] Xalgan : Hello PreGoldenuard
[21:42:28] [Client thread/INFO]: [CHAT] Xalgan : Hello PreGoldenuard
[21:42:28] [Client thread/INFO]: [CHAT] Xalgan : Hello PreGoldenuard
[21:42:28] [Client thread/INFO]: [CHAT] Xalgan : Hello PreGoldenuard
[21:42:29] [Client thread/INFO]: [CHAT] Xalgan : Hello PreGoldenuard
[21:42:29] [Client thread/INFO]: [CHAT] Xalgan : Hello PreGoldenuard
[21:42:29] [Client thread/INFO]: [CHAT] Xalgan : Hello PreGoldenuard
[21:42:29] [Client thread/INFO]: [CHAT] Xalgan : Hello PreGoldenuard
[21:42:29] [Client thread/INFO]: [CHAT] Xalgan : Hello PreGoldenuard
[21:42:30] [Client thread/INFO]: [CHAT] Xalgan : Hello PreGoldenuard
[21:42:32] [Client thread/INFO]: [CHAT] §f请将a§f置于物品栏第§c三§f格
[21:42:32] [Client thread/INFO]: [CHAT] Xalgan : Hello PreGoldenuard
[21:42:32] [Client thread/INFO]: [CHAT] §f请将a§f置于物品栏第§c三§f格
[21:42:32] [Client thread/INFO]: [CHAT] Xalgan : Hello PreGoldenuard
[21:42:32] [Client thread/INFO]: [CHAT] §f请将a§f置于物品栏第§c三§f格
[21:42:32] [Client thread/INFO]: [CHAT] Xalgan : Hello PreGoldenuard
[21:42:33] [Client thread/INFO]: [CHAT] §f请将a§f置于物品栏第§c三§f格
[21:42:33] [Client thread/INFO]: [CHAT] Xalgan : Hello PreGoldenuard
[21:42:34] [Client thread/INFO]: [CHAT] Xalgan : Hello PreGoldenuard
[21:42:35] [Client thread/INFO]: [CHAT] Xalgan : Hello PreGoldenuard
[21:42:36] [Client thread/INFO]: [CHAT] Xalgan : Hello PreGoldenuard
[21:42:36] [Client thread/INFO]: [CHAT] Xalgan : Hello PreGoldenuard
[21:42:36] [Client thread/INFO]: [CHAT] Xalgan : Hello PreGoldenuard
[21:42:36] [Client thread/INFO]: [CHAT] Xalgan : Hello PreGoldenuard
[21:42:37] [Client thread/INFO]: [CHAT] Xalgan : Hello PreGoldenuard
[21:42:37] [Client thread/INFO]: [CHAT] Xalgan : Hello PreGoldenuard
[21:42:37] [Client thread/INFO]: [CHAT] Xalgan : Hello PreGoldenuard
[21:42:37] [Client thread/INFO]: [CHAT] Xalgan : Hello PreGoldenuard
[21:42:38] [Client thread/INFO]: [CHAT] Xalgan : Hello PreGoldenuard
[21:42:38] [Client thread/INFO]: [CHAT] Xalgan : Hello PreGoldenuard
[21:42:38] [Client thread/INFO]: [CHAT] Xalgan : Hello PreGoldenuard
[21:42:38] [Client thread/INFO]: [CHAT] Xalgan : Hello PreGoldenuard
[21:42:38] [Client thread/INFO]: [CHAT] Xalgan : Hello PreGoldenuard
[21:42:38] [Client thread/INFO]: [CHAT] Xalgan : Hello PreGoldenuard
[21:42:39] [Client thread/INFO]: [CHAT] Xalgan : Hello PreGoldenuard
[21:42:39] [Client thread/INFO]: [CHAT] Xalgan : Hello PreGoldenuard
[21:42:40] [Client thread/INFO]: [CHAT] Xalgan : Hello PreGoldenuard
[21:42:40] [Client thread/INFO]: [CHAT] Xalgan : Hello PreGoldenuard
[21:42:41] [Client thread/INFO]: [CHAT] Xalgan : Hello PreGoldenuard
[21:42:46] [Client thread/INFO]: [CHAT] Xalgan : Hello PreGoldenuard
[21:42:47] [Client thread/INFO]: [CHAT] Xalgan : Hello PreGoldenuard
[21:42:47] [Client thread/INFO]: [CHAT] Xalgan : Hello PreGoldenuard
[21:42:47] [Client thread/INFO]: [CHAT] Xalgan : Hello PreGoldenuard
[21:42:48] [Client thread/INFO]: [CHAT] Xalgan : Hello PreGoldenuard
[21:42:48] [Client thread/INFO]: [CHAT] Xalgan : Hello PreGoldenuard
[21:42:49] [Client thread/INFO]: [CHAT] §f请将a§f置于物品栏第§c三§f格
[21:42:49] [Client thread/INFO]: [CHAT] Xalgan : Hello PreGoldenuard
[21:42:49] [Client thread/INFO]: [CHAT] §f请将a§f置于物品栏第§c三§f格
[21:42:49] [Client thread/INFO]: [CHAT] Xalgan : Hello PreGoldenuard
[21:42:50] [Client thread/INFO]: [CHAT] §f请将a§f置于物品栏第§c三§f格
[21:42:50] [Client thread/INFO]: [CHAT] Xalgan : Hello PreGoldenuard
[21:42:50] [Client thread/INFO]: [CHAT] §f请将a§f置于物品栏第§c三§f格
[21:42:50] [Client thread/INFO]: [CHAT] Xalgan : Hello PreGoldenuard
[21:42:50] [Client thread/INFO]: [CHAT] §f请将a§f置于物品栏第§c三§f格
[21:42:50] [Client thread/INFO]: [CHAT] Xalgan : Hello PreGoldenuard
[21:42:50] [Client thread/INFO]: [CHAT] §f请将a§f置于物品栏第§c三§f格
[21:42:50] [Client thread/INFO]: [CHAT] Xalgan : Hello PreGoldenuard
[21:42:51] [Client thread/INFO]: [CHAT] §f请将a§f置于物品栏第§c三§f格
[21:42:51] [Client thread/INFO]: [CHAT] Xalgan : Hello PreGoldenuard
[21:42:51] [Client thread/INFO]: [CHAT] §f请将a§f置于物品栏第§c三§f格
[21:42:51] [Client thread/INFO]: [CHAT] Xalgan : Hello PreGoldenuard
[21:42:51] [Client thread/INFO]: [CHAT] §f请将a§f置于物品栏第§c三§f格
[21:42:51] [Client thread/INFO]: [CHAT] Xalgan : Hello PreGoldenuard
[21:42:55] [Server thread/INFO]: Saving and pausing game...
[21:42:55] [Server thread/INFO]: Saving chunks for level '一人之力开发地图'/Overworld
[21:42:55] [Server thread/INFO]: Saving chunks for level '一人之力开发地图'/Nether
[21:42:55] [Server thread/INFO]: Saving chunks for level '一人之力开发地图'/The End
[21:43:27] [Client thread/INFO]: [CHAT] §f请将a§f置于物品栏第§c三§f格
[21:43:27] [Client thread/INFO]: [CHAT] Xalgan : Hello PreGoldenuard
[21:43:31] [Server thread/INFO]: <PreGoldenuard> eee
[21:43:31] [Client thread/INFO]: [CHAT] <PreGoldenuard> eee
[21:43:32] [Client thread/INFO]: [CHAT] Xalgan : Hello PreGoldenuard
[21:43:33] [Client thread/INFO]: [CHAT] Xalgan : Hello PreGoldenuard
[21:43:33] [Client thread/INFO]: [CHAT] Xalgan : Hello PreGoldenuard
[21:43:34] [Client thread/INFO]: [CHAT] Xalgan : Hello PreGoldenuard
[21:43:34] [Client thread/INFO]: [CHAT] Xalgan : Hello PreGoldenuard
[21:43:34] [Client thread/INFO]: [CHAT] Xalgan : Hello PreGoldenuard
[21:43:34] [Client thread/INFO]: [CHAT] Xalgan : Hello PreGoldenuard
[21:43:35] [Client thread/INFO]: [CHAT] Xalgan : Hello PreGoldenuard
[21:43:35] [Client thread/INFO]: [CHAT] Xalgan : Hello PreGoldenuard
[21:43:35] [Client thread/INFO]: [CHAT] Xalgan : Hello PreGoldenuard
[21:43:35] [Client thread/INFO]: [CHAT] Xalgan : Hello PreGoldenuard
[21:43:35] [Client thread/INFO]: [CHAT] Xalgan : Hello PreGoldenuard
[21:43:47] [Client thread/INFO]: [CHAT] Xalgan : 云杉木板
[21:43:47] [Client thread/INFO]: [CHAT] Xalgan : Hello PreGoldenuard
[21:43:48] [Client thread/INFO]: [CHAT] Xalgan : 云杉木板
[21:43:48] [Client thread/INFO]: [CHAT] Xalgan : Hello PreGoldenuard
[21:43:48] [Client thread/INFO]: [CHAT] Xalgan : 云杉木板
[21:43:48] [Client thread/INFO]: [CHAT] Xalgan : Hello PreGoldenuard
[21:43:49] [Client thread/INFO]: [CHAT] Xalgan : 云杉木板
[21:43:49] [Client thread/INFO]: [CHAT] Xalgan : Hello PreGoldenuard
[21:43:50] [Client thread/INFO]: [CHAT] Xalgan : 云杉木板
[21:43:50] [Client thread/INFO]: [CHAT] Xalgan : Hello PreGoldenuard
[21:43:51] [Client thread/INFO]: [CHAT] Xalgan : 云杉木板
[21:43:51] [Client thread/INFO]: [CHAT] Xalgan : Hello PreGoldenuard
[21:43:52] [Client thread/INFO]: [CHAT] Xalgan : 云杉木板
[21:43:52] [Client thread/INFO]: [CHAT] Xalgan : Hello PreGoldenuard
[21:44:17] [Client thread/INFO]: [CHAT] §f请将a§f置于物品栏第§c三§f格
[21:44:17] [Client thread/INFO]: [CHAT] Xalgan : Hello PreGoldenuard
[21:44:18] [Client thread/INFO]: [CHAT] §f请将a§f置于物品栏第§c三§f格
[21:44:18] [Client thread/INFO]: [CHAT] Xalgan : Hello PreGoldenuard
[21:44:18] [Client thread/INFO]: [CHAT] §f请将a§f置于物品栏第§c三§f格
[21:44:18] [Client thread/INFO]: [CHAT] Xalgan : Hello PreGoldenuard
[21:44:21] [Client thread/INFO]: [CHAT] §f请将a§f置于物品栏第§c三§f格
[21:44:21] [Client thread/INFO]: [CHAT] Xalgan : Hello PreGoldenuard
[21:44:21] [Client thread/INFO]: [CHAT] §f请将a§f置于物品栏第§c三§f格
[21:44:21] [Client thread/INFO]: [CHAT] Xalgan : Hello PreGoldenuard
[21:44:24] [Client thread/INFO]: [CHAT] §f请将a§f置于物品栏第§c三§f格
[21:44:24] [Client thread/INFO]: [CHAT] Xalgan : Hello PreGoldenuard
[21:44:24] [Client thread/INFO]: [CHAT] §f请将a§f置于物品栏第§c三§f格
[21:44:24] [Client thread/INFO]: [CHAT] Xalgan : Hello PreGoldenuard
[21:44:24] [Client thread/INFO]: [CHAT] §f请将a§f置于物品栏第§c三§f格
[21:44:24] [Client thread/INFO]: [CHAT] Xalgan : Hello PreGoldenuard
[21:44:27] [Client thread/INFO]: [CHAT] Xalgan : Hello PreGoldenuard
[21:44:28] [Client thread/INFO]: [CHAT] Xalgan : Hello PreGoldenuard
[21:44:28] [Client thread/INFO]: [CHAT] Xalgan : Hello PreGoldenuard
[21:44:28] [Client thread/INFO]: [CHAT] Xalgan : Hello PreGoldenuard
[21:44:29] [Client thread/INFO]: [CHAT] Xalgan : Hello PreGoldenuard
[21:44:29] [Client thread/INFO]: [CHAT] Xalgan : Hello PreGoldenuard
[21:44:29] [Client thread/INFO]: [CHAT] Xalgan : Hello PreGoldenuard
[21:44:29] [Client thread/INFO]: [CHAT] Xalgan : Hello PreGoldenuard
[21:44:29] [Client thread/INFO]: [CHAT] Xalgan : Hello PreGoldenuard
[21:44:30] [Client thread/INFO]: [CHAT] Xalgan : Hello PreGoldenuard
[21:44:30] [Client thread/INFO]: [CHAT] Xalgan : Hello PreGoldenuard
[21:44:30] [Client thread/INFO]: [CHAT] Xalgan : Hello PreGoldenuard
[21:44:30] [Client thread/INFO]: [CHAT] Xalgan : Hello PreGoldenuard
[21:46:19] [Client thread/INFO]: [CHAT] Xalgan : Hello PreGoldenuard
[21:46:19] [Client thread/INFO]: [CHAT] Xalgan : Hello PreGoldenuard
[21:46:20] [Client thread/INFO]: [CHAT] Xalgan : Hello PreGoldenuard
[21:46:20] [Client thread/INFO]: [CHAT] Xalgan : Hello PreGoldenuard
[21:46:20] [Client thread/INFO]: [CHAT] Xalgan : Hello PreGoldenuard
[21:46:20] [Client thread/INFO]: [CHAT] Xalgan : Hello PreGoldenuard
[21:46:22] [Client thread/INFO]: [CHAT] qwqwqwq
[21:46:22] [Client thread/INFO]: [CHAT] Xalgan : Hello PreGoldenuard
[21:46:22] [Client thread/INFO]: [CHAT] qwqwqwq
[21:46:22] [Client thread/INFO]: [CHAT] Xalgan : Hello PreGoldenuard
[21:46:22] [Client thread/INFO]: [CHAT] qwqwqwq
[21:46:22] [Client thread/INFO]: [CHAT] Xalgan : Hello PreGoldenuard
[21:46:22] [Client thread/INFO]: [CHAT] qwqwqwq
[21:46:22] [Client thread/INFO]: [CHAT] Xalgan : Hello PreGoldenuard
[21:46:22] [Client thread/INFO]: [CHAT] qwqwqwq
[21:46:22] [Client thread/INFO]: [CHAT] Xalgan : Hello PreGoldenuard
[21:46:23] [Client thread/INFO]: [CHAT] qwqwqwq
[21:46:23] [Client thread/INFO]: [CHAT] Xalgan : Hello PreGoldenuard
[21:46:23] [Client thread/INFO]: [CHAT] qwqwqwq
[21:46:23] [Client thread/INFO]: [CHAT] Xalgan : Hello PreGoldenuard
[21:46:23] [Client thread/INFO]: [CHAT] qwqwqwq
[21:46:23] [Client thread/INFO]: [CHAT] Xalgan : Hello PreGoldenuard
[21:46:25] [Client thread/INFO]: [CHAT] qwqwqwq
[21:46:25] [Client thread/INFO]: [CHAT] Xalgan : Hello PreGoldenuard
[21:46:25] [Client thread/INFO]: [CHAT] qwqwqwq
[21:46:25] [Client thread/INFO]: [CHAT] Xalgan : Hello PreGoldenuard
[21:46:26] [Client thread/INFO]: [CHAT] qwqwqwq
[21:46:26] [Client thread/INFO]: [CHAT] Xalgan : Hello PreGoldenuard
[21:46:26] [Client thread/INFO]: [CHAT] qwqwqwq
[21:46:26] [Client thread/INFO]: [CHAT] Xalgan : Hello PreGoldenuard
[21:46:30] [Server thread/INFO]: Saving and pausing game...
[21:46:30] [Server thread/INFO]: Saving chunks for level '一人之力开发地图'/Overworld
[21:46:30] [Server thread/INFO]: Saving chunks for level '一人之力开发地图'/Nether
[21:46:30] [Server thread/INFO]: Saving chunks for level '一人之力开发地图'/The End
[21:49:40] [Client thread/INFO]: [CHAT] qwq
[21:49:40] [Client thread/INFO]: [CHAT] Xalgan : Hello PreGoldenuard
[21:49:40] [Client thread/INFO]: [CHAT] qwq
[21:49:40] [Client thread/INFO]: [CHAT] Xalgan : Hello PreGoldenuard
[21:49:41] [Client thread/INFO]: [CHAT] qwq
[21:49:41] [Client thread/INFO]: [CHAT] Xalgan : Hello PreGoldenuard
[21:49:48] [Client thread/INFO]: [CHAT] Xalgan : Hello PreGoldenuard
[21:49:48] [Client thread/INFO]: [CHAT] Xalgan : Hello PreGoldenuard
[21:49:49] [Client thread/INFO]: [CHAT] Xalgan : Hello PreGoldenuard
[21:49:49] [Client thread/INFO]: [CHAT] Xalgan : Hello PreGoldenuard
[21:49:49] [Client thread/INFO]: [CHAT] Xalgan : Hello PreGoldenuard
[21:49:49] [Client thread/INFO]: [CHAT] Xalgan : Hello PreGoldenuard
[21:49:49] [Client thread/INFO]: [CHAT] Xalgan : Hello PreGoldenuard
[21:49:51] [Client thread/INFO]: [CHAT] Xalgan : Hello PreGoldenuard
[21:49:52] [Client thread/INFO]: [CHAT] Xalgan : Hello PreGoldenuard
[21:49:52] [Client thread/INFO]: [CHAT] Xalgan : Hello PreGoldenuard
[21:49:52] [Client thread/INFO]: [CHAT] Xalgan : Hello PreGoldenuard
[21:49:53] [Client thread/INFO]: [CHAT] Xalgan : Hello PreGoldenuard
[21:49:53] [Client thread/INFO]: [CHAT] Xalgan : Hello PreGoldenuard
[21:49:54] [Client thread/INFO]: [CHAT] Xalgan : Hello PreGoldenuard
[21:49:57] [Server thread/INFO]: [PreGoldenuard: 您的游戏模式已被设置为 生存模式 ]
[21:49:57] [Client thread/INFO]: [CHAT] 您的游戏模式已更新
[21:49:58] [Client thread/INFO]: [CHAT] Xalgan : Hello PreGoldenuard
[21:50:00] [Client thread/INFO]: [CHAT] Xalgan : Hello PreGoldenuard
[21:50:00] [Client thread/INFO]: [CHAT] Xalgan : Hello PreGoldenuard
[21:50:03] [Client thread/INFO]: [CHAT] Xalgan : Hello PreGoldenuard
[21:53:41] [Client thread/INFO]: [CHAT] Xalgan : Hello PreGoldenuard
[21:53:41] [Client thread/INFO]: [CHAT] Xalgan : Hello PreGoldenuard
[21:53:42] [Client thread/INFO]: [CHAT] Xalgan : Hello PreGoldenuard
[21:53:42] [Client thread/INFO]: [CHAT] Xalgan : Hello PreGoldenuard
[21:53:42] [Client thread/INFO]: [CHAT] Xalgan : Hello PreGoldenuard
[21:53:42] [Client thread/INFO]: [CHAT] Xalgan : Hello PreGoldenuard
[21:53:42] [Client thread/INFO]: [CHAT] Xalgan : Hello PreGoldenuard
[21:53:43] [Client thread/INFO]: [CHAT] Xalgan : Hello PreGoldenuard
[21:53:43] [Client thread/INFO]: [CHAT] Xalgan : Hello PreGoldenuard
[21:53:43] [Client thread/INFO]: [CHAT] Xalgan : Hello PreGoldenuard
[21:53:43] [Client thread/INFO]: [CHAT] Xalgan : Hello PreGoldenuard
[21:53:43] [Client thread/INFO]: [CHAT] Xalgan : Hello PreGoldenuard
[21:53:43] [Client thread/INFO]: [CHAT] Xalgan : Hello PreGoldenuard
[21:53:44] [Client thread/INFO]: [CHAT] Xalgan : Hello PreGoldenuard
[21:53:44] [Client thread/INFO]: [CHAT] Xalgan : Hello PreGoldenuard
[21:53:44] [Client thread/INFO]: [CHAT] Xalgan : Hello PreGoldenuard
[21:53:44] [Client thread/INFO]: [CHAT] Xalgan : Hello PreGoldenuard
[21:53:44] [Client thread/INFO]: [CHAT] Xalgan : Hello PreGoldenuard
[21:53:45] [Client thread/INFO]: [CHAT] Xalgan : Hello PreGoldenuard
[21:53:45] [Client thread/INFO]: [CHAT] Xalgan : Hello PreGoldenuard
[21:53:45] [Client thread/INFO]: [CHAT] Xalgan : Hello PreGoldenuard
[21:53:45] [Client thread/INFO]: [CHAT] Xalgan : Hello PreGoldenuard
[21:53:45] [Client thread/INFO]: [CHAT] Xalgan : Hello PreGoldenuard
[21:53:46] [Client thread/INFO]: [CHAT] Xalgan : Hello PreGoldenuard
[21:53:46] [Client thread/INFO]: [CHAT] Xalgan : Hello PreGoldenuard
[21:53:46] [Client thread/INFO]: [CHAT] Xalgan : Hello PreGoldenuard
[21:53:46] [Client thread/INFO]: [CHAT] Xalgan : Hello PreGoldenuard
[21:53:46] [Client thread/INFO]: [CHAT] Xalgan : Hello PreGoldenuard
[21:53:47] [Client thread/INFO]: [CHAT] Xalgan : Hello PreGoldenuard
[21:53:47] [Client thread/INFO]: [CHAT] Xalgan : Hello PreGoldenuard
[21:53:47] [Client thread/INFO]: [CHAT] Xalgan : Hello PreGoldenuard
[21:53:47] [Client thread/INFO]: [CHAT] Xalgan : Hello PreGoldenuard
[21:53:47] [Client thread/INFO]: [CHAT] Xalgan : Hello PreGoldenuard
[21:53:48] [Client thread/INFO]: [CHAT] Xalgan : Hello PreGoldenuard
[21:53:48] [Client thread/INFO]: [CHAT] Xalgan : Hello PreGoldenuard
[21:53:48] [Client thread/INFO]: [CHAT] Xalgan : Hello PreGoldenuard
[21:53:48] [Client thread/INFO]: [CHAT] Xalgan : Hello PreGoldenuard
[21:53:48] [Client thread/INFO]: [CHAT] Xalgan : Hello PreGoldenuard
[21:53:49] [Client thread/INFO]: [CHAT] Xalgan : Hello PreGoldenuard
[21:53:49] [Client thread/INFO]: [CHAT] Xalgan : Hello PreGoldenuard
[21:53:49] [Client thread/INFO]: [CHAT] Xalgan : Hello PreGoldenuard
[21:53:49] [Client thread/INFO]: [CHAT] Xalgan : Hello PreGoldenuard
[21:53:49] [Client thread/INFO]: [CHAT] Xalgan : Hello PreGoldenuard
[21:53:50] [Client thread/INFO]: [CHAT] Xalgan : Hello PreGoldenuard
[21:53:50] [Client thread/INFO]: [CHAT] Xalgan : Hello PreGoldenuard
[21:53:50] [Client thread/INFO]: [CHAT] Xalgan : Hello PreGoldenuard
[21:53:50] [Client thread/INFO]: [CHAT] Xalgan : Hello PreGoldenuard
[21:53:50] [Client thread/INFO]: [CHAT] Xalgan : Hello PreGoldenuard
[21:53:51] [Client thread/INFO]: [CHAT] Xalgan : Hello PreGoldenuard
[21:53:51] [Client thread/INFO]: [CHAT] Xalgan : Hello PreGoldenuard
[21:53:51] [Client thread/INFO]: [CHAT] Xalgan : Hello PreGoldenuard
[21:53:51] [Client thread/INFO]: [CHAT] Xalgan : Hello PreGoldenuard
[21:53:51] [Client thread/INFO]: [CHAT] Xalgan : Hello PreGoldenuard
[21:53:52] [Client thread/INFO]: [CHAT] Xalgan : Hello PreGoldenuard
[21:53:52] [Client thread/INFO]: [CHAT] Xalgan : Hello PreGoldenuard
[21:53:52] [Client thread/INFO]: [CHAT] Xalgan : Hello PreGoldenuard
[21:53:52] [Client thread/INFO]: [CHAT] Xalgan : Hello PreGoldenuard
[21:53:52] [Client thread/INFO]: [CHAT] Xalgan : Hello PreGoldenuard
[21:53:53] [Client thread/INFO]: [CHAT] Xalgan : Hello PreGoldenuard
[21:53:53] [Client thread/INFO]: [CHAT] Xalgan : Hello PreGoldenuard
[21:53:53] [Client thread/INFO]: [CHAT] Xalgan : Hello PreGoldenuard
[21:53:53] [Client thread/INFO]: [CHAT] Xalgan : Hello PreGoldenuard
[21:53:53] [Client thread/INFO]: [CHAT] Xalgan : Hello PreGoldenuard
[21:53:54] [Client thread/INFO]: [CHAT] Xalgan : Hello PreGoldenuard
[21:53:54] [Client thread/INFO]: [CHAT] Xalgan : Hello PreGoldenuard
[21:53:54] [Client thread/INFO]: [CHAT] Xalgan : Hello PreGoldenuard
[21:53:56] [Client thread/INFO]: [CHAT] Xalgan : Hello PreGoldenuard
[21:53:56] [Client thread/INFO]: [CHAT] Xalgan : Hello PreGoldenuard
[21:53:57] [Client thread/INFO]: [CHAT] Xalgan : Hello PreGoldenuard
[21:53:59] [Client thread/INFO]: [CHAT] Xalgan : Hello PreGoldenuard
[21:53:59] [Client thread/INFO]: [CHAT] Xalgan : Hello PreGoldenuard
[21:54:00] [Client thread/INFO]: [CHAT] Xalgan : Hello PreGoldenuard
[21:54:00] [Client thread/INFO]: [CHAT] Xalgan : Hello PreGoldenuard
[21:54:01] [Client thread/INFO]: [CHAT] Xalgan : Hello PreGoldenuard
[21:54:06] [Server thread/INFO]: Saving and pausing game...
[21:54:06] [Server thread/INFO]: Saving chunks for level '一人之力开发地图'/Overworld
[21:54:06] [Server thread/INFO]: Saving chunks for level '一人之力开发地图'/Nether
[21:54:06] [Server thread/INFO]: Saving chunks for level '一人之力开发地图'/The End
[21:55:06] [Client thread/INFO]: [CHAT] Xalgan : Hello PreGoldenuard
[21:55:07] [Client thread/INFO]: [CHAT] Xalgan : Hello PreGoldenuard
[21:55:07] [Client thread/INFO]: [CHAT] Xalgan : Hello PreGoldenuard
[21:55:08] [Client thread/INFO]: [CHAT] Xalgan : Hello PreGoldenuard
[21:55:08] [Client thread/INFO]: [CHAT] Xalgan : Hello PreGoldenuard
[21:55:09] [Server thread/INFO]: Saving and pausing game...
[21:55:09] [Server thread/INFO]: Saving chunks for level '一人之力开发地图'/Overworld
[21:55:09] [Server thread/INFO]: Saving chunks for level '一人之力开发地图'/Nether
[21:55:09] [Server thread/INFO]: Saving chunks for level '一人之力开发地图'/The End
[21:55:27] [Client thread/INFO]: [CHAT] Xalgan : Hello PreGoldenuard
[21:55:28] [Client thread/INFO]: [CHAT] Xalgan : Hello PreGoldenuard
[21:55:36] [Client thread/INFO]: [CHAT] Xalgan : Hello PreGoldenuard
[21:55:37] [Client thread/INFO]: [CHAT] Xalgan : Hello PreGoldenuard
[21:55:37] [Client thread/INFO]: [CHAT] Xalgan : Hello PreGoldenuard
[21:55:38] [Client thread/INFO]: [CHAT] Xalgan : Hello PreGoldenuard
[21:55:38] [Client thread/INFO]: [CHAT] Xalgan : Hello PreGoldenuard
[21:55:39] [Client thread/INFO]: [CHAT] Xalgan : Hello PreGoldenuard
[21:55:39] [Client thread/INFO]: [CHAT] Xalgan : Hello PreGoldenuard
[21:55:39] [Client thread/INFO]: [CHAT] Xalgan : Hello PreGoldenuard
[21:55:40] [Client thread/INFO]: [CHAT] Xalgan : Hello PreGoldenuard
[21:55:40] [Client thread/INFO]: [CHAT] Xalgan : Hello PreGoldenuard
[21:55:40] [Client thread/INFO]: [CHAT] Xalgan : Hello PreGoldenuard
[21:55:40] [Client thread/INFO]: [CHAT] Xalgan : Hello PreGoldenuard
[21:55:41] [Client thread/INFO]: [CHAT] Xalgan : Hello PreGoldenuard
[21:55:41] [Client thread/INFO]: [CHAT] Xalgan : Hello PreGoldenuard
[21:55:41] [Client thread/INFO]: [CHAT] Xalgan : Hello PreGoldenuard
[21:55:41] [Client thread/INFO]: [CHAT] Xalgan : Hello PreGoldenuard
[21:55:41] [Client thread/INFO]: [CHAT] Xalgan : Hello PreGoldenuard
[21:55:42] [Client thread/INFO]: [CHAT] Xalgan : Hello PreGoldenuard
[21:55:42] [Client thread/INFO]: [CHAT] Xalgan : Hello PreGoldenuard
[21:55:43] [Client thread/INFO]: [CHAT] qwq
[21:55:43] [Client thread/INFO]: [CHAT] Xalgan : Hello PreGoldenuard
[21:55:47] [Client thread/INFO]: [CHAT] Xalgan : Hello PreGoldenuard
[21:55:49] [Client thread/INFO]: [CHAT] Xalgan : Hello PreGoldenuard
[21:55:50] [Client thread/INFO]: [CHAT] Xalgan : Hello PreGoldenuard
[21:55:50] [Client thread/INFO]: [CHAT] Xalgan : Hello PreGoldenuard
[21:55:51] [Server thread/INFO]: Saving and pausing game...
[21:55:51] [Server thread/INFO]: Saving chunks for level '一人之力开发地图'/Overworld
[21:55:51] [Server thread/INFO]: Saving chunks for level '一人之力开发地图'/Nether
[21:55:51] [Server thread/INFO]: Saving chunks for level '一人之力开发地图'/The End
[21:56:08] [Client thread/INFO]: [CHAT] Xalgan : Hello PreGoldenuard
[21:56:08] [Client thread/INFO]: [CHAT] Xalgan : Hello PreGoldenuard
[21:56:08] [Client thread/INFO]: [CHAT] Xalgan : Hello PreGoldenuard
[21:56:09] [Client thread/INFO]: [CHAT] Xalgan : Hello PreGoldenuard
[21:56:11] [Client thread/INFO]: [CHAT] Xalgan : Hello PreGoldenuard
[21:56:38] [Client thread/INFO]: [CHAT] Xalgan : Hello PreGoldenuard
[21:56:44] [Client thread/INFO]: [CHAT] Xalgan : Hello PreGoldenuard
[21:56:47] [Client thread/INFO]: [CHAT] Xalgan : Hello PreGoldenuard
[21:56:51] [Client thread/INFO]: [CHAT] Xalgan : Hello PreGoldenuard
[21:56:53] [Client thread/INFO]: [CHAT] Xalgan : Hello PreGoldenuard
[21:56:54] [Client thread/INFO]: [CHAT] Xalgan : Hello PreGoldenuard
[21:56:57] [Client thread/INFO]: [CHAT] Xalgan : Hello PreGoldenuard
[21:57:00] [Client thread/INFO]: [CHAT] Xalgan : Hello PreGoldenuard
[21:57:03] [Client thread/INFO]: [CHAT] Xalgan : Hello PreGoldenuard
[21:57:04] [Client thread/INFO]: [CHAT] Xalgan : Hello PreGoldenuard
[21:57:07] [Client thread/INFO]: [CHAT] Xalgan : Hello PreGoldenuard
[21:57:10] [Client thread/INFO]: [CHAT] Xalgan : Hello PreGoldenuard
[21:57:14] [Client thread/INFO]: [CHAT] Xalgan : Hello PreGoldenuard
[21:57:19] [Client thread/INFO]: [CHAT] Xalgan : Hello PreGoldenuard
[21:57:46] [Client thread/INFO]: [CHAT] Xalgan : Hello PreGoldenuard
[21:57:51] [Client thread/INFO]: [CHAT] Xalgan : Hello PreGoldenuard
[21:57:51] [Client thread/INFO]: [CHAT] Xalgan : Hello PreGoldenuard
[21:57:53] [Client thread/INFO]: [CHAT] Xalgan : Hello PreGoldenuard
[21:57:53] [Client thread/INFO]: [CHAT] Xalgan : Hello PreGoldenuard
[21:57:53] [Client thread/INFO]: [CHAT] Xalgan : Hello PreGoldenuard
[21:57:53] [Client thread/INFO]: [CHAT] Xalgan : Hello PreGoldenuard
[21:57:54] [Client thread/INFO]: [CHAT] Xalgan : Hello PreGoldenuard
[21:57:54] [Client thread/INFO]: [CHAT] Xalgan : Hello PreGoldenuard
[21:57:54] [Client thread/INFO]: [CHAT] Xalgan : Hello PreGoldenuard
[21:58:55] [Client thread/INFO]: [CHAT] aa
[21:58:55] [Client thread/INFO]: [CHAT] Xalgan : Hello PreGoldenuard
[21:58:55] [Client thread/INFO]: [CHAT] aa
[21:58:55] [Client thread/INFO]: [CHAT] Xalgan : Hello PreGoldenuard
[21:58:57] [Client thread/INFO]: [CHAT] Xalgan : Hello PreGoldenuard
[21:58:58] [Client thread/INFO]: [CHAT] Xalgan : Hello PreGoldenuard
[21:58:59] [Client thread/INFO]: [CHAT] Xalgan : Hello PreGoldenuard
[21:59:01] [Client thread/INFO]: [CHAT] Xalgan : Hello PreGoldenuard
[21:59:01] [Client thread/INFO]: [CHAT] Xalgan : Hello PreGoldenuard
[21:59:06] [Client thread/INFO]: [CHAT] Xalgan : Hello PreGoldenuard
[21:59:07] [Client thread/INFO]: [CHAT] Xalgan : Hello PreGoldenuard
[21:59:07] [Client thread/INFO]: [CHAT] Xalgan : Hello PreGoldenuard
[21:59:07] [Client thread/INFO]: [CHAT] Xalgan : Hello PreGoldenuard
[21:59:08] [Client thread/INFO]: [CHAT] Xalgan : Hello PreGoldenuard
[21:59:08] [Client thread/INFO]: [CHAT] Xalgan : Hello PreGoldenuard
[21:59:08] [Client thread/INFO]: [CHAT] Xalgan : Hello PreGoldenuard
[21:59:09] [Client thread/INFO]: [CHAT] Xalgan : Hello PreGoldenuard
[21:59:33] [Client thread/INFO]: [CHAT] Xalgan : Hello PreGoldenuard
[21:59:36] [Client thread/INFO]: [CHAT] aa
[21:59:36] [Client thread/INFO]: [CHAT] Xalgan : Hello PreGoldenuard
[21:59:37] [Client thread/INFO]: [CHAT] aa
[21:59:37] [Client thread/INFO]: [CHAT] Xalgan : Hello PreGoldenuard
[21:59:39] [Client thread/INFO]: [CHAT] Xalgan : Hello PreGoldenuard
[21:59:39] [Client thread/INFO]: [CHAT] Xalgan : Hello PreGoldenuard
[21:59:40] [Client thread/INFO]: [CHAT] Xalgan : Hello PreGoldenuard
[21:59:40] [Client thread/INFO]: [CHAT] Xalgan : Hello PreGoldenuard
[21:59:40] [Client thread/INFO]: [CHAT] Xalgan : Hello PreGoldenuard
[21:59:41] [Client thread/INFO]: [CHAT] Xalgan : Hello PreGoldenuard
[21:59:53] [Client thread/INFO]: [CHAT] Xalgan : Hello PreGoldenuard
[21:59:54] [Client thread/INFO]: [CHAT] Xalgan : Hello PreGoldenuard
[21:59:56] [Client thread/INFO]: [CHAT] aa
[21:59:56] [Client thread/INFO]: [CHAT] Xalgan : Hello PreGoldenuard
[21:59:57] [Client thread/INFO]: [CHAT] aa
[21:59:57] [Client thread/INFO]: [CHAT] Xalgan : Hello PreGoldenuard
[22:00:00] [Client thread/INFO]: [CHAT] Xalgan : Hello PreGoldenuard
[22:00:01] [Client thread/INFO]: [CHAT] Xalgan : Hello PreGoldenuard
[22:00:02] [Client thread/INFO]: [CHAT] Xalgan : Hello PreGoldenuard
[22:00:02] [Client thread/INFO]: [CHAT] Xalgan : Hello PreGoldenuard
[22:00:02] [Client thread/INFO]: [CHAT] Xalgan : Hello PreGoldenuard
[22:00:03] [Client thread/INFO]: [CHAT] Xalgan : Hello PreGoldenuard
[22:00:03] [Client thread/INFO]: [CHAT] Xalgan : Hello PreGoldenuard
[22:00:39] [Client thread/INFO]: [CHAT] aaaa
[22:00:39] [Client thread/INFO]: [CHAT] Xalgan : Hello PreGoldenuard
[22:00:40] [Client thread/INFO]: [CHAT] aaaa
[22:00:40] [Client thread/INFO]: [CHAT] Xalgan : Hello PreGoldenuard
[22:00:42] [Client thread/INFO]: [CHAT] Xalgan : Hello PreGoldenuard
[22:00:42] [Client thread/INFO]: [CHAT] Xalgan : Hello PreGoldenuard
[22:00:42] [Client thread/INFO]: [CHAT] Xalgan : Hello PreGoldenuard
[22:00:42] [Client thread/INFO]: [CHAT] Xalgan : Hello PreGoldenuard
[22:00:42] [Client thread/INFO]: [CHAT] Xalgan : Hello PreGoldenuard
[22:00:43] [Client thread/INFO]: [CHAT] Xalgan : Hello PreGoldenuard
[22:00:43] [Client thread/INFO]: [CHAT] Xalgan : Hello PreGoldenuard
[22:00:44] [Client thread/INFO]: [CHAT] Xalgan : Hello PreGoldenuard
[22:00:46] [Server thread/INFO]: Saving and pausing game...
[22:00:46] [Server thread/INFO]: Saving chunks for level '一人之力开发地图'/Overworld
[22:00:47] [Server thread/INFO]: Saving chunks for level '一人之力开发地图'/Nether
[22:00:47] [Server thread/INFO]: Saving chunks for level '一人之力开发地图'/The End
[22:02:33] [Client thread/INFO]: Stopping!
[22:02:33] [Server thread/INFO]: Stopping server
[22:02:33] [Server thread/INFO]: Saving players
[22:02:33] [Server thread/INFO]: Saving worlds
[22:02:33] [Server thread/INFO]: Saving chunks for level '一人之力开发地图'/Overworld
[22:02:33] [Server thread/INFO]: Saving chunks for level '一人之力开发地图'/Nether
[22:02:33] [Server thread/INFO]: Saving chunks for level '一人之力开发地图'/The End
